Model : vgg19 - Learning Type: cifar100/bacp_finetune/movement_pruning/0.95
Configuration:
model_type: cv
model_name: vgg19
model_task: cifar100
num_classes: 100
criterion: CrossEntropyLoss()
embedding_dim: 4096
epochs: 50
pruning_epochs: 50
recovery_epochs: 10
batch_size: 512
learning_rate: 0.0001
learning_type: bacp_finetune
optimizer_type: adamw
prune: False
pruning_type: movement_pruning
target_sparsity: 0.95
sparsity_scheduler: linear
enable_mixed_precision: True
device: cuda
save_path: /dbfs/research/vgg19/cifar100/vgg19_cifar100_movement_pruning_0.95_bacp_finetune.pt
finetuned_weights: /dbfs/research/vgg19/cifar100/vgg19_cifar100_movement_pruning_0.95_bacp_pruning.pt

Epoch [1/50]: Avg Loss: 3.2261 | Avg Accuracy: 36.83 | Avg Perplexity: 0.000 |Model Sparsity: 0.95
Epoch [2/50]: Avg Loss: 2.4178 | Avg Accuracy: 40.18 | Avg Perplexity: 0.000 |Model Sparsity: 0.95
Epoch [3/50]: Avg Loss: 2.2316 | Avg Accuracy: 41.85 | Avg Perplexity: 0.000 |Model Sparsity: 0.95
Epoch [4/50]: Avg Loss: 2.1207 | Avg Accuracy: 44.28 | Avg Perplexity: 0.000 |Model Sparsity: 0.95
Epoch [5/50]: Avg Loss: 2.0321 | Avg Accuracy: 45.03 | Avg Perplexity: 0.000 |Model Sparsity: 0.95
Epoch [6/50]: Avg Loss: 1.9454 | Avg Accuracy: 46.16 | Avg Perplexity: 0.000 |Model Sparsity: 0.95
Epoch [7/50]: Avg Loss: 1.8842 | Avg Accuracy: 46.37 | Avg Perplexity: 0.000 |Model Sparsity: 0.95
Epoch [8/50]: Avg Loss: 1.8270 | Avg Accuracy: 47.49 | Avg Perplexity: 0.000 |Model Sparsity: 0.95
Epoch [9/50]: Avg Loss: 1.7716 | Avg Accuracy: 47.77 | Avg Perplexity: 0.000 |Model Sparsity: 0.95
Epoch [10/50]: Avg Loss: 1.7306 | Avg Accuracy: 49.07 | Avg Perplexity: 0.000 |Model Sparsity: 0.95
Epoch [11/50]: Avg Loss: 1.6783 | Avg Accuracy: 49.07 | Avg Perplexity: 0.000 |Model Sparsity: 0.95
Epoch [12/50]: Avg Loss: 1.6322 | Avg Accuracy: 50.00 | Avg Perplexity: 0.000 |Model Sparsity: 0.95
Epoch [13/50]: Avg Loss: 1.5956 | Avg Accuracy: 50.04 | Avg Perplexity: 0.000 |Model Sparsity: 0.95
Epoch [14/50]: Avg Loss: 1.5486 | Avg Accuracy: 50.29 | Avg Perplexity: 0.000 |Model Sparsity: 0.95
Epoch [15/50]: Avg Loss: 1.5169 | Avg Accuracy: 51.05 | Avg Perplexity: 0.000 |Model Sparsity: 0.95
Epoch [16/50]: Avg Loss: 1.4845 | Avg Accuracy: 51.98 | Avg Perplexity: 0.000 |Model Sparsity: 0.95
Epoch [17/50]: Avg Loss: 1.4517 | Avg Accuracy: 52.19 | Avg Perplexity: 0.000 |Model Sparsity: 0.95
Epoch [18/50]: Avg Loss: 1.4061 | Avg Accuracy: 52.43 | Avg Perplexity: 0.000 |Model Sparsity: 0.95
Epoch [19/50]: Avg Loss: 1.3862 | Avg Accuracy: 53.04 | Avg Perplexity: 0.000 |Model Sparsity: 0.95
Epoch [20/50]: Avg Loss: 1.3462 | Avg Accuracy: 52.08 | Avg Perplexity: 0.000 |Model Sparsity: 0.95
Epoch [21/50]: Avg Loss: 1.3149 | Avg Accuracy: 53.03 | Avg Perplexity: 0.000 |Model Sparsity: 0.95
Epoch [22/50]: Avg Loss: 1.2911 | Avg Accuracy: 53.61 | Avg Perplexity: 0.000 |Model Sparsity: 0.95
Epoch [23/50]: Avg Loss: 1.2551 | Avg Accuracy: 53.36 | Avg Perplexity: 0.000 |Model Sparsity: 0.95
Epoch [24/50]: Avg Loss: 1.2353 | Avg Accuracy: 53.64 | Avg Perplexity: 0.000 |Model Sparsity: 0.95
Epoch [25/50]: Avg Loss: 1.1945 | Avg Accuracy: 54.23 | Avg Perplexity: 0.000 |Model Sparsity: 0.95
Epoch [26/50]: Avg Loss: 1.1701 | Avg Accuracy: 54.16 | Avg Perplexity: 0.000 |Model Sparsity: 0.95
Epoch [27/50]: Avg Loss: 1.1385 | Avg Accuracy: 55.12 | Avg Perplexity: 0.000 |Model Sparsity: 0.95
Epoch [28/50]: Avg Loss: 1.1160 | Avg Accuracy: 55.04 | Avg Perplexity: 0.000 |Model Sparsity: 0.95
Epoch [29/50]: Avg Loss: 1.0854 | Avg Accuracy: 54.80 | Avg Perplexity: 0.000 |Model Sparsity: 0.95
Epoch [30/50]: Avg Loss: 1.0708 | Avg Accuracy: 55.04 | Avg Perplexity: 0.000 |Model Sparsity: 0.95
Epoch [31/50]: Avg Loss: 1.0326 | Avg Accuracy: 56.22 | Avg Perplexity: 0.000 |Model Sparsity: 0.95
Epoch [32/50]: Avg Loss: 1.0095 | Avg Accuracy: 56.01 | Avg Perplexity: 0.000 |Model Sparsity: 0.95
Epoch [33/50]: Avg Loss: 0.9886 | Avg Accuracy: 56.11 | Avg Perplexity: 0.000 |Model Sparsity: 0.95
Epoch [34/50]: Avg Loss: 0.9706 | Avg Accuracy: 55.75 | Avg Perplexity: 0.000 |Model Sparsity: 0.95
Epoch [35/50]: Avg Loss: 0.9439 | Avg Accuracy: 55.96 | Avg Perplexity: 0.000 |Model Sparsity: 0.95
Epoch [36/50]: Avg Loss: 0.9182 | Avg Accuracy: 56.31 | Avg Perplexity: 0.000 |Model Sparsity: 0.95
Epoch [37/50]: Avg Loss: 0.8929 | Avg Accuracy: 56.24 | Avg Perplexity: 0.000 |Model Sparsity: 0.95
Epoch [38/50]: Avg Loss: 0.8734 | Avg Accuracy: 56.33 | Avg Perplexity: 0.000 |Model Sparsity: 0.95
Epoch [39/50]: Avg Loss: 0.8505 | Avg Accuracy: 56.65 | Avg Perplexity: 0.000 |Model Sparsity: 0.95
Epoch [40/50]: Avg Loss: 0.8300 | Avg Accuracy: 56.58 | Avg Perplexity: 0.000 |Model Sparsity: 0.95
Epoch [41/50]: Avg Loss: 0.8068 | Avg Accuracy: 55.98 | Avg Perplexity: 0.000 |Model Sparsity: 0.95
Epoch [42/50]: Avg Loss: 0.7891 | Avg Accuracy: 56.52 | Avg Perplexity: 0.000 |Model Sparsity: 0.95
Epoch [43/50]: Avg Loss: 0.7617 | Avg Accuracy: 56.39 | Avg Perplexity: 0.000 |Model Sparsity: 0.95
Epoch [44/50]: Avg Loss: 0.7511 | Avg Accuracy: 56.11 | Avg Perplexity: 0.000 |Model Sparsity: 0.95
Epoch [45/50]: Avg Loss: 0.7324 | Avg Accuracy: 56.65 | Avg Perplexity: 0.000 |Model Sparsity: 0.95
Epoch [46/50]: Avg Loss: 0.7143 | Avg Accuracy: 57.13 | Avg Perplexity: 0.000 |Model Sparsity: 0.95
Epoch [47/50]: Avg Loss: 0.6907 | Avg Accuracy: 56.85 | Avg Perplexity: 0.000 |Model Sparsity: 0.95
Epoch [48/50]: Avg Loss: 0.6771 | Avg Accuracy: 56.99 | Avg Perplexity: 0.000 |Model Sparsity: 0.95
Epoch [49/50]: Avg Loss: 0.6584 | Avg Accuracy: 56.39 | Avg Perplexity: 0.000 |Model Sparsity: 0.95
Epoch [50/50]: Avg Loss: 0.6356 | Avg Accuracy: 56.72 | Avg Perplexity: 0.000 |Model Sparsity: 0.95
