Model : vit_tiny - Learning Type: cifar100/bacp_finetune/movement_pruning/0.97
Configuration:
model_type: cv
model_name: vit_tiny
model_task: cifar100
num_classes: 100
criterion: CrossEntropyLoss()
embedding_dim: 192
epochs: 50
pruning_epochs: 50
recovery_epochs: 10
batch_size: 256
learning_rate: 0.0001
learning_type: bacp_finetune
optimizer_type: adamw
prune: False
pruning_type: movement_pruning
target_sparsity: 0.97
sparsity_scheduler: linear
enable_mixed_precision: True
device: cuda
save_path: /dbfs/research/vit_tiny/cifar100/vit_tiny_cifar100_movement_pruning_0.97_bacp_finetune.pt
finetuned_weights: /dbfs/research/vit_tiny/cifar100/vit_tiny_cifar100_movement_pruning_0.97_bacp_pruning.pt

Epoch [1/50]: Avg Loss: 4.1494 | Avg Accuracy: 18.37 | Avg Perplexity: 0.000 |Model Sparsity: 0.97
Epoch [2/50]: Avg Loss: 2.8843 | Avg Accuracy: 33.28 | Avg Perplexity: 0.000 |Model Sparsity: 0.97
Epoch [3/50]: Avg Loss: 2.3783 | Avg Accuracy: 39.91 | Avg Perplexity: 0.000 |Model Sparsity: 0.97
Epoch [4/50]: Avg Loss: 2.1451 | Avg Accuracy: 43.74 | Avg Perplexity: 0.000 |Model Sparsity: 0.97
Epoch [5/50]: Avg Loss: 2.0008 | Avg Accuracy: 46.34 | Avg Perplexity: 0.000 |Model Sparsity: 0.97
Epoch [6/50]: Avg Loss: 1.8989 | Avg Accuracy: 47.60 | Avg Perplexity: 0.000 |Model Sparsity: 0.97
Epoch [7/50]: Avg Loss: 1.8244 | Avg Accuracy: 49.43 | Avg Perplexity: 0.000 |Model Sparsity: 0.97
Epoch [8/50]: Avg Loss: 1.7626 | Avg Accuracy: 50.20 | Avg Perplexity: 0.000 |Model Sparsity: 0.97
Epoch [9/50]: Avg Loss: 1.7118 | Avg Accuracy: 51.17 | Avg Perplexity: 0.000 |Model Sparsity: 0.97
Epoch [10/50]: Avg Loss: 1.6653 | Avg Accuracy: 51.78 | Avg Perplexity: 0.000 |Model Sparsity: 0.97
Epoch [11/50]: Avg Loss: 1.6275 | Avg Accuracy: 52.88 | Avg Perplexity: 0.000 |Model Sparsity: 0.97
Epoch [12/50]: Avg Loss: 1.5996 | Avg Accuracy: 53.38 | Avg Perplexity: 0.000 |Model Sparsity: 0.97
Epoch [13/50]: Avg Loss: 1.5681 | Avg Accuracy: 54.11 | Avg Perplexity: 0.000 |Model Sparsity: 0.97
Epoch [14/50]: Avg Loss: 1.5390 | Avg Accuracy: 54.11 | Avg Perplexity: 0.000 |Model Sparsity: 0.97
Epoch [15/50]: Avg Loss: 1.5158 | Avg Accuracy: 55.04 | Avg Perplexity: 0.000 |Model Sparsity: 0.97
Epoch [16/50]: Avg Loss: 1.4944 | Avg Accuracy: 55.41 | Avg Perplexity: 0.000 |Model Sparsity: 0.97
Epoch [17/50]: Avg Loss: 1.4712 | Avg Accuracy: 55.31 | Avg Perplexity: 0.000 |Model Sparsity: 0.97
Epoch [18/50]: Avg Loss: 1.4528 | Avg Accuracy: 55.86 | Avg Perplexity: 0.000 |Model Sparsity: 0.97
Epoch [19/50]: Avg Loss: 1.4309 | Avg Accuracy: 56.06 | Avg Perplexity: 0.000 |Model Sparsity: 0.97
Epoch [20/50]: Avg Loss: 1.4090 | Avg Accuracy: 55.95 | Avg Perplexity: 0.000 |Model Sparsity: 0.97
Epoch [21/50]: Avg Loss: 1.3968 | Avg Accuracy: 56.34 | Avg Perplexity: 0.000 |Model Sparsity: 0.97
Epoch [22/50]: Avg Loss: 1.3806 | Avg Accuracy: 56.91 | Avg Perplexity: 0.000 |Model Sparsity: 0.97
Epoch [23/50]: Avg Loss: 1.3664 | Avg Accuracy: 57.17 | Avg Perplexity: 0.000 |Model Sparsity: 0.97
Epoch [24/50]: Avg Loss: 1.3469 | Avg Accuracy: 57.84 | Avg Perplexity: 0.000 |Model Sparsity: 0.97
Epoch [25/50]: Avg Loss: 1.3335 | Avg Accuracy: 57.85 | Avg Perplexity: 0.000 |Model Sparsity: 0.97
Epoch [26/50]: Avg Loss: 1.3231 | Avg Accuracy: 57.62 | Avg Perplexity: 0.000 |Model Sparsity: 0.97
Epoch [27/50]: Avg Loss: 1.3090 | Avg Accuracy: 58.14 | Avg Perplexity: 0.000 |Model Sparsity: 0.97
Epoch [28/50]: Avg Loss: 1.2888 | Avg Accuracy: 58.65 | Avg Perplexity: 0.000 |Model Sparsity: 0.97
Epoch [29/50]: Avg Loss: 1.2804 | Avg Accuracy: 58.58 | Avg Perplexity: 0.000 |Model Sparsity: 0.97
Epoch [30/50]: Avg Loss: 1.2703 | Avg Accuracy: 59.01 | Avg Perplexity: 0.000 |Model Sparsity: 0.97
Epoch [31/50]: Avg Loss: 1.2597 | Avg Accuracy: 58.73 | Avg Perplexity: 0.000 |Model Sparsity: 0.97
Epoch [32/50]: Avg Loss: 1.2436 | Avg Accuracy: 58.73 | Avg Perplexity: 0.000 |Model Sparsity: 0.97
Epoch [33/50]: Avg Loss: 1.2342 | Avg Accuracy: 58.58 | Avg Perplexity: 0.000 |Model Sparsity: 0.97
Epoch [34/50]: Avg Loss: 1.2245 | Avg Accuracy: 59.32 | Avg Perplexity: 0.000 |Model Sparsity: 0.97
Epoch [35/50]: Avg Loss: 1.2156 | Avg Accuracy: 59.27 | Avg Perplexity: 0.000 |Model Sparsity: 0.97
Epoch [36/50]: Avg Loss: 1.2018 | Avg Accuracy: 59.62 | Avg Perplexity: 0.000 |Model Sparsity: 0.97
Epoch [37/50]: Avg Loss: 1.1928 | Avg Accuracy: 59.25 | Avg Perplexity: 0.000 |Model Sparsity: 0.97
Epoch [38/50]: Avg Loss: 1.1824 | Avg Accuracy: 60.20 | Avg Perplexity: 0.000 |Model Sparsity: 0.97
Epoch [39/50]: Avg Loss: 1.1749 | Avg Accuracy: 60.14 | Avg Perplexity: 0.000 |Model Sparsity: 0.97
Epoch [40/50]: Avg Loss: 1.1619 | Avg Accuracy: 60.34 | Avg Perplexity: 0.000 |Model Sparsity: 0.97
Epoch [41/50]: Avg Loss: 1.1544 | Avg Accuracy: 60.83 | Avg Perplexity: 0.000 |Model Sparsity: 0.97
Epoch [42/50]: Avg Loss: 1.1430 | Avg Accuracy: 59.89 | Avg Perplexity: 0.000 |Model Sparsity: 0.97
Epoch [43/50]: Avg Loss: 1.1370 | Avg Accuracy: 60.88 | Avg Perplexity: 0.000 |Model Sparsity: 0.97
Epoch [44/50]: Avg Loss: 1.1305 | Avg Accuracy: 60.49 | Avg Perplexity: 0.000 |Model Sparsity: 0.97
Epoch [45/50]: Avg Loss: 1.1193 | Avg Accuracy: 60.86 | Avg Perplexity: 0.000 |Model Sparsity: 0.97
Epoch [46/50]: Avg Loss: 1.1113 | Avg Accuracy: 60.55 | Avg Perplexity: 0.000 |Model Sparsity: 0.97
Epoch [47/50]: Avg Loss: 1.1041 | Avg Accuracy: 61.44 | Avg Perplexity: 0.000 |Model Sparsity: 0.97
Epoch [48/50]: Avg Loss: 1.0983 | Avg Accuracy: 60.64 | Avg Perplexity: 0.000 |Model Sparsity: 0.97
Epoch [49/50]: Avg Loss: 1.0871 | Avg Accuracy: 60.83 | Avg Perplexity: 0.000 |Model Sparsity: 0.97
Epoch [50/50]: Avg Loss: 1.0791 | Avg Accuracy: 61.17 | Avg Perplexity: 0.000 |Model Sparsity: 0.97
