Model : vit_tiny - Learning Type: cifar100/bacp_finetune/movement_pruning/0.97
Configuration:
model_type: cv
model_name: vit_tiny
model_task: cifar100
num_classes: 100
criterion: CrossEntropyLoss()
embedding_dim: 192
epochs: 50
pruning_epochs: 50
recovery_epochs: 10
batch_size: 256
learning_rate: 0.0001
learning_type: bacp_finetune
optimizer_type: adamw
prune: False
pruning_type: movement_pruning
target_sparsity: 0.97
sparsity_scheduler: linear
enable_mixed_precision: True
device: cuda
save_path: /dbfs/research/vit_tiny/cifar100/vit_tiny_cifar100_movement_pruning_0.97_bacp_finetune.pt
finetuned_weights: /dbfs/research/vit_tiny/cifar100/vit_tiny_cifar100_movement_pruning_0.97_bacp_pruning.pt

Epoch [1/50]: Avg Loss: 4.1986 | Avg Accuracy: 17.63 | Avg Perplexity: 0.000 |Model Sparsity: 0.97
Epoch [2/50]: Avg Loss: 3.0078 | Avg Accuracy: 30.68 | Avg Perplexity: 0.000 |Model Sparsity: 0.97
Epoch [3/50]: Avg Loss: 2.4791 | Avg Accuracy: 38.09 | Avg Perplexity: 0.000 |Model Sparsity: 0.97
Epoch [4/50]: Avg Loss: 2.2152 | Avg Accuracy: 42.46 | Avg Perplexity: 0.000 |Model Sparsity: 0.97
Epoch [5/50]: Avg Loss: 2.0636 | Avg Accuracy: 44.25 | Avg Perplexity: 0.000 |Model Sparsity: 0.97
Epoch [6/50]: Avg Loss: 1.9533 | Avg Accuracy: 46.52 | Avg Perplexity: 0.000 |Model Sparsity: 0.97
Epoch [7/50]: Avg Loss: 1.8707 | Avg Accuracy: 47.83 | Avg Perplexity: 0.000 |Model Sparsity: 0.97
Epoch [8/50]: Avg Loss: 1.8063 | Avg Accuracy: 49.03 | Avg Perplexity: 0.000 |Model Sparsity: 0.97
Epoch [9/50]: Avg Loss: 1.7557 | Avg Accuracy: 49.53 | Avg Perplexity: 0.000 |Model Sparsity: 0.97
Epoch [10/50]: Avg Loss: 1.7120 | Avg Accuracy: 50.63 | Avg Perplexity: 0.000 |Model Sparsity: 0.97
Epoch [11/50]: Avg Loss: 1.6750 | Avg Accuracy: 51.24 | Avg Perplexity: 0.000 |Model Sparsity: 0.97
Epoch [12/50]: Avg Loss: 1.6396 | Avg Accuracy: 51.56 | Avg Perplexity: 0.000 |Model Sparsity: 0.97
Epoch [13/50]: Avg Loss: 1.6078 | Avg Accuracy: 52.33 | Avg Perplexity: 0.000 |Model Sparsity: 0.97
Epoch [14/50]: Avg Loss: 1.5813 | Avg Accuracy: 52.94 | Avg Perplexity: 0.000 |Model Sparsity: 0.97
Epoch [15/50]: Avg Loss: 1.5573 | Avg Accuracy: 53.26 | Avg Perplexity: 0.000 |Model Sparsity: 0.97
Epoch [16/50]: Avg Loss: 1.5333 | Avg Accuracy: 53.64 | Avg Perplexity: 0.000 |Model Sparsity: 0.97
Epoch [17/50]: Avg Loss: 1.5129 | Avg Accuracy: 53.62 | Avg Perplexity: 0.000 |Model Sparsity: 0.97
Epoch [18/50]: Avg Loss: 1.4916 | Avg Accuracy: 54.03 | Avg Perplexity: 0.000 |Model Sparsity: 0.97
Epoch [19/50]: Avg Loss: 1.4737 | Avg Accuracy: 54.66 | Avg Perplexity: 0.000 |Model Sparsity: 0.97
Epoch [20/50]: Avg Loss: 1.4517 | Avg Accuracy: 55.28 | Avg Perplexity: 0.000 |Model Sparsity: 0.97
Epoch [21/50]: Avg Loss: 1.4388 | Avg Accuracy: 55.19 | Avg Perplexity: 0.000 |Model Sparsity: 0.97
Epoch [22/50]: Avg Loss: 1.4176 | Avg Accuracy: 55.55 | Avg Perplexity: 0.000 |Model Sparsity: 0.97
Epoch [23/50]: Avg Loss: 1.4061 | Avg Accuracy: 55.74 | Avg Perplexity: 0.000 |Model Sparsity: 0.97
Epoch [24/50]: Avg Loss: 1.3920 | Avg Accuracy: 56.67 | Avg Perplexity: 0.000 |Model Sparsity: 0.97
Epoch [25/50]: Avg Loss: 1.3779 | Avg Accuracy: 56.29 | Avg Perplexity: 0.000 |Model Sparsity: 0.97
Epoch [26/50]: Avg Loss: 1.3625 | Avg Accuracy: 56.28 | Avg Perplexity: 0.000 |Model Sparsity: 0.97
Epoch [27/50]: Avg Loss: 1.3526 | Avg Accuracy: 56.37 | Avg Perplexity: 0.000 |Model Sparsity: 0.97
Epoch [28/50]: Avg Loss: 1.3356 | Avg Accuracy: 56.79 | Avg Perplexity: 0.000 |Model Sparsity: 0.97
Epoch [29/50]: Avg Loss: 1.3237 | Avg Accuracy: 56.75 | Avg Perplexity: 0.000 |Model Sparsity: 0.97
Epoch [30/50]: Avg Loss: 1.3110 | Avg Accuracy: 56.88 | Avg Perplexity: 0.000 |Model Sparsity: 0.97
Epoch [31/50]: Avg Loss: 1.3050 | Avg Accuracy: 57.27 | Avg Perplexity: 0.000 |Model Sparsity: 0.97
Epoch [32/50]: Avg Loss: 1.2898 | Avg Accuracy: 57.30 | Avg Perplexity: 0.000 |Model Sparsity: 0.97
Epoch [33/50]: Avg Loss: 1.2784 | Avg Accuracy: 57.41 | Avg Perplexity: 0.000 |Model Sparsity: 0.97
Epoch [34/50]: Avg Loss: 1.2687 | Avg Accuracy: 57.97 | Avg Perplexity: 0.000 |Model Sparsity: 0.97
Epoch [35/50]: Avg Loss: 1.2554 | Avg Accuracy: 58.49 | Avg Perplexity: 0.000 |Model Sparsity: 0.97
Epoch [36/50]: Avg Loss: 1.2462 | Avg Accuracy: 58.03 | Avg Perplexity: 0.000 |Model Sparsity: 0.97
Epoch [37/50]: Avg Loss: 1.2358 | Avg Accuracy: 58.63 | Avg Perplexity: 0.000 |Model Sparsity: 0.97
Epoch [38/50]: Avg Loss: 1.2269 | Avg Accuracy: 58.12 | Avg Perplexity: 0.000 |Model Sparsity: 0.97
Epoch [39/50]: Avg Loss: 1.2187 | Avg Accuracy: 58.04 | Avg Perplexity: 0.000 |Model Sparsity: 0.97
Epoch [40/50]: Avg Loss: 1.2138 | Avg Accuracy: 58.73 | Avg Perplexity: 0.000 |Model Sparsity: 0.97
Epoch [41/50]: Avg Loss: 1.2032 | Avg Accuracy: 58.70 | Avg Perplexity: 0.000 |Model Sparsity: 0.97
Epoch [42/50]: Avg Loss: 1.1930 | Avg Accuracy: 59.02 | Avg Perplexity: 0.000 |Model Sparsity: 0.97
Epoch [43/50]: Avg Loss: 1.1850 | Avg Accuracy: 58.98 | Avg Perplexity: 0.000 |Model Sparsity: 0.97
Epoch [44/50]: Avg Loss: 1.1738 | Avg Accuracy: 59.00 | Avg Perplexity: 0.000 |Model Sparsity: 0.97
Epoch [45/50]: Avg Loss: 1.1663 | Avg Accuracy: 58.73 | Avg Perplexity: 0.000 |Model Sparsity: 0.97
Epoch [46/50]: Avg Loss: 1.1555 | Avg Accuracy: 59.48 | Avg Perplexity: 0.000 |Model Sparsity: 0.97
Epoch [47/50]: Avg Loss: 1.1547 | Avg Accuracy: 59.40 | Avg Perplexity: 0.000 |Model Sparsity: 0.97
Epoch [48/50]: Avg Loss: 1.1448 | Avg Accuracy: 59.02 | Avg Perplexity: 0.000 |Model Sparsity: 0.97
Epoch [49/50]: Avg Loss: 1.1366 | Avg Accuracy: 59.71 | Avg Perplexity: 0.000 |Model Sparsity: 0.97
Epoch [50/50]: Avg Loss: 1.1289 | Avg Accuracy: 59.35 | Avg Perplexity: 0.000 |Model Sparsity: 0.97
