Model : resnet101 - Learning Type: emnist/bacp_pruning/movement_pruning/0.95
Configuration:
model_name: resnet101
model_task: emnist
model_type: cv
num_classes: 47
batch_size: 512
learning_rate: 0.1
optimizer_type: sgd
epochs: 5
recovery_epochs: 10
patience: 20
pruning_type: movement_pruning
target_sparsity: 0.95
sparsity_scheduler: cubic
pruning_epochs: 5
n_views: 2
temperature: 0.15
base_temperature: 0.15
device: cuda
enable_mixed_precision: True
num_workers: 24
train_batches: 187
val_batches: 33
current_model_path: /dbfs/research/resnet101/emnist/resnet101_emnist_movement_pruning_0.95_bacp_pruning.pt

Epoch [1/5]: Avg Total Loss: 6.5830 | Avg PrC Loss: 3.4102 | Avg SnC Loss: 0.0000 | Avg FiC Loss: 2.9778 | Avg CE Loss: 0.1950 | Model Sparsity: 0.4636
Retraining Epoch [1/10]: Avg Total Loss: 7.7297 | Avg PrC Loss: 3.3693 | Avg SnC Loss: 1.9691 | Avg FiC Loss: 2.3052 | Avg CE Loss: 0.0860 | Model Sparsity: 0.4636
Retraining Epoch [2/10]: Avg Total Loss: 7.6780 | Avg PrC Loss: 3.3582 | Avg SnC Loss: 1.9607 | Avg FiC Loss: 2.2855 | Avg CE Loss: 0.0736 | Model Sparsity: 0.4636
Retraining Epoch [3/10]: Avg Total Loss: 7.6609 | Avg PrC Loss: 3.3536 | Avg SnC Loss: 1.9596 | Avg FiC Loss: 2.2783 | Avg CE Loss: 0.0695 | Model Sparsity: 0.4636
Retraining Epoch [4/10]: Avg Total Loss: 7.6565 | Avg PrC Loss: 3.3513 | Avg SnC Loss: 1.9610 | Avg FiC Loss: 2.2756 | Avg CE Loss: 0.0686 | Model Sparsity: 0.4636
Retraining Epoch [5/10]: Avg Total Loss: 7.6499 | Avg PrC Loss: 3.3497 | Avg SnC Loss: 1.9607 | Avg FiC Loss: 2.2722 | Avg CE Loss: 0.0673 | Model Sparsity: 0.4636
Retraining Epoch [6/10]: Avg Total Loss: 7.6482 | Avg PrC Loss: 3.3487 | Avg SnC Loss: 1.9614 | Avg FiC Loss: 2.2706 | Avg CE Loss: 0.0675 | Model Sparsity: 0.4636
Retraining Epoch [7/10]: Avg Total Loss: 7.6505 | Avg PrC Loss: 3.3485 | Avg SnC Loss: 1.9631 | Avg FiC Loss: 2.2704 | Avg CE Loss: 0.0685 | Model Sparsity: 0.4636
Retraining Epoch [8/10]: Avg Total Loss: 7.6529 | Avg PrC Loss: 3.3481 | Avg SnC Loss: 1.9638 | Avg FiC Loss: 2.2709 | Avg CE Loss: 0.0702 | Model Sparsity: 0.4636
Retraining Epoch [9/10]: Avg Total Loss: 7.6521 | Avg PrC Loss: 3.3476 | Avg SnC Loss: 1.9633 | Avg FiC Loss: 2.2704 | Avg CE Loss: 0.0707 | Model Sparsity: 0.4636
Retraining Epoch [10/10]: Avg Total Loss: 7.6518 | Avg PrC Loss: 3.3471 | Avg SnC Loss: 1.9638 | Avg FiC Loss: 2.2697 | Avg CE Loss: 0.0712 | Model Sparsity: 0.4636
Epoch [2/5]: Avg Total Loss: 7.6557 | Avg PrC Loss: 3.3468 | Avg SnC Loss: 1.9632 | Avg FiC Loss: 2.2706 | Avg CE Loss: 0.0751 | Model Sparsity: 0.7448
Retraining Epoch [1/10]: Avg Total Loss: 9.5278 | Avg PrC Loss: 3.3836 | Avg SnC Loss: 3.7918 | Avg FiC Loss: 2.2709 | Avg CE Loss: 0.0814 | Model Sparsity: 0.7448
Retraining Epoch [2/10]: Avg Total Loss: 9.5095 | Avg PrC Loss: 3.3814 | Avg SnC Loss: 3.7819 | Avg FiC Loss: 2.2671 | Avg CE Loss: 0.0790 | Model Sparsity: 0.7448
Retraining Epoch [3/10]: Avg Total Loss: 9.4988 | Avg PrC Loss: 3.3803 | Avg SnC Loss: 3.7777 | Avg FiC Loss: 2.2638 | Avg CE Loss: 0.0770 | Model Sparsity: 0.7448
Retraining Epoch [4/10]: Avg Total Loss: 9.4983 | Avg PrC Loss: 3.3796 | Avg SnC Loss: 3.7780 | Avg FiC Loss: 2.2638 | Avg CE Loss: 0.0769 | Model Sparsity: 0.7448
Retraining Epoch [5/10]: Avg Total Loss: 9.4881 | Avg PrC Loss: 3.3792 | Avg SnC Loss: 3.7734 | Avg FiC Loss: 2.2607 | Avg CE Loss: 0.0748 | Model Sparsity: 0.7448
