Model : resnet50 - Learning Type: cifar10/bacp_finetune/magnitude_pruning/0.95
Configuration:
model_type: cv
model_name: resnet50
model_task: cifar10
num_classes: 10
criterion: CrossEntropyLoss()
embedding_dim: 2048
epochs: 50
pruning_epochs: 50
recovery_epochs: 10
batch_size: 512
learning_rate: 0.0001
learning_type: bacp_finetune
optimizer_type: adamw
prune: False
pruning_type: magnitude_pruning
target_sparsity: 0.95
sparsity_scheduler: linear
enable_mixed_precision: True
device: cuda
save_path: /dbfs/research/resnet50/cifar10/resnet50_cifar10_magnitude_pruning_0.95_bacp_finetune.pt
finetuned_weights: /dbfs/research/resnet50/cifar10/resnet50_cifar10_magnitude_pruning_0.95_bacp_pruning.pt

Epoch [1/50]: Avg Loss: 0.9939 | Avg Accuracy: 91.81 | Avg Perplexity: 0.000 |Model Sparsity: 0.95
Epoch [2/50]: Avg Loss: 0.2903 | Avg Accuracy: 92.54 | Avg Perplexity: 0.000 |Model Sparsity: 0.95
Epoch [3/50]: Avg Loss: 0.2226 | Avg Accuracy: 93.28 | Avg Perplexity: 0.000 |Model Sparsity: 0.95
Epoch [4/50]: Avg Loss: 0.1959 | Avg Accuracy: 93.40 | Avg Perplexity: 0.000 |Model Sparsity: 0.95
Epoch [5/50]: Avg Loss: 0.1748 | Avg Accuracy: 93.43 | Avg Perplexity: 0.000 |Model Sparsity: 0.95
Epoch [6/50]: Avg Loss: 0.1658 | Avg Accuracy: 93.90 | Avg Perplexity: 0.000 |Model Sparsity: 0.95
Epoch [7/50]: Avg Loss: 0.1569 | Avg Accuracy: 93.79 | Avg Perplexity: 0.000 |Model Sparsity: 0.95
Epoch [8/50]: Avg Loss: 0.1434 | Avg Accuracy: 93.81 | Avg Perplexity: 0.000 |Model Sparsity: 0.95
Epoch [9/50]: Avg Loss: 0.1361 | Avg Accuracy: 94.55 | Avg Perplexity: 0.000 |Model Sparsity: 0.95
Epoch [10/50]: Avg Loss: 0.1293 | Avg Accuracy: 94.03 | Avg Perplexity: 0.000 |Model Sparsity: 0.95
Epoch [11/50]: Avg Loss: 0.1220 | Avg Accuracy: 94.43 | Avg Perplexity: 0.000 |Model Sparsity: 0.95
Epoch [12/50]: Avg Loss: 0.1134 | Avg Accuracy: 94.24 | Avg Perplexity: 0.000 |Model Sparsity: 0.95
Epoch [13/50]: Avg Loss: 0.1084 | Avg Accuracy: 94.21 | Avg Perplexity: 0.000 |Model Sparsity: 0.95
Epoch [14/50]: Avg Loss: 0.1063 | Avg Accuracy: 94.25 | Avg Perplexity: 0.000 |Model Sparsity: 0.95
Epoch [15/50]: Avg Loss: 0.0986 | Avg Accuracy: 94.46 | Avg Perplexity: 0.000 |Model Sparsity: 0.95
Epoch [16/50]: Avg Loss: 0.0950 | Avg Accuracy: 94.06 | Avg Perplexity: 0.000 |Model Sparsity: 0.95
Epoch [17/50]: Avg Loss: 0.0895 | Avg Accuracy: 94.55 | Avg Perplexity: 0.000 |Model Sparsity: 0.95
Epoch [18/50]: Avg Loss: 0.0860 | Avg Accuracy: 94.41 | Avg Perplexity: 0.000 |Model Sparsity: 0.95
Epoch [19/50]: Avg Loss: 0.0788 | Avg Accuracy: 94.50 | Avg Perplexity: 0.000 |Model Sparsity: 0.95
Epoch [20/50]: Avg Loss: 0.0753 | Avg Accuracy: 94.49 | Avg Perplexity: 0.000 |Model Sparsity: 0.95
Epoch [21/50]: Avg Loss: 0.0712 | Avg Accuracy: 94.50 | Avg Perplexity: 0.000 |Model Sparsity: 0.95
Epoch [22/50]: Avg Loss: 0.0703 | Avg Accuracy: 94.74 | Avg Perplexity: 0.000 |Model Sparsity: 0.95
Epoch [23/50]: Avg Loss: 0.0675 | Avg Accuracy: 94.66 | Avg Perplexity: 0.000 |Model Sparsity: 0.95
Epoch [24/50]: Avg Loss: 0.0643 | Avg Accuracy: 94.88 | Avg Perplexity: 0.000 |Model Sparsity: 0.95
Epoch [25/50]: Avg Loss: 0.0638 | Avg Accuracy: 94.92 | Avg Perplexity: 0.000 |Model Sparsity: 0.95
Epoch [26/50]: Avg Loss: 0.0570 | Avg Accuracy: 94.55 | Avg Perplexity: 0.000 |Model Sparsity: 0.95
Epoch [27/50]: Avg Loss: 0.0560 | Avg Accuracy: 94.39 | Avg Perplexity: 0.000 |Model Sparsity: 0.95
Epoch [28/50]: Avg Loss: 0.0527 | Avg Accuracy: 94.66 | Avg Perplexity: 0.000 |Model Sparsity: 0.95
Epoch [29/50]: Avg Loss: 0.0527 | Avg Accuracy: 94.70 | Avg Perplexity: 0.000 |Model Sparsity: 0.95
Epoch [30/50]: Avg Loss: 0.0485 | Avg Accuracy: 95.01 | Avg Perplexity: 0.000 |Model Sparsity: 0.95
Epoch [31/50]: Avg Loss: 0.0470 | Avg Accuracy: 94.63 | Avg Perplexity: 0.000 |Model Sparsity: 0.95
Epoch [32/50]: Avg Loss: 0.0464 | Avg Accuracy: 94.55 | Avg Perplexity: 0.000 |Model Sparsity: 0.95
Epoch [33/50]: Avg Loss: 0.0416 | Avg Accuracy: 94.68 | Avg Perplexity: 0.000 |Model Sparsity: 0.95
Epoch [34/50]: Avg Loss: 0.0400 | Avg Accuracy: 94.75 | Avg Perplexity: 0.000 |Model Sparsity: 0.95
Epoch [35/50]: Avg Loss: 0.0384 | Avg Accuracy: 94.42 | Avg Perplexity: 0.000 |Model Sparsity: 0.95
Epoch [36/50]: Avg Loss: 0.0376 | Avg Accuracy: 94.60 | Avg Perplexity: 0.000 |Model Sparsity: 0.95
Epoch [37/50]: Avg Loss: 0.0354 | Avg Accuracy: 94.96 | Avg Perplexity: 0.000 |Model Sparsity: 0.95
Epoch [38/50]: Avg Loss: 0.0380 | Avg Accuracy: 94.67 | Avg Perplexity: 0.000 |Model Sparsity: 0.95
Epoch [39/50]: Avg Loss: 0.0335 | Avg Accuracy: 94.96 | Avg Perplexity: 0.000 |Model Sparsity: 0.95
Epoch [40/50]: Avg Loss: 0.0313 | Avg Accuracy: 95.06 | Avg Perplexity: 0.000 |Model Sparsity: 0.95
Epoch [41/50]: Avg Loss: 0.0294 | Avg Accuracy: 94.60 | Avg Perplexity: 0.000 |Model Sparsity: 0.95
Epoch [42/50]: Avg Loss: 0.0322 | Avg Accuracy: 94.32 | Avg Perplexity: 0.000 |Model Sparsity: 0.95
Epoch [43/50]: Avg Loss: 0.0299 | Avg Accuracy: 94.38 | Avg Perplexity: 0.000 |Model Sparsity: 0.95
Epoch [44/50]: Avg Loss: 0.0279 | Avg Accuracy: 94.94 | Avg Perplexity: 0.000 |Model Sparsity: 0.95
Epoch [45/50]: Avg Loss: 0.0274 | Avg Accuracy: 94.45 | Avg Perplexity: 0.000 |Model Sparsity: 0.95
Epoch [46/50]: Avg Loss: 0.0249 | Avg Accuracy: 94.55 | Avg Perplexity: 0.000 |Model Sparsity: 0.95
Epoch [47/50]: Avg Loss: 0.0264 | Avg Accuracy: 94.59 | Avg Perplexity: 0.000 |Model Sparsity: 0.95
Epoch [48/50]: Avg Loss: 0.0259 | Avg Accuracy: 94.39 | Avg Perplexity: 0.000 |Model Sparsity: 0.95
Epoch [49/50]: Avg Loss: 0.0225 | Avg Accuracy: 94.57 | Avg Perplexity: 0.000 |Model Sparsity: 0.95
Epoch [50/50]: Avg Loss: 0.0236 | Avg Accuracy: 94.74 | Avg Perplexity: 0.000 |Model Sparsity: 0.95
