Model : distilbert-base-uncased - Learning Type: 
Configuration:
model_name: distilbert-base-uncased
model_task: sst2
num_classes: 2
embedding_dim: 768
batch_size: 64
learning_rate: 2e-05
learning_type: 
epochs: 3
optimizer: AdamW (
Parameter Group 0
    amsgrad: False
    betas: (0.9, 0.999)
    capturable: False
    differentiable: False
    eps: 1e-08
    foreach: None
    fused: None
    lr: 2e-05
    maximize: False
    weight_decay: 0.01
)
enable_mixed_precision: True
prune: False
pruning_type: None
pruning_scheduler: linear
target_sparsity: 0.95
pruning_epochs: 3
recovery_epochs: 5
delta_t: 500
finetune: True
save_path: /dbfs/research/distilbert-base-uncased/sst2/distilbert-base-uncased_.pt
initial_sparsity: 0.5954144560260537
device: cuda

