Model : vgg11 - Learning Type: cifar10/bacp_LRS_adamw_0.005/magnitude_pruning/0.95
Configuration:
model_name: vgg11
model_task: cifar10
model_type: cv
num_classes: 10
batch_size: 512
learning_rate: 0.005
optimizer_type: adamw
epochs: 1
recovery_epochs: 10
patience: 1
pruning_type: magnitude_pruning
target_sparsity: 0.95
sparsity_scheduler: cubic
pruning_epochs: 1
n_views: 2
temperature: 20
base_temperature: 20
device: cuda
enable_mixed_precision: True
num_workers: 24
train_batches: 83
val_batches: 14
current_model_path: /dbfs/research/vgg11/cifar10/vgg11_cifar10_magnitude_pruning_0.95_bacp_LRS_adamw_0.005.pt

Epoch [1/1]: Avg Total Loss: 8.6170 | Avg PrC Loss: 3.4665 | Avg SnC Loss: 0.0000 | Avg FiC Loss: 3.4655 | Avg CE Loss: 1.6850 | Model Sparsity: 0.95
Retraining Epoch [1/10]: Avg Total Loss: 10.9038 | Avg PrC Loss: 3.4641 | Avg SnC Loss: 3.4589 | Avg FiC Loss: 3.4631 | Avg CE Loss: 0.5178 | Model Sparsity: 0.95
Retraining Epoch [2/10]: Avg Total Loss: 10.8476 | Avg PrC Loss: 3.4636 | Avg SnC Loss: 3.4598 | Avg FiC Loss: 3.4619 | Avg CE Loss: 0.4624 | Model Sparsity: 0.95
Retraining Epoch [3/10]: Avg Total Loss: 10.8159 | Avg PrC Loss: 3.4633 | Avg SnC Loss: 3.4603 | Avg FiC Loss: 3.4614 | Avg CE Loss: 0.4310 | Model Sparsity: 0.95
Retraining Epoch [4/10]: Avg Total Loss: 10.7580 | Avg PrC Loss: 3.4629 | Avg SnC Loss: 3.4604 | Avg FiC Loss: 3.4605 | Avg CE Loss: 0.3742 | Model Sparsity: 0.95
Retraining Epoch [5/10]: Avg Total Loss: 10.7224 | Avg PrC Loss: 3.4628 | Avg SnC Loss: 3.4605 | Avg FiC Loss: 3.4599 | Avg CE Loss: 0.3393 | Model Sparsity: 0.95
Retraining Epoch [6/10]: Avg Total Loss: 10.6894 | Avg PrC Loss: 3.4625 | Avg SnC Loss: 3.4604 | Avg FiC Loss: 3.4593 | Avg CE Loss: 0.3071 | Model Sparsity: 0.95
Retraining Epoch [7/10]: Avg Total Loss: 10.6760 | Avg PrC Loss: 3.4625 | Avg SnC Loss: 3.4605 | Avg FiC Loss: 3.4591 | Avg CE Loss: 0.2938 | Model Sparsity: 0.95
Retraining Epoch [8/10]: Avg Total Loss: 10.6673 | Avg PrC Loss: 3.4625 | Avg SnC Loss: 3.4605 | Avg FiC Loss: 3.4590 | Avg CE Loss: 0.2854 | Model Sparsity: 0.95
Retraining Epoch [9/10]: Avg Total Loss: 10.6498 | Avg PrC Loss: 3.4624 | Avg SnC Loss: 3.4605 | Avg FiC Loss: 3.4587 | Avg CE Loss: 0.2681 | Model Sparsity: 0.95
Retraining Epoch [10/10]: Avg Total Loss: 10.6411 | Avg PrC Loss: 3.4624 | Avg SnC Loss: 3.4604 | Avg FiC Loss: 3.4587 | Avg CE Loss: 0.2597 | Model Sparsity: 0.95
