Model : vgg11 - Learning Type: cifar10/bacp_LRS_sgd_0.01_finetune/magnitude_pruning/0.95
Configuration:
model_type: cv
model_name: vgg11
model_task: cifar10
num_classes: 10
criterion: CrossEntropyLoss()
embedding_dim: 4096
epochs: 10
pruning_epochs: 10
recovery_epochs: 10
batch_size: 512
learning_rate: 0.0001
learning_type: bacp_LRS_sgd_0.01_finetune
optimizer_type: adamw
prune: False
pruning_type: magnitude_pruning
target_sparsity: 0.95
sparsity_scheduler: linear
enable_mixed_precision: True
device: cuda
save_path: /dbfs/research/vgg11/cifar10/vgg11_cifar10_magnitude_pruning_0.95_bacp_LRS_sgd_0.01_finetune.pt
finetuned_weights: /dbfs/research/vgg11/cifar10/vgg11_cifar10_magnitude_pruning_0.95_bacp_LRS_sgd_0.01.pt

Epoch [1/10]: Avg Loss: 1.0834 | Avg Accuracy: 69.77 | Model Sparsity: 0.95
Epoch [2/10]: Avg Loss: 0.8854 | Avg Accuracy: 72.50 | Model Sparsity: 0.95
Epoch [3/10]: Avg Loss: 0.8239 | Avg Accuracy: 73.24 | Model Sparsity: 0.95
Epoch [4/10]: Avg Loss: 0.7818 | Avg Accuracy: 74.26 | Model Sparsity: 0.95
Epoch [5/10]: Avg Loss: 0.7515 | Avg Accuracy: 74.62 | Model Sparsity: 0.95
Epoch [6/10]: Avg Loss: 0.7246 | Avg Accuracy: 75.32 | Model Sparsity: 0.95
Epoch [7/10]: Avg Loss: 0.7036 | Avg Accuracy: 76.79 | Model Sparsity: 0.95
Epoch [8/10]: Avg Loss: 0.6710 | Avg Accuracy: 76.83 | Model Sparsity: 0.95
Epoch [9/10]: Avg Loss: 0.6536 | Avg Accuracy: 77.54 | Model Sparsity: 0.95
Epoch [10/10]: Avg Loss: 0.6389 | Avg Accuracy: 77.62 | Model Sparsity: 0.95
