Model : vgg11 - Learning Type: cifar10/bacp_pruning/movement_pruning/0.97
Configuration:
model_name: vgg11
model_task: cifar10
model_type: cv
num_classes: 10
batch_size: 512
learning_rate: 0.1
optimizer_type: sgd
epochs: 5
recovery_epochs: 10
patience: 20
pruning_type: movement_pruning
target_sparsity: 0.97
sparsity_scheduler: cubic
pruning_epochs: 5
n_views: 2
temperature: 0.07
base_temperature: 0.07
device: cuda
enable_mixed_precision: True
num_workers: 24
train_batches: 83
val_batches: 14
current_model_path: /dbfs/research/vgg11/cifar10/vgg11_cifar10_movement_pruning_0.97_bacp_pruning.pt

Epoch [1/5]: Avg Total Loss: 6.2851 | Avg PrC Loss: 2.8640 | Avg SnC Loss: 0.0000 | Avg FiC Loss: 3.0202 | Avg CE Loss: 0.4009 | Model Sparsity: 0.4734
Retraining Epoch [1/10]: Avg Total Loss: 7.9552 | Avg PrC Loss: 2.8092 | Avg SnC Loss: 2.1365 | Avg FiC Loss: 2.7730 | Avg CE Loss: 0.2365 | Model Sparsity: 0.4734
Retraining Epoch [2/10]: Avg Total Loss: 7.8157 | Avg PrC Loss: 2.7870 | Avg SnC Loss: 2.1185 | Avg FiC Loss: 2.7088 | Avg CE Loss: 0.2014 | Model Sparsity: 0.4734
Retraining Epoch [3/10]: Avg Total Loss: 7.7393 | Avg PrC Loss: 2.7768 | Avg SnC Loss: 2.1116 | Avg FiC Loss: 2.6722 | Avg CE Loss: 0.1787 | Model Sparsity: 0.4734
Retraining Epoch [4/10]: Avg Total Loss: 7.6881 | Avg PrC Loss: 2.7670 | Avg SnC Loss: 2.1072 | Avg FiC Loss: 2.6487 | Avg CE Loss: 0.1653 | Model Sparsity: 0.4734
Retraining Epoch [5/10]: Avg Total Loss: 7.6677 | Avg PrC Loss: 2.7643 | Avg SnC Loss: 2.1112 | Avg FiC Loss: 2.6348 | Avg CE Loss: 0.1574 | Model Sparsity: 0.4734
Retraining Epoch [6/10]: Avg Total Loss: 7.6212 | Avg PrC Loss: 2.7546 | Avg SnC Loss: 2.1038 | Avg FiC Loss: 2.6165 | Avg CE Loss: 0.1463 | Model Sparsity: 0.4734
Retraining Epoch [7/10]: Avg Total Loss: 7.5889 | Avg PrC Loss: 2.7422 | Avg SnC Loss: 2.1001 | Avg FiC Loss: 2.6052 | Avg CE Loss: 0.1415 | Model Sparsity: 0.4734
Retraining Epoch [8/10]: Avg Total Loss: 7.5763 | Avg PrC Loss: 2.7389 | Avg SnC Loss: 2.1017 | Avg FiC Loss: 2.5992 | Avg CE Loss: 0.1364 | Model Sparsity: 0.4734
