Model : vit_tiny - Learning Type: cifar10/baseline
Configuration:
model_type: cv
model_name: vit_tiny
model_task: cifar10
num_classes: 10
criterion: CrossEntropyLoss()
embedding_dim: 576
epochs: 3
pruning_epochs: 3
recovery_epochs: 10
batch_size: 512
learning_rate: 0.0001
learning_type: baseline
scheduler_type: linear_with_warmup
optimizer_type: adamw
total_steps: 249
warmup_steps: 24
prune: False
target_sparsity: 0.0
sparsity_scheduler: linear
enable_mixed_precision: True
device: cuda
save_path: /dbfs/research/vit_tiny/cifar10/vit_tiny_cifar10_baseline.pt

Epoch [1/3]: Avg Loss: 1.6811 | Avg Accuracy: 87.30 | Model Sparsity: 0.0
Epoch [2/3]: Avg Loss: 0.5499 | Avg Accuracy: 94.57 | Model Sparsity: 0.0
Epoch [3/3]: Avg Loss: 0.3196 | Avg Accuracy: 95.42 | Model Sparsity: 0.0
