Model : vit_tiny - Learning Type: cifar10/baseline
Configuration:
model_type: cv
model_name: vit_tiny
model_task: cifar10
num_classes: 10
criterion: CrossEntropyLoss()
embedding_dim: 192
epochs: 5
pruning_epochs: 5
recovery_epochs: 10
batch_size: 256
learning_rate: 0.0001
learning_type: baseline
scheduler_type: linear_with_warmup
optimizer_type: sgd
total_steps: 830
warmup_steps: 83
prune: False
target_sparsity: 0.0
sparsity_scheduler: linear
enable_mixed_precision: True
device: cuda
save_path: /dbfs/research/vit_tiny/cifar10/vit_tiny_cifar10_baseline.pt

Epoch [1/5]: Avg Loss: 1.8338 | Avg Accuracy: 73.14 | Model Sparsity: 0.0
Epoch [2/5]: Avg Loss: 0.5229 | Avg Accuracy: 86.37 | Model Sparsity: 0.0
Epoch [3/5]: Avg Loss: 0.3410 | Avg Accuracy: 89.88 | Model Sparsity: 0.0
Epoch [4/5]: Avg Loss: 0.2867 | Avg Accuracy: 90.30 | Model Sparsity: 0.0
Epoch [5/5]: Avg Loss: 0.2684 | Avg Accuracy: 90.83 | Model Sparsity: 0.0
