Model : vgg19 - Learning Type: cifar100/bacp_finetune/movement_pruning/0.99
Configuration:
model_type: cv
model_name: vgg19
model_task: cifar100
num_classes: 100
criterion: CrossEntropyLoss()
embedding_dim: 4096
epochs: 50
pruning_epochs: 50
recovery_epochs: 10
batch_size: 512
learning_rate: 0.0001
learning_type: bacp_finetune
optimizer_type: adamw
prune: False
pruning_type: movement_pruning
target_sparsity: 0.99
sparsity_scheduler: linear
enable_mixed_precision: True
device: cuda
save_path: /dbfs/research/vgg19/cifar100/vgg19_cifar100_movement_pruning_0.99_bacp_finetune.pt
finetuned_weights: /dbfs/research/vgg19/cifar100/vgg19_cifar100_movement_pruning_0.99_bacp_pruning.pt

Epoch [1/50]: Avg Loss: 3.7936 | Avg Accuracy: 21.07 | Avg Perplexity: 0.000 |Model Sparsity: 0.99
Epoch [2/50]: Avg Loss: 3.1620 | Avg Accuracy: 24.18 | Avg Perplexity: 0.000 |Model Sparsity: 0.99
Epoch [3/50]: Avg Loss: 3.0159 | Avg Accuracy: 25.57 | Avg Perplexity: 0.000 |Model Sparsity: 0.99
Epoch [4/50]: Avg Loss: 2.9211 | Avg Accuracy: 26.58 | Avg Perplexity: 0.000 |Model Sparsity: 0.99
Epoch [5/50]: Avg Loss: 2.8419 | Avg Accuracy: 27.93 | Avg Perplexity: 0.000 |Model Sparsity: 0.99
Epoch [6/50]: Avg Loss: 2.7758 | Avg Accuracy: 29.42 | Avg Perplexity: 0.000 |Model Sparsity: 0.99
Epoch [7/50]: Avg Loss: 2.7210 | Avg Accuracy: 30.34 | Avg Perplexity: 0.000 |Model Sparsity: 0.99
Epoch [8/50]: Avg Loss: 2.6643 | Avg Accuracy: 30.55 | Avg Perplexity: 0.000 |Model Sparsity: 0.99
Epoch [9/50]: Avg Loss: 2.6219 | Avg Accuracy: 31.24 | Avg Perplexity: 0.000 |Model Sparsity: 0.99
Epoch [10/50]: Avg Loss: 2.5744 | Avg Accuracy: 32.28 | Avg Perplexity: 0.000 |Model Sparsity: 0.99
Epoch [11/50]: Avg Loss: 2.5227 | Avg Accuracy: 33.11 | Avg Perplexity: 0.000 |Model Sparsity: 0.99
Epoch [12/50]: Avg Loss: 2.4849 | Avg Accuracy: 32.97 | Avg Perplexity: 0.000 |Model Sparsity: 0.99
Epoch [13/50]: Avg Loss: 2.4503 | Avg Accuracy: 33.73 | Avg Perplexity: 0.000 |Model Sparsity: 0.99
Epoch [14/50]: Avg Loss: 2.4124 | Avg Accuracy: 34.91 | Avg Perplexity: 0.000 |Model Sparsity: 0.99
Epoch [15/50]: Avg Loss: 2.3822 | Avg Accuracy: 35.74 | Avg Perplexity: 0.000 |Model Sparsity: 0.99
Epoch [16/50]: Avg Loss: 2.3491 | Avg Accuracy: 36.04 | Avg Perplexity: 0.000 |Model Sparsity: 0.99
Epoch [17/50]: Avg Loss: 2.3099 | Avg Accuracy: 36.50 | Avg Perplexity: 0.000 |Model Sparsity: 0.99
Epoch [18/50]: Avg Loss: 2.2887 | Avg Accuracy: 37.19 | Avg Perplexity: 0.000 |Model Sparsity: 0.99
Epoch [19/50]: Avg Loss: 2.2609 | Avg Accuracy: 37.15 | Avg Perplexity: 0.000 |Model Sparsity: 0.99
Epoch [20/50]: Avg Loss: 2.2351 | Avg Accuracy: 38.00 | Avg Perplexity: 0.000 |Model Sparsity: 0.99
Epoch [21/50]: Avg Loss: 2.2100 | Avg Accuracy: 38.06 | Avg Perplexity: 0.000 |Model Sparsity: 0.99
Epoch [22/50]: Avg Loss: 2.1903 | Avg Accuracy: 38.09 | Avg Perplexity: 0.000 |Model Sparsity: 0.99
Epoch [23/50]: Avg Loss: 2.1557 | Avg Accuracy: 38.57 | Avg Perplexity: 0.000 |Model Sparsity: 0.99
Epoch [24/50]: Avg Loss: 2.1344 | Avg Accuracy: 38.85 | Avg Perplexity: 0.000 |Model Sparsity: 0.99
Epoch [25/50]: Avg Loss: 2.1155 | Avg Accuracy: 39.89 | Avg Perplexity: 0.000 |Model Sparsity: 0.99
Epoch [26/50]: Avg Loss: 2.0907 | Avg Accuracy: 39.47 | Avg Perplexity: 0.000 |Model Sparsity: 0.99
Epoch [27/50]: Avg Loss: 2.0719 | Avg Accuracy: 40.14 | Avg Perplexity: 0.000 |Model Sparsity: 0.99
Epoch [28/50]: Avg Loss: 2.0510 | Avg Accuracy: 40.19 | Avg Perplexity: 0.000 |Model Sparsity: 0.99
Epoch [29/50]: Avg Loss: 2.0313 | Avg Accuracy: 41.14 | Avg Perplexity: 0.000 |Model Sparsity: 0.99
Epoch [30/50]: Avg Loss: 2.0082 | Avg Accuracy: 41.34 | Avg Perplexity: 0.000 |Model Sparsity: 0.99
Epoch [31/50]: Avg Loss: 1.9870 | Avg Accuracy: 41.39 | Avg Perplexity: 0.000 |Model Sparsity: 0.99
Epoch [32/50]: Avg Loss: 1.9700 | Avg Accuracy: 41.56 | Avg Perplexity: 0.000 |Model Sparsity: 0.99
Epoch [33/50]: Avg Loss: 1.9546 | Avg Accuracy: 41.52 | Avg Perplexity: 0.000 |Model Sparsity: 0.99
Epoch [34/50]: Avg Loss: 1.9368 | Avg Accuracy: 41.85 | Avg Perplexity: 0.000 |Model Sparsity: 0.99
Epoch [35/50]: Avg Loss: 1.9144 | Avg Accuracy: 42.13 | Avg Perplexity: 0.000 |Model Sparsity: 0.99
Epoch [36/50]: Avg Loss: 1.9001 | Avg Accuracy: 42.61 | Avg Perplexity: 0.000 |Model Sparsity: 0.99
Epoch [37/50]: Avg Loss: 1.8891 | Avg Accuracy: 42.37 | Avg Perplexity: 0.000 |Model Sparsity: 0.99
Epoch [38/50]: Avg Loss: 1.8700 | Avg Accuracy: 43.28 | Avg Perplexity: 0.000 |Model Sparsity: 0.99
Epoch [39/50]: Avg Loss: 1.8533 | Avg Accuracy: 43.33 | Avg Perplexity: 0.000 |Model Sparsity: 0.99
Epoch [40/50]: Avg Loss: 1.8329 | Avg Accuracy: 43.39 | Avg Perplexity: 0.000 |Model Sparsity: 0.99
Epoch [41/50]: Avg Loss: 1.8113 | Avg Accuracy: 43.47 | Avg Perplexity: 0.000 |Model Sparsity: 0.99
Epoch [42/50]: Avg Loss: 1.7999 | Avg Accuracy: 44.07 | Avg Perplexity: 0.000 |Model Sparsity: 0.99
Epoch [43/50]: Avg Loss: 1.7847 | Avg Accuracy: 43.61 | Avg Perplexity: 0.000 |Model Sparsity: 0.99
Epoch [44/50]: Avg Loss: 1.7710 | Avg Accuracy: 43.55 | Avg Perplexity: 0.000 |Model Sparsity: 0.99
Epoch [45/50]: Avg Loss: 1.7588 | Avg Accuracy: 44.35 | Avg Perplexity: 0.000 |Model Sparsity: 0.99
Epoch [46/50]: Avg Loss: 1.7461 | Avg Accuracy: 44.20 | Avg Perplexity: 0.000 |Model Sparsity: 0.99
Epoch [47/50]: Avg Loss: 1.7295 | Avg Accuracy: 43.68 | Avg Perplexity: 0.000 |Model Sparsity: 0.99
Epoch [48/50]: Avg Loss: 1.7090 | Avg Accuracy: 44.52 | Avg Perplexity: 0.000 |Model Sparsity: 0.99
Epoch [49/50]: Avg Loss: 1.7030 | Avg Accuracy: 44.92 | Avg Perplexity: 0.000 |Model Sparsity: 0.99
Epoch [50/50]: Avg Loss: 1.6944 | Avg Accuracy: 45.16 | Avg Perplexity: 0.000 |Model Sparsity: 0.99
