Model : vgg19 - Learning Type: mnist/bacp_finetune/magnitude_pruning/0.95
Configuration:
model_type: cv
model_name: vgg19
model_task: mnist
num_classes: 10
criterion: CrossEntropyLoss()
embedding_dim: 4096
epochs: 50
pruning_epochs: 50
recovery_epochs: 10
batch_size: 512
learning_rate: 0.0001
learning_type: bacp_finetune
optimizer_type: adamw
prune: False
pruning_type: magnitude_pruning
target_sparsity: 0.95
sparsity_scheduler: linear
enable_mixed_precision: True
device: cuda
save_path: /dbfs/research/vgg19/mnist/vgg19_mnist_magnitude_pruning_0.95_bacp_finetune.pt
finetuned_weights: /dbfs/research/vgg19/mnist/vgg19_mnist_magnitude_pruning_0.95_bacp_pruning.pt

Epoch [1/50]: Avg Loss: 0.1768 | Avg Accuracy: 99.66 | Avg Perplexity: 0.000 |Model Sparsity: 0.95
Epoch [2/50]: Avg Loss: 0.0126 | Avg Accuracy: 99.78 | Avg Perplexity: 0.000 |Model Sparsity: 0.95
Epoch [3/50]: Avg Loss: 0.0105 | Avg Accuracy: 99.74 | Avg Perplexity: 0.000 |Model Sparsity: 0.95
Epoch [4/50]: Avg Loss: 0.0091 | Avg Accuracy: 99.72 | Avg Perplexity: 0.000 |Model Sparsity: 0.95
Epoch [5/50]: Avg Loss: 0.0085 | Avg Accuracy: 99.70 | Avg Perplexity: 0.000 |Model Sparsity: 0.95
Epoch [6/50]: Avg Loss: 0.0091 | Avg Accuracy: 99.74 | Avg Perplexity: 0.000 |Model Sparsity: 0.95
Epoch [7/50]: Avg Loss: 0.0066 | Avg Accuracy: 99.75 | Avg Perplexity: 0.000 |Model Sparsity: 0.95
Epoch [8/50]: Avg Loss: 0.0077 | Avg Accuracy: 99.71 | Avg Perplexity: 0.000 |Model Sparsity: 0.95
Epoch [9/50]: Avg Loss: 0.0060 | Avg Accuracy: 99.69 | Avg Perplexity: 0.000 |Model Sparsity: 0.95
Epoch [10/50]: Avg Loss: 0.0059 | Avg Accuracy: 99.67 | Avg Perplexity: 0.000 |Model Sparsity: 0.95
Epoch [11/50]: Avg Loss: 0.0057 | Avg Accuracy: 99.69 | Avg Perplexity: 0.000 |Model Sparsity: 0.95
Epoch [12/50]: Avg Loss: 0.0056 | Avg Accuracy: 99.69 | Avg Perplexity: 0.000 |Model Sparsity: 0.95
Epoch [13/50]: Avg Loss: 0.0052 | Avg Accuracy: 99.75 | Avg Perplexity: 0.000 |Model Sparsity: 0.95
Epoch [14/50]: Avg Loss: 0.0052 | Avg Accuracy: 99.69 | Avg Perplexity: 0.000 |Model Sparsity: 0.95
Epoch [15/50]: Avg Loss: 0.0044 | Avg Accuracy: 99.74 | Avg Perplexity: 0.000 |Model Sparsity: 0.95
Epoch [16/50]: Avg Loss: 0.0039 | Avg Accuracy: 99.74 | Avg Perplexity: 0.000 |Model Sparsity: 0.95
Epoch [17/50]: Avg Loss: 0.0048 | Avg Accuracy: 99.78 | Avg Perplexity: 0.000 |Model Sparsity: 0.95
Epoch [18/50]: Avg Loss: 0.0040 | Avg Accuracy: 99.66 | Avg Perplexity: 0.000 |Model Sparsity: 0.95
Epoch [19/50]: Avg Loss: 0.0040 | Avg Accuracy: 99.74 | Avg Perplexity: 0.000 |Model Sparsity: 0.95
Epoch [20/50]: Avg Loss: 0.0041 | Avg Accuracy: 99.60 | Avg Perplexity: 0.000 |Model Sparsity: 0.95
Epoch [21/50]: Avg Loss: 0.0036 | Avg Accuracy: 99.70 | Avg Perplexity: 0.000 |Model Sparsity: 0.95
Epoch [22/50]: Avg Loss: 0.0040 | Avg Accuracy: 99.68 | Avg Perplexity: 0.000 |Model Sparsity: 0.95
