Model : vit_tiny - Learning Type: cifar10/LRS_sgd_0.05
Configuration:
model_type: cv
model_name: vit_tiny
model_task: cifar10
num_classes: 10
criterion: CrossEntropyLoss()
embedding_dim: 192
epochs: 5
pruning_epochs: 5
recovery_epochs: 10
batch_size: 256
learning_rate: 0.05
learning_type: LRS_sgd_0.05
optimizer_type: sgd
prune: False
target_sparsity: 0.0
sparsity_scheduler: cubic
enable_mixed_precision: True
device: cuda
save_path: /dbfs/research/vit_tiny/cifar10/vit_tiny_cifar10_LRS_sgd_0.05.pt

Epoch [1/5]: Avg Loss: 38.6760 | Avg Accuracy: 11.19 | Model Sparsity: 0.0
Epoch [2/5]: Avg Loss: 2.3210 | Avg Accuracy: 17.71 | Model Sparsity: 0.0
Epoch [3/5]: Avg Loss: 2.2357 | Avg Accuracy: 15.30 | Model Sparsity: 0.0
Epoch [4/5]: Avg Loss: 2.3022 | Avg Accuracy: 13.50 | Model Sparsity: 0.0
Epoch [5/5]: Avg Loss: 2.2621 | Avg Accuracy: 17.48 | Model Sparsity: 0.0
