Model : resnet50 - Learning Type: cifar10/bacp_finetune/magnitude_pruning/0.97
Configuration:
model_type: cv
model_name: resnet50
model_task: cifar10
num_classes: 10
criterion: CrossEntropyLoss()
embedding_dim: 2048
epochs: 50
pruning_epochs: 50
recovery_epochs: 10
batch_size: 512
learning_rate: 0.0001
learning_type: bacp_finetune
optimizer_type: adamw
prune: False
pruning_type: magnitude_pruning
target_sparsity: 0.97
sparsity_scheduler: linear
enable_mixed_precision: True
device: cuda
save_path: /dbfs/research/resnet50/cifar10/resnet50_cifar10_magnitude_pruning_0.97_bacp_finetune.pt
finetuned_weights: /dbfs/research/resnet50/cifar10/resnet50_cifar10_magnitude_pruning_0.97_bacp_pruning.pt

Epoch [1/50]: Avg Loss: 1.1188 | Avg Accuracy: 90.82 | Model Sparsity: 0.97
Epoch [2/50]: Avg Loss: 0.3458 | Avg Accuracy: 92.38 | Model Sparsity: 0.97
Epoch [3/50]: Avg Loss: 0.2580 | Avg Accuracy: 92.61 | Model Sparsity: 0.97
Epoch [4/50]: Avg Loss: 0.2230 | Avg Accuracy: 93.22 | Model Sparsity: 0.97
Epoch [5/50]: Avg Loss: 0.2037 | Avg Accuracy: 93.11 | Model Sparsity: 0.97
Epoch [6/50]: Avg Loss: 0.1907 | Avg Accuracy: 93.02 | Model Sparsity: 0.97
Epoch [7/50]: Avg Loss: 0.1776 | Avg Accuracy: 93.36 | Model Sparsity: 0.97
Epoch [8/50]: Avg Loss: 0.1702 | Avg Accuracy: 94.20 | Model Sparsity: 0.97
Epoch [9/50]: Avg Loss: 0.1618 | Avg Accuracy: 93.82 | Model Sparsity: 0.97
Epoch [10/50]: Avg Loss: 0.1524 | Avg Accuracy: 93.54 | Model Sparsity: 0.97
Epoch [11/50]: Avg Loss: 0.1494 | Avg Accuracy: 93.83 | Model Sparsity: 0.97
Epoch [12/50]: Avg Loss: 0.1410 | Avg Accuracy: 93.86 | Model Sparsity: 0.97
Epoch [13/50]: Avg Loss: 0.1392 | Avg Accuracy: 94.22 | Model Sparsity: 0.97
Epoch [14/50]: Avg Loss: 0.1282 | Avg Accuracy: 94.20 | Model Sparsity: 0.97
Epoch [15/50]: Avg Loss: 0.1247 | Avg Accuracy: 94.04 | Model Sparsity: 0.97
Epoch [16/50]: Avg Loss: 0.1214 | Avg Accuracy: 94.15 | Model Sparsity: 0.97
Epoch [17/50]: Avg Loss: 0.1150 | Avg Accuracy: 94.15 | Model Sparsity: 0.97
Epoch [18/50]: Avg Loss: 0.1122 | Avg Accuracy: 94.10 | Model Sparsity: 0.97
Epoch [19/50]: Avg Loss: 0.1092 | Avg Accuracy: 94.14 | Model Sparsity: 0.97
Epoch [20/50]: Avg Loss: 0.1028 | Avg Accuracy: 94.45 | Model Sparsity: 0.97
Epoch [21/50]: Avg Loss: 0.1001 | Avg Accuracy: 93.67 | Model Sparsity: 0.97
Epoch [22/50]: Avg Loss: 0.0988 | Avg Accuracy: 94.17 | Model Sparsity: 0.97
Epoch [23/50]: Avg Loss: 0.0948 | Avg Accuracy: 94.35 | Model Sparsity: 0.97
Epoch [24/50]: Avg Loss: 0.0916 | Avg Accuracy: 94.13 | Model Sparsity: 0.97
Epoch [25/50]: Avg Loss: 0.0886 | Avg Accuracy: 94.57 | Model Sparsity: 0.97
Epoch [26/50]: Avg Loss: 0.0838 | Avg Accuracy: 94.56 | Model Sparsity: 0.97
Epoch [27/50]: Avg Loss: 0.0848 | Avg Accuracy: 94.22 | Model Sparsity: 0.97
Epoch [28/50]: Avg Loss: 0.0811 | Avg Accuracy: 94.06 | Model Sparsity: 0.97
Epoch [29/50]: Avg Loss: 0.0809 | Avg Accuracy: 94.13 | Model Sparsity: 0.97
Epoch [30/50]: Avg Loss: 0.0742 | Avg Accuracy: 94.57 | Model Sparsity: 0.97
Epoch [31/50]: Avg Loss: 0.0728 | Avg Accuracy: 94.48 | Model Sparsity: 0.97
Epoch [32/50]: Avg Loss: 0.0704 | Avg Accuracy: 94.28 | Model Sparsity: 0.97
Epoch [33/50]: Avg Loss: 0.0679 | Avg Accuracy: 94.41 | Model Sparsity: 0.97
Epoch [34/50]: Avg Loss: 0.0645 | Avg Accuracy: 94.50 | Model Sparsity: 0.97
Epoch [35/50]: Avg Loss: 0.0616 | Avg Accuracy: 94.50 | Model Sparsity: 0.97
Epoch [36/50]: Avg Loss: 0.0620 | Avg Accuracy: 94.78 | Model Sparsity: 0.97
Epoch [37/50]: Avg Loss: 0.0579 | Avg Accuracy: 94.52 | Model Sparsity: 0.97
Epoch [38/50]: Avg Loss: 0.0578 | Avg Accuracy: 94.64 | Model Sparsity: 0.97
Epoch [39/50]: Avg Loss: 0.0569 | Avg Accuracy: 94.68 | Model Sparsity: 0.97
Epoch [40/50]: Avg Loss: 0.0544 | Avg Accuracy: 94.42 | Model Sparsity: 0.97
Epoch [41/50]: Avg Loss: 0.0529 | Avg Accuracy: 94.55 | Model Sparsity: 0.97
Epoch [42/50]: Avg Loss: 0.0513 | Avg Accuracy: 94.29 | Model Sparsity: 0.97
Epoch [43/50]: Avg Loss: 0.0501 | Avg Accuracy: 94.68 | Model Sparsity: 0.97
Epoch [44/50]: Avg Loss: 0.0484 | Avg Accuracy: 94.48 | Model Sparsity: 0.97
Epoch [45/50]: Avg Loss: 0.0454 | Avg Accuracy: 94.25 | Model Sparsity: 0.97
Epoch [46/50]: Avg Loss: 0.0484 | Avg Accuracy: 94.63 | Model Sparsity: 0.97
Epoch [47/50]: Avg Loss: 0.0445 | Avg Accuracy: 94.43 | Model Sparsity: 0.97
Epoch [48/50]: Avg Loss: 0.0417 | Avg Accuracy: 94.57 | Model Sparsity: 0.97
Epoch [49/50]: Avg Loss: 0.0414 | Avg Accuracy: 94.43 | Model Sparsity: 0.97
Epoch [50/50]: Avg Loss: 0.0389 | Avg Accuracy: 94.63 | Model Sparsity: 0.97
