Model : vit_small - Learning Type: emnist/bacp_finetune/movement_pruning/0.99
Configuration:
model_type: cv
model_name: vit_small
model_task: emnist
num_classes: 47
criterion: CrossEntropyLoss()
embedding_dim: 384
epochs: 50
pruning_epochs: 50
recovery_epochs: 10
batch_size: 256
learning_rate: 0.0001
learning_type: bacp_finetune
optimizer_type: adamw
prune: False
pruning_type: movement_pruning
target_sparsity: 0.99
sparsity_scheduler: linear
enable_mixed_precision: True
device: cuda
save_path: /dbfs/research/vit_small/emnist/vit_small_emnist_movement_pruning_0.99_bacp_finetune.pt
finetuned_weights: /dbfs/research/vit_small/emnist/vit_small_emnist_movement_pruning_0.99_bacp_pruning.pt

Epoch [1/50]: Avg Loss: 1.0980 | Avg Accuracy: 86.71 | Avg Perplexity: 0.000 |Model Sparsity: 0.99
Epoch [2/50]: Avg Loss: 0.3738 | Avg Accuracy: 87.75 | Avg Perplexity: 0.000 |Model Sparsity: 0.99
Epoch [3/50]: Avg Loss: 0.3275 | Avg Accuracy: 88.26 | Avg Perplexity: 0.000 |Model Sparsity: 0.99
Epoch [4/50]: Avg Loss: 0.3110 | Avg Accuracy: 88.41 | Avg Perplexity: 0.000 |Model Sparsity: 0.99
Epoch [5/50]: Avg Loss: 0.3004 | Avg Accuracy: 88.20 | Avg Perplexity: 0.000 |Model Sparsity: 0.99
Epoch [6/50]: Avg Loss: 0.2942 | Avg Accuracy: 88.94 | Avg Perplexity: 0.000 |Model Sparsity: 0.99
Epoch [7/50]: Avg Loss: 0.2874 | Avg Accuracy: 88.39 | Avg Perplexity: 0.000 |Model Sparsity: 0.99
Epoch [8/50]: Avg Loss: 0.2831 | Avg Accuracy: 88.83 | Avg Perplexity: 0.000 |Model Sparsity: 0.99
Epoch [9/50]: Avg Loss: 0.2788 | Avg Accuracy: 88.63 | Avg Perplexity: 0.000 |Model Sparsity: 0.99
Epoch [10/50]: Avg Loss: 0.2757 | Avg Accuracy: 88.83 | Avg Perplexity: 0.000 |Model Sparsity: 0.99
Epoch [11/50]: Avg Loss: 0.2723 | Avg Accuracy: 88.66 | Avg Perplexity: 0.000 |Model Sparsity: 0.99
Epoch [12/50]: Avg Loss: 0.2702 | Avg Accuracy: 88.87 | Avg Perplexity: 0.000 |Model Sparsity: 0.99
Epoch [13/50]: Avg Loss: 0.2679 | Avg Accuracy: 88.94 | Avg Perplexity: 0.000 |Model Sparsity: 0.99
Epoch [14/50]: Avg Loss: 0.2655 | Avg Accuracy: 88.80 | Avg Perplexity: 0.000 |Model Sparsity: 0.99
Epoch [15/50]: Avg Loss: 0.2621 | Avg Accuracy: 89.18 | Avg Perplexity: 0.000 |Model Sparsity: 0.99
Epoch [16/50]: Avg Loss: 0.2617 | Avg Accuracy: 89.01 | Avg Perplexity: 0.000 |Model Sparsity: 0.99
Epoch [17/50]: Avg Loss: 0.2600 | Avg Accuracy: 89.04 | Avg Perplexity: 0.000 |Model Sparsity: 0.99
Epoch [18/50]: Avg Loss: 0.2578 | Avg Accuracy: 88.91 | Avg Perplexity: 0.000 |Model Sparsity: 0.99
Epoch [19/50]: Avg Loss: 0.2560 | Avg Accuracy: 89.00 | Avg Perplexity: 0.000 |Model Sparsity: 0.99
Epoch [20/50]: Avg Loss: 0.2553 | Avg Accuracy: 89.02 | Avg Perplexity: 0.000 |Model Sparsity: 0.99
Epoch [21/50]: Avg Loss: 0.2532 | Avg Accuracy: 88.96 | Avg Perplexity: 0.000 |Model Sparsity: 0.99
Epoch [22/50]: Avg Loss: 0.2520 | Avg Accuracy: 88.66 | Avg Perplexity: 0.000 |Model Sparsity: 0.99
Epoch [23/50]: Avg Loss: 0.2474 | Avg Accuracy: 89.33 | Avg Perplexity: 0.000 |Model Sparsity: 0.99
Epoch [24/50]: Avg Loss: 0.2490 | Avg Accuracy: 89.09 | Avg Perplexity: 0.000 |Model Sparsity: 0.99
Epoch [25/50]: Avg Loss: 0.2482 | Avg Accuracy: 89.35 | Avg Perplexity: 0.000 |Model Sparsity: 0.99
Epoch [26/50]: Avg Loss: 0.2451 | Avg Accuracy: 89.10 | Avg Perplexity: 0.000 |Model Sparsity: 0.99
Epoch [27/50]: Avg Loss: 0.2443 | Avg Accuracy: 88.71 | Avg Perplexity: 0.000 |Model Sparsity: 0.99
Epoch [28/50]: Avg Loss: 0.2445 | Avg Accuracy: 89.10 | Avg Perplexity: 0.000 |Model Sparsity: 0.99
Epoch [29/50]: Avg Loss: 0.2424 | Avg Accuracy: 89.09 | Avg Perplexity: 0.000 |Model Sparsity: 0.99
Epoch [30/50]: Avg Loss: 0.2415 | Avg Accuracy: 89.00 | Avg Perplexity: 0.000 |Model Sparsity: 0.99
Epoch [31/50]: Avg Loss: 0.2388 | Avg Accuracy: 88.75 | Avg Perplexity: 0.000 |Model Sparsity: 0.99
Epoch [32/50]: Avg Loss: 0.2388 | Avg Accuracy: 89.09 | Avg Perplexity: 0.000 |Model Sparsity: 0.99
Epoch [33/50]: Avg Loss: 0.2367 | Avg Accuracy: 89.23 | Avg Perplexity: 0.000 |Model Sparsity: 0.99
Epoch [34/50]: Avg Loss: 0.2359 | Avg Accuracy: 89.10 | Avg Perplexity: 0.000 |Model Sparsity: 0.99
Epoch [35/50]: Avg Loss: 0.2375 | Avg Accuracy: 89.20 | Avg Perplexity: 0.000 |Model Sparsity: 0.99
Epoch [36/50]: Avg Loss: 0.2346 | Avg Accuracy: 89.07 | Avg Perplexity: 0.000 |Model Sparsity: 0.99
Epoch [37/50]: Avg Loss: 0.2351 | Avg Accuracy: 89.33 | Avg Perplexity: 0.000 |Model Sparsity: 0.99
Epoch [38/50]: Avg Loss: 0.2328 | Avg Accuracy: 88.87 | Avg Perplexity: 0.000 |Model Sparsity: 0.99
Epoch [39/50]: Avg Loss: 0.2335 | Avg Accuracy: 89.44 | Avg Perplexity: 0.000 |Model Sparsity: 0.99
Epoch [40/50]: Avg Loss: 0.2326 | Avg Accuracy: 89.37 | Avg Perplexity: 0.000 |Model Sparsity: 0.99
Epoch [41/50]: Avg Loss: 0.2306 | Avg Accuracy: 89.06 | Avg Perplexity: 0.000 |Model Sparsity: 0.99
Epoch [42/50]: Avg Loss: 0.2292 | Avg Accuracy: 89.17 | Avg Perplexity: 0.000 |Model Sparsity: 0.99
Epoch [43/50]: Avg Loss: 0.2296 | Avg Accuracy: 88.98 | Avg Perplexity: 0.000 |Model Sparsity: 0.99
Epoch [44/50]: Avg Loss: 0.2276 | Avg Accuracy: 89.22 | Avg Perplexity: 0.000 |Model Sparsity: 0.99
Epoch [45/50]: Avg Loss: 0.2266 | Avg Accuracy: 89.27 | Avg Perplexity: 0.000 |Model Sparsity: 0.99
Epoch [46/50]: Avg Loss: 0.2253 | Avg Accuracy: 89.39 | Avg Perplexity: 0.000 |Model Sparsity: 0.99
Epoch [47/50]: Avg Loss: 0.2271 | Avg Accuracy: 89.31 | Avg Perplexity: 0.000 |Model Sparsity: 0.99
Epoch [48/50]: Avg Loss: 0.2250 | Avg Accuracy: 88.84 | Avg Perplexity: 0.000 |Model Sparsity: 0.99
Epoch [49/50]: Avg Loss: 0.2234 | Avg Accuracy: 89.44 | Avg Perplexity: 0.000 |Model Sparsity: 0.99
Epoch [50/50]: Avg Loss: 0.2233 | Avg Accuracy: 89.39 | Avg Perplexity: 0.000 |Model Sparsity: 0.99
