Model : vitb16 - Learning Type: baseline
Configuration:
model_type: cv
model_name: vitb16
model_task: cifar10
num_classes: 10
criterion: CrossEntropyLoss()
embedding_dim: 768
epochs: 3
pruning_epochs: 3
recovery_epochs: 10
batch_size: 512
learning_rate: 2e-05
learning_type: baseline
scheduler_type: linear_with_warmup
optimizer_type: adamw
use_scheduler: False
total_steps: 249
warmup_steps: 24
prune: False
target_sparsity: 0
sparsity_scheduler: linear
delta_t: 41
enable_mixed_precision: True
device: cuda
save_path: /dbfs/research/vitb16/cifar10/vitb16_cifar10_baseline.pt
current_sparsity: 0.0

Epoch [1/3]: Avg Loss: 0.8312 | Avg Accuracy: 96.62 | Model Sparsity: 0.0
Epoch [2/3]: Avg Loss: 0.0963 | Avg Accuracy: 97.42 | Model Sparsity: 0.0
Epoch [3/3]: Avg Loss: 0.0612 | Avg Accuracy: 97.70 | Model Sparsity: 0.0
