Model : vit_tiny - Learning Type: cifar100/bacp_finetune/magnitude_pruning/0.97
Configuration:
model_type: cv
model_name: vit_tiny
model_task: cifar100
num_classes: 100
criterion: CrossEntropyLoss()
embedding_dim: 192
epochs: 50
pruning_epochs: 50
recovery_epochs: 10
batch_size: 256
learning_rate: 0.0001
learning_type: bacp_finetune
optimizer_type: adamw
prune: False
pruning_type: magnitude_pruning
target_sparsity: 0.97
sparsity_scheduler: linear
enable_mixed_precision: True
device: cuda
save_path: /dbfs/research/vit_tiny/cifar100/vit_tiny_cifar100_magnitude_pruning_0.97_bacp_finetune.pt
finetuned_weights: /dbfs/research/vit_tiny/cifar100/vit_tiny_cifar100_magnitude_pruning_0.97_bacp_pruning.pt

Epoch [1/50]: Avg Loss: 4.0839 | Avg Accuracy: 23.34 | Avg Perplexity: 0.000 |Model Sparsity: 0.97
Epoch [2/50]: Avg Loss: 2.6497 | Avg Accuracy: 38.91 | Avg Perplexity: 0.000 |Model Sparsity: 0.97
Epoch [3/50]: Avg Loss: 2.1266 | Avg Accuracy: 45.53 | Avg Perplexity: 0.000 |Model Sparsity: 0.97
Epoch [4/50]: Avg Loss: 1.8985 | Avg Accuracy: 49.49 | Avg Perplexity: 0.000 |Model Sparsity: 0.97
Epoch [5/50]: Avg Loss: 1.7669 | Avg Accuracy: 50.74 | Avg Perplexity: 0.000 |Model Sparsity: 0.97
Epoch [6/50]: Avg Loss: 1.6749 | Avg Accuracy: 53.15 | Avg Perplexity: 0.000 |Model Sparsity: 0.97
Epoch [7/50]: Avg Loss: 1.6075 | Avg Accuracy: 53.93 | Avg Perplexity: 0.000 |Model Sparsity: 0.97
Epoch [8/50]: Avg Loss: 1.5546 | Avg Accuracy: 55.06 | Avg Perplexity: 0.000 |Model Sparsity: 0.97
Epoch [9/50]: Avg Loss: 1.5087 | Avg Accuracy: 55.68 | Avg Perplexity: 0.000 |Model Sparsity: 0.97
Epoch [10/50]: Avg Loss: 1.4693 | Avg Accuracy: 55.91 | Avg Perplexity: 0.000 |Model Sparsity: 0.97
Epoch [11/50]: Avg Loss: 1.4417 | Avg Accuracy: 57.33 | Avg Perplexity: 0.000 |Model Sparsity: 0.97
Epoch [12/50]: Avg Loss: 1.4080 | Avg Accuracy: 58.03 | Avg Perplexity: 0.000 |Model Sparsity: 0.97
Epoch [13/50]: Avg Loss: 1.3817 | Avg Accuracy: 58.54 | Avg Perplexity: 0.000 |Model Sparsity: 0.97
Epoch [14/50]: Avg Loss: 1.3596 | Avg Accuracy: 59.02 | Avg Perplexity: 0.000 |Model Sparsity: 0.97
Epoch [15/50]: Avg Loss: 1.3352 | Avg Accuracy: 59.60 | Avg Perplexity: 0.000 |Model Sparsity: 0.97
Epoch [16/50]: Avg Loss: 1.3132 | Avg Accuracy: 58.98 | Avg Perplexity: 0.000 |Model Sparsity: 0.97
Epoch [17/50]: Avg Loss: 1.2996 | Avg Accuracy: 59.77 | Avg Perplexity: 0.000 |Model Sparsity: 0.97
Epoch [18/50]: Avg Loss: 1.2780 | Avg Accuracy: 59.68 | Avg Perplexity: 0.000 |Model Sparsity: 0.97
Epoch [19/50]: Avg Loss: 1.2574 | Avg Accuracy: 60.47 | Avg Perplexity: 0.000 |Model Sparsity: 0.97
Epoch [20/50]: Avg Loss: 1.2417 | Avg Accuracy: 60.99 | Avg Perplexity: 0.000 |Model Sparsity: 0.97
Epoch [21/50]: Avg Loss: 1.2283 | Avg Accuracy: 60.94 | Avg Perplexity: 0.000 |Model Sparsity: 0.97
Epoch [22/50]: Avg Loss: 1.2097 | Avg Accuracy: 61.37 | Avg Perplexity: 0.000 |Model Sparsity: 0.97
Epoch [23/50]: Avg Loss: 1.1988 | Avg Accuracy: 61.58 | Avg Perplexity: 0.000 |Model Sparsity: 0.97
Epoch [24/50]: Avg Loss: 1.1835 | Avg Accuracy: 61.77 | Avg Perplexity: 0.000 |Model Sparsity: 0.97
Epoch [25/50]: Avg Loss: 1.1730 | Avg Accuracy: 61.84 | Avg Perplexity: 0.000 |Model Sparsity: 0.97
Epoch [26/50]: Avg Loss: 1.1569 | Avg Accuracy: 61.91 | Avg Perplexity: 0.000 |Model Sparsity: 0.97
Epoch [27/50]: Avg Loss: 1.1439 | Avg Accuracy: 62.38 | Avg Perplexity: 0.000 |Model Sparsity: 0.97
Epoch [28/50]: Avg Loss: 1.1372 | Avg Accuracy: 62.02 | Avg Perplexity: 0.000 |Model Sparsity: 0.97
Epoch [29/50]: Avg Loss: 1.1222 | Avg Accuracy: 62.77 | Avg Perplexity: 0.000 |Model Sparsity: 0.97
Epoch [30/50]: Avg Loss: 1.1129 | Avg Accuracy: 62.32 | Avg Perplexity: 0.000 |Model Sparsity: 0.97
Epoch [31/50]: Avg Loss: 1.1038 | Avg Accuracy: 63.16 | Avg Perplexity: 0.000 |Model Sparsity: 0.97
Epoch [32/50]: Avg Loss: 1.0937 | Avg Accuracy: 62.34 | Avg Perplexity: 0.000 |Model Sparsity: 0.97
Epoch [33/50]: Avg Loss: 1.0813 | Avg Accuracy: 63.24 | Avg Perplexity: 0.000 |Model Sparsity: 0.97
Epoch [34/50]: Avg Loss: 1.0702 | Avg Accuracy: 62.70 | Avg Perplexity: 0.000 |Model Sparsity: 0.97
Epoch [35/50]: Avg Loss: 1.0632 | Avg Accuracy: 62.94 | Avg Perplexity: 0.000 |Model Sparsity: 0.97
Epoch [36/50]: Avg Loss: 1.0496 | Avg Accuracy: 63.62 | Avg Perplexity: 0.000 |Model Sparsity: 0.97
Epoch [37/50]: Avg Loss: 1.0417 | Avg Accuracy: 63.85 | Avg Perplexity: 0.000 |Model Sparsity: 0.97
Epoch [38/50]: Avg Loss: 1.0334 | Avg Accuracy: 63.31 | Avg Perplexity: 0.000 |Model Sparsity: 0.97
Epoch [39/50]: Avg Loss: 1.0221 | Avg Accuracy: 63.52 | Avg Perplexity: 0.000 |Model Sparsity: 0.97
Epoch [40/50]: Avg Loss: 1.0157 | Avg Accuracy: 63.66 | Avg Perplexity: 0.000 |Model Sparsity: 0.97
Epoch [41/50]: Avg Loss: 1.0065 | Avg Accuracy: 63.86 | Avg Perplexity: 0.000 |Model Sparsity: 0.97
Epoch [42/50]: Avg Loss: 1.0012 | Avg Accuracy: 64.08 | Avg Perplexity: 0.000 |Model Sparsity: 0.97
Epoch [43/50]: Avg Loss: 0.9887 | Avg Accuracy: 63.70 | Avg Perplexity: 0.000 |Model Sparsity: 0.97
Epoch [44/50]: Avg Loss: 0.9843 | Avg Accuracy: 64.26 | Avg Perplexity: 0.000 |Model Sparsity: 0.97
Epoch [45/50]: Avg Loss: 0.9763 | Avg Accuracy: 64.41 | Avg Perplexity: 0.000 |Model Sparsity: 0.97
Epoch [46/50]: Avg Loss: 0.9672 | Avg Accuracy: 64.37 | Avg Perplexity: 0.000 |Model Sparsity: 0.97
Epoch [47/50]: Avg Loss: 0.9585 | Avg Accuracy: 64.47 | Avg Perplexity: 0.000 |Model Sparsity: 0.97
Epoch [48/50]: Avg Loss: 0.9561 | Avg Accuracy: 64.78 | Avg Perplexity: 0.000 |Model Sparsity: 0.97
Epoch [49/50]: Avg Loss: 0.9431 | Avg Accuracy: 64.78 | Avg Perplexity: 0.000 |Model Sparsity: 0.97
Epoch [50/50]: Avg Loss: 0.9348 | Avg Accuracy: 64.13 | Avg Perplexity: 0.000 |Model Sparsity: 0.97
