Model : vgg19 - Learning Type: cifar100/bacp_finetune/magnitude_pruning/0.99
Configuration:
model_type: cv
model_name: vgg19
model_task: cifar100
num_classes: 100
criterion: CrossEntropyLoss()
embedding_dim: 4096
epochs: 50
pruning_epochs: 50
recovery_epochs: 10
batch_size: 512
learning_rate: 0.0001
learning_type: bacp_finetune
optimizer_type: adamw
prune: False
pruning_type: magnitude_pruning
target_sparsity: 0.99
sparsity_scheduler: linear
enable_mixed_precision: True
device: cuda
save_path: /dbfs/research/vgg19/cifar100/vgg19_cifar100_magnitude_pruning_0.99_bacp_finetune.pt
finetuned_weights: /dbfs/research/vgg19/cifar100/vgg19_cifar100_magnitude_pruning_0.99_bacp_pruning.pt

Epoch [1/50]: Avg Loss: 3.0190 | Avg Accuracy: 48.84 | Avg Perplexity: 0.000 |Model Sparsity: 0.99
Epoch [2/50]: Avg Loss: 1.9726 | Avg Accuracy: 52.68 | Avg Perplexity: 0.000 |Model Sparsity: 0.99
Epoch [3/50]: Avg Loss: 1.8029 | Avg Accuracy: 53.52 | Avg Perplexity: 0.000 |Model Sparsity: 0.99
Epoch [4/50]: Avg Loss: 1.7080 | Avg Accuracy: 54.35 | Avg Perplexity: 0.000 |Model Sparsity: 0.99
Epoch [5/50]: Avg Loss: 1.6316 | Avg Accuracy: 55.01 | Avg Perplexity: 0.000 |Model Sparsity: 0.99
Epoch [6/50]: Avg Loss: 1.5865 | Avg Accuracy: 55.83 | Avg Perplexity: 0.000 |Model Sparsity: 0.99
Epoch [7/50]: Avg Loss: 1.5359 | Avg Accuracy: 56.52 | Avg Perplexity: 0.000 |Model Sparsity: 0.99
Epoch [8/50]: Avg Loss: 1.5004 | Avg Accuracy: 57.06 | Avg Perplexity: 0.000 |Model Sparsity: 0.99
Epoch [9/50]: Avg Loss: 1.4634 | Avg Accuracy: 57.83 | Avg Perplexity: 0.000 |Model Sparsity: 0.99
Epoch [10/50]: Avg Loss: 1.4387 | Avg Accuracy: 57.48 | Avg Perplexity: 0.000 |Model Sparsity: 0.99
Epoch [11/50]: Avg Loss: 1.4047 | Avg Accuracy: 58.26 | Avg Perplexity: 0.000 |Model Sparsity: 0.99
Epoch [12/50]: Avg Loss: 1.3824 | Avg Accuracy: 58.50 | Avg Perplexity: 0.000 |Model Sparsity: 0.99
Epoch [13/50]: Avg Loss: 1.3486 | Avg Accuracy: 58.76 | Avg Perplexity: 0.000 |Model Sparsity: 0.99
Epoch [14/50]: Avg Loss: 1.3312 | Avg Accuracy: 58.52 | Avg Perplexity: 0.000 |Model Sparsity: 0.99
Epoch [15/50]: Avg Loss: 1.3038 | Avg Accuracy: 58.61 | Avg Perplexity: 0.000 |Model Sparsity: 0.99
Epoch [16/50]: Avg Loss: 1.2898 | Avg Accuracy: 59.63 | Avg Perplexity: 0.000 |Model Sparsity: 0.99
Epoch [17/50]: Avg Loss: 1.2684 | Avg Accuracy: 60.03 | Avg Perplexity: 0.000 |Model Sparsity: 0.99
Epoch [18/50]: Avg Loss: 1.2486 | Avg Accuracy: 59.79 | Avg Perplexity: 0.000 |Model Sparsity: 0.99
Epoch [19/50]: Avg Loss: 1.2318 | Avg Accuracy: 59.39 | Avg Perplexity: 0.000 |Model Sparsity: 0.99
Epoch [20/50]: Avg Loss: 1.2177 | Avg Accuracy: 59.75 | Avg Perplexity: 0.000 |Model Sparsity: 0.99
Epoch [21/50]: Avg Loss: 1.1951 | Avg Accuracy: 59.99 | Avg Perplexity: 0.000 |Model Sparsity: 0.99
Epoch [22/50]: Avg Loss: 1.1807 | Avg Accuracy: 60.17 | Avg Perplexity: 0.000 |Model Sparsity: 0.99
Epoch [23/50]: Avg Loss: 1.1698 | Avg Accuracy: 60.32 | Avg Perplexity: 0.000 |Model Sparsity: 0.99
Epoch [24/50]: Avg Loss: 1.1475 | Avg Accuracy: 61.16 | Avg Perplexity: 0.000 |Model Sparsity: 0.99
Epoch [25/50]: Avg Loss: 1.1354 | Avg Accuracy: 60.88 | Avg Perplexity: 0.000 |Model Sparsity: 0.99
Epoch [26/50]: Avg Loss: 1.1202 | Avg Accuracy: 61.43 | Avg Perplexity: 0.000 |Model Sparsity: 0.99
Epoch [27/50]: Avg Loss: 1.1112 | Avg Accuracy: 61.36 | Avg Perplexity: 0.000 |Model Sparsity: 0.99
Epoch [28/50]: Avg Loss: 1.0987 | Avg Accuracy: 61.40 | Avg Perplexity: 0.000 |Model Sparsity: 0.99
Epoch [29/50]: Avg Loss: 1.0709 | Avg Accuracy: 61.37 | Avg Perplexity: 0.000 |Model Sparsity: 0.99
Epoch [30/50]: Avg Loss: 1.0596 | Avg Accuracy: 61.44 | Avg Perplexity: 0.000 |Model Sparsity: 0.99
Epoch [31/50]: Avg Loss: 1.0530 | Avg Accuracy: 61.47 | Avg Perplexity: 0.000 |Model Sparsity: 0.99
Epoch [32/50]: Avg Loss: 1.0330 | Avg Accuracy: 61.34 | Avg Perplexity: 0.000 |Model Sparsity: 0.99
Epoch [33/50]: Avg Loss: 1.0288 | Avg Accuracy: 61.79 | Avg Perplexity: 0.000 |Model Sparsity: 0.99
Epoch [34/50]: Avg Loss: 1.0130 | Avg Accuracy: 61.54 | Avg Perplexity: 0.000 |Model Sparsity: 0.99
Epoch [35/50]: Avg Loss: 0.9964 | Avg Accuracy: 62.19 | Avg Perplexity: 0.000 |Model Sparsity: 0.99
Epoch [36/50]: Avg Loss: 0.9893 | Avg Accuracy: 62.36 | Avg Perplexity: 0.000 |Model Sparsity: 0.99
Epoch [37/50]: Avg Loss: 0.9778 | Avg Accuracy: 62.46 | Avg Perplexity: 0.000 |Model Sparsity: 0.99
Epoch [38/50]: Avg Loss: 0.9695 | Avg Accuracy: 61.54 | Avg Perplexity: 0.000 |Model Sparsity: 0.99
Epoch [39/50]: Avg Loss: 0.9510 | Avg Accuracy: 62.58 | Avg Perplexity: 0.000 |Model Sparsity: 0.99
Epoch [40/50]: Avg Loss: 0.9423 | Avg Accuracy: 62.50 | Avg Perplexity: 0.000 |Model Sparsity: 0.99
Epoch [41/50]: Avg Loss: 0.9332 | Avg Accuracy: 62.83 | Avg Perplexity: 0.000 |Model Sparsity: 0.99
Epoch [42/50]: Avg Loss: 0.9242 | Avg Accuracy: 62.47 | Avg Perplexity: 0.000 |Model Sparsity: 0.99
Epoch [43/50]: Avg Loss: 0.9128 | Avg Accuracy: 63.25 | Avg Perplexity: 0.000 |Model Sparsity: 0.99
Epoch [44/50]: Avg Loss: 0.9041 | Avg Accuracy: 63.59 | Avg Perplexity: 0.000 |Model Sparsity: 0.99
Epoch [45/50]: Avg Loss: 0.8923 | Avg Accuracy: 63.27 | Avg Perplexity: 0.000 |Model Sparsity: 0.99
Epoch [46/50]: Avg Loss: 0.8846 | Avg Accuracy: 63.03 | Avg Perplexity: 0.000 |Model Sparsity: 0.99
Epoch [47/50]: Avg Loss: 0.8683 | Avg Accuracy: 63.21 | Avg Perplexity: 0.000 |Model Sparsity: 0.99
Epoch [48/50]: Avg Loss: 0.8630 | Avg Accuracy: 63.23 | Avg Perplexity: 0.000 |Model Sparsity: 0.99
Epoch [49/50]: Avg Loss: 0.8461 | Avg Accuracy: 63.07 | Avg Perplexity: 0.000 |Model Sparsity: 0.99
Epoch [50/50]: Avg Loss: 0.8399 | Avg Accuracy: 63.81 | Avg Perplexity: 0.000 |Model Sparsity: 0.99
