Model : vgg11 - Learning Type: cifar10/bacp_LRS_sgd_0.05/magnitude_pruning/0.95
Configuration:
model_name: vgg11
model_task: cifar10
model_type: cv
num_classes: 10
batch_size: 512
learning_rate: 0.05
optimizer_type: sgd
epochs: 1
recovery_epochs: 10
patience: 1
pruning_type: magnitude_pruning
target_sparsity: 0.95
sparsity_scheduler: cubic
pruning_epochs: 1
n_views: 2
temperature: 20
base_temperature: 20
device: cuda
enable_mixed_precision: True
num_workers: 24
train_batches: 83
val_batches: 14
current_model_path: /dbfs/research/vgg11/cifar10/vgg11_cifar10_magnitude_pruning_0.95_bacp_LRS_sgd_0.05.pt

Epoch [1/1]: Avg Total Loss: 7.4410 | Avg PrC Loss: 3.4650 | Avg SnC Loss: 0.0000 | Avg FiC Loss: 3.4642 | Avg CE Loss: 0.5119 | Model Sparsity: 0.95
Retraining Epoch [1/10]: Avg Total Loss: 10.7317 | Avg PrC Loss: 3.4632 | Avg SnC Loss: 3.4513 | Avg FiC Loss: 3.4610 | Avg CE Loss: 0.3561 | Model Sparsity: 0.95
Retraining Epoch [2/10]: Avg Total Loss: 10.6602 | Avg PrC Loss: 3.4628 | Avg SnC Loss: 3.4503 | Avg FiC Loss: 3.4602 | Avg CE Loss: 0.2870 | Model Sparsity: 0.95
Retraining Epoch [3/10]: Avg Total Loss: 10.6243 | Avg PrC Loss: 3.4626 | Avg SnC Loss: 3.4501 | Avg FiC Loss: 3.4598 | Avg CE Loss: 0.2518 | Model Sparsity: 0.95
Retraining Epoch [4/10]: Avg Total Loss: 10.6032 | Avg PrC Loss: 3.4625 | Avg SnC Loss: 3.4500 | Avg FiC Loss: 3.4595 | Avg CE Loss: 0.2312 | Model Sparsity: 0.95
Retraining Epoch [5/10]: Avg Total Loss: 10.5927 | Avg PrC Loss: 3.4624 | Avg SnC Loss: 3.4501 | Avg FiC Loss: 3.4593 | Avg CE Loss: 0.2209 | Model Sparsity: 0.95
Retraining Epoch [6/10]: Avg Total Loss: 10.5769 | Avg PrC Loss: 3.4624 | Avg SnC Loss: 3.4500 | Avg FiC Loss: 3.4591 | Avg CE Loss: 0.2055 | Model Sparsity: 0.95
Retraining Epoch [7/10]: Avg Total Loss: 10.5680 | Avg PrC Loss: 3.4623 | Avg SnC Loss: 3.4499 | Avg FiC Loss: 3.4590 | Avg CE Loss: 0.1967 | Model Sparsity: 0.95
Retraining Epoch [8/10]: Avg Total Loss: 10.5596 | Avg PrC Loss: 3.4623 | Avg SnC Loss: 3.4500 | Avg FiC Loss: 3.4588 | Avg CE Loss: 0.1885 | Model Sparsity: 0.95
Retraining Epoch [9/10]: Avg Total Loss: 10.5544 | Avg PrC Loss: 3.4623 | Avg SnC Loss: 3.4501 | Avg FiC Loss: 3.4587 | Avg CE Loss: 0.1834 | Model Sparsity: 0.95
Retraining Epoch [10/10]: Avg Total Loss: 10.5483 | Avg PrC Loss: 3.4622 | Avg SnC Loss: 3.4500 | Avg FiC Loss: 3.4587 | Avg CE Loss: 0.1774 | Model Sparsity: 0.95
