Model : vgg11 - Learning Type: cifar10/bacp_LRS_adamw_0.0001/magnitude_pruning/0.95
Configuration:
model_name: vgg11
model_task: cifar10
model_type: cv
num_classes: 10
batch_size: 512
learning_rate: 0.0001
optimizer_type: adamw
epochs: 1
recovery_epochs: 10
patience: 1
pruning_type: magnitude_pruning
target_sparsity: 0.95
sparsity_scheduler: cubic
pruning_epochs: 1
n_views: 2
temperature: 20
base_temperature: 20
device: cuda
enable_mixed_precision: True
num_workers: 24
train_batches: 83
val_batches: 14
current_model_path: /dbfs/research/vgg11/cifar10/vgg11_cifar10_magnitude_pruning_0.95_bacp_LRS_adamw_0.0001.pt

Epoch [1/1]: Avg Total Loss: 7.4613 | Avg PrC Loss: 3.4643 | Avg SnC Loss: 0.0000 | Avg FiC Loss: 3.4632 | Avg CE Loss: 0.5339 | Model Sparsity: 0.95
Retraining Epoch [1/10]: Avg Total Loss: 10.7551 | Avg PrC Loss: 3.4626 | Avg SnC Loss: 3.4496 | Avg FiC Loss: 3.4600 | Avg CE Loss: 0.3828 | Model Sparsity: 0.95
Retraining Epoch [2/10]: Avg Total Loss: 10.7006 | Avg PrC Loss: 3.4624 | Avg SnC Loss: 3.4496 | Avg FiC Loss: 3.4594 | Avg CE Loss: 0.3293 | Model Sparsity: 0.95
Retraining Epoch [3/10]: Avg Total Loss: 10.6750 | Avg PrC Loss: 3.4623 | Avg SnC Loss: 3.4496 | Avg FiC Loss: 3.4590 | Avg CE Loss: 0.3041 | Model Sparsity: 0.95
Retraining Epoch [4/10]: Avg Total Loss: 10.6543 | Avg PrC Loss: 3.4622 | Avg SnC Loss: 3.4497 | Avg FiC Loss: 3.4588 | Avg CE Loss: 0.2837 | Model Sparsity: 0.95
Retraining Epoch [5/10]: Avg Total Loss: 10.6397 | Avg PrC Loss: 3.4621 | Avg SnC Loss: 3.4497 | Avg FiC Loss: 3.4586 | Avg CE Loss: 0.2693 | Model Sparsity: 0.95
Retraining Epoch [6/10]: Avg Total Loss: 10.6281 | Avg PrC Loss: 3.4621 | Avg SnC Loss: 3.4498 | Avg FiC Loss: 3.4584 | Avg CE Loss: 0.2578 | Model Sparsity: 0.95
Retraining Epoch [7/10]: Avg Total Loss: 10.6166 | Avg PrC Loss: 3.4621 | Avg SnC Loss: 3.4498 | Avg FiC Loss: 3.4583 | Avg CE Loss: 0.2465 | Model Sparsity: 0.95
Retraining Epoch [8/10]: Avg Total Loss: 10.6108 | Avg PrC Loss: 3.4620 | Avg SnC Loss: 3.4499 | Avg FiC Loss: 3.4582 | Avg CE Loss: 0.2406 | Model Sparsity: 0.95
Retraining Epoch [9/10]: Avg Total Loss: 10.6023 | Avg PrC Loss: 3.4620 | Avg SnC Loss: 3.4498 | Avg FiC Loss: 3.4581 | Avg CE Loss: 0.2324 | Model Sparsity: 0.95
Retraining Epoch [10/10]: Avg Total Loss: 10.5951 | Avg PrC Loss: 3.4620 | Avg SnC Loss: 3.4499 | Avg FiC Loss: 3.4580 | Avg CE Loss: 0.2252 | Model Sparsity: 0.95
