Model : vgg11 - Learning Type: emnist/baseline
Configuration:
model_type: cv
model_name: vgg11
model_task: emnist
num_classes: 47
criterion: CrossEntropyLoss()
embedding_dim: 4096
epochs: 100
pruning_epochs: 100
recovery_epochs: 10
batch_size: 512
learning_rate: 0.01
learning_type: baseline
scheduler_type: linear_with_warmup
optimizer_type: sgd
total_steps: 18700
warmup_steps: 1870
prune: False
target_sparsity: 0.0
sparsity_scheduler: linear
enable_mixed_precision: True
device: cuda
save_path: /dbfs/research/vgg11/emnist/vgg11_emnist_baseline.pt

Epoch [1/100]: Avg Loss: 2.4937 | Avg Accuracy: 77.23 | Model Sparsity: 0.0
Epoch [2/100]: Avg Loss: 0.6275 | Avg Accuracy: 83.65 | Model Sparsity: 0.0
Epoch [3/100]: Avg Loss: 0.4760 | Avg Accuracy: 86.21 | Model Sparsity: 0.0
Epoch [4/100]: Avg Loss: 0.4164 | Avg Accuracy: 86.30 | Model Sparsity: 0.0
Epoch [5/100]: Avg Loss: 0.3791 | Avg Accuracy: 86.97 | Model Sparsity: 0.0
Epoch [6/100]: Avg Loss: 0.3532 | Avg Accuracy: 87.12 | Model Sparsity: 0.0
Epoch [7/100]: Avg Loss: 0.3355 | Avg Accuracy: 87.90 | Model Sparsity: 0.0
Epoch [8/100]: Avg Loss: 0.3191 | Avg Accuracy: 88.15 | Model Sparsity: 0.0
Epoch [9/100]: Avg Loss: 0.3066 | Avg Accuracy: 86.97 | Model Sparsity: 0.0
Epoch [10/100]: Avg Loss: 0.2961 | Avg Accuracy: 88.68 | Model Sparsity: 0.0
Epoch [11/100]: Avg Loss: 0.2833 | Avg Accuracy: 88.49 | Model Sparsity: 0.0
Epoch [12/100]: Avg Loss: 0.2685 | Avg Accuracy: 88.53 | Model Sparsity: 0.0
Epoch [13/100]: Avg Loss: 0.2584 | Avg Accuracy: 88.73 | Model Sparsity: 0.0
Epoch [14/100]: Avg Loss: 0.2489 | Avg Accuracy: 89.09 | Model Sparsity: 0.0
Epoch [15/100]: Avg Loss: 0.2402 | Avg Accuracy: 88.92 | Model Sparsity: 0.0
Epoch [16/100]: Avg Loss: 0.2312 | Avg Accuracy: 88.91 | Model Sparsity: 0.0
Epoch [17/100]: Avg Loss: 0.2215 | Avg Accuracy: 88.97 | Model Sparsity: 0.0
Epoch [18/100]: Avg Loss: 0.2178 | Avg Accuracy: 89.38 | Model Sparsity: 0.0
Epoch [19/100]: Avg Loss: 0.2112 | Avg Accuracy: 89.11 | Model Sparsity: 0.0
Epoch [20/100]: Avg Loss: 0.2053 | Avg Accuracy: 89.23 | Model Sparsity: 0.0
Epoch [21/100]: Avg Loss: 0.2017 | Avg Accuracy: 89.44 | Model Sparsity: 0.0
Epoch [22/100]: Avg Loss: 0.1950 | Avg Accuracy: 89.20 | Model Sparsity: 0.0
Epoch [23/100]: Avg Loss: 0.1921 | Avg Accuracy: 89.38 | Model Sparsity: 0.0
Epoch [24/100]: Avg Loss: 0.1881 | Avg Accuracy: 89.29 | Model Sparsity: 0.0
Epoch [25/100]: Avg Loss: 0.1832 | Avg Accuracy: 89.41 | Model Sparsity: 0.0
Epoch [26/100]: Avg Loss: 0.1780 | Avg Accuracy: 89.28 | Model Sparsity: 0.0
Epoch [27/100]: Avg Loss: 0.1754 | Avg Accuracy: 89.29 | Model Sparsity: 0.0
Epoch [28/100]: Avg Loss: 0.1720 | Avg Accuracy: 89.16 | Model Sparsity: 0.0
Epoch [29/100]: Avg Loss: 0.1672 | Avg Accuracy: 89.11 | Model Sparsity: 0.0
Epoch [30/100]: Avg Loss: 0.1639 | Avg Accuracy: 89.41 | Model Sparsity: 0.0
Epoch [31/100]: Avg Loss: 0.1625 | Avg Accuracy: 89.22 | Model Sparsity: 0.0
Epoch [32/100]: Avg Loss: 0.1599 | Avg Accuracy: 89.25 | Model Sparsity: 0.0
Epoch [33/100]: Avg Loss: 0.1572 | Avg Accuracy: 89.41 | Model Sparsity: 0.0
Epoch [34/100]: Avg Loss: 0.1523 | Avg Accuracy: 89.51 | Model Sparsity: 0.0
Epoch [35/100]: Avg Loss: 0.1485 | Avg Accuracy: 89.25 | Model Sparsity: 0.0
Epoch [36/100]: Avg Loss: 0.1477 | Avg Accuracy: 88.93 | Model Sparsity: 0.0
Epoch [37/100]: Avg Loss: 0.1439 | Avg Accuracy: 89.45 | Model Sparsity: 0.0
Epoch [38/100]: Avg Loss: 0.1423 | Avg Accuracy: 89.31 | Model Sparsity: 0.0
Epoch [39/100]: Avg Loss: 0.1380 | Avg Accuracy: 89.13 | Model Sparsity: 0.0
Epoch [40/100]: Avg Loss: 0.1374 | Avg Accuracy: 89.06 | Model Sparsity: 0.0
Epoch [41/100]: Avg Loss: 0.1322 | Avg Accuracy: 89.15 | Model Sparsity: 0.0
Epoch [42/100]: Avg Loss: 0.1309 | Avg Accuracy: 89.22 | Model Sparsity: 0.0
Epoch [43/100]: Avg Loss: 0.1282 | Avg Accuracy: 88.89 | Model Sparsity: 0.0
Epoch [44/100]: Avg Loss: 0.1260 | Avg Accuracy: 89.35 | Model Sparsity: 0.0
Epoch [45/100]: Avg Loss: 0.1224 | Avg Accuracy: 89.16 | Model Sparsity: 0.0
Epoch [46/100]: Avg Loss: 0.1224 | Avg Accuracy: 89.29 | Model Sparsity: 0.0
Epoch [47/100]: Avg Loss: 0.1194 | Avg Accuracy: 89.19 | Model Sparsity: 0.0
Epoch [48/100]: Avg Loss: 0.1166 | Avg Accuracy: 89.07 | Model Sparsity: 0.0
Epoch [49/100]: Avg Loss: 0.1148 | Avg Accuracy: 88.87 | Model Sparsity: 0.0
Epoch [50/100]: Avg Loss: 0.1121 | Avg Accuracy: 89.28 | Model Sparsity: 0.0
Epoch [51/100]: Avg Loss: 0.1085 | Avg Accuracy: 88.94 | Model Sparsity: 0.0
Epoch [52/100]: Avg Loss: 0.1084 | Avg Accuracy: 89.22 | Model Sparsity: 0.0
Epoch [53/100]: Avg Loss: 0.1045 | Avg Accuracy: 89.20 | Model Sparsity: 0.0
Epoch [54/100]: Avg Loss: 0.1048 | Avg Accuracy: 89.10 | Model Sparsity: 0.0
Epoch [55/100]: Avg Loss: 0.1017 | Avg Accuracy: 89.19 | Model Sparsity: 0.0
Epoch [56/100]: Avg Loss: 0.1005 | Avg Accuracy: 89.03 | Model Sparsity: 0.0
Epoch [57/100]: Avg Loss: 0.0995 | Avg Accuracy: 88.86 | Model Sparsity: 0.0
Epoch [58/100]: Avg Loss: 0.0970 | Avg Accuracy: 89.12 | Model Sparsity: 0.0
Epoch [59/100]: Avg Loss: 0.0938 | Avg Accuracy: 89.14 | Model Sparsity: 0.0
Epoch [60/100]: Avg Loss: 0.0932 | Avg Accuracy: 89.00 | Model Sparsity: 0.0
Epoch [61/100]: Avg Loss: 0.0897 | Avg Accuracy: 89.23 | Model Sparsity: 0.0
Epoch [62/100]: Avg Loss: 0.0905 | Avg Accuracy: 88.86 | Model Sparsity: 0.0
Epoch [63/100]: Avg Loss: 0.0885 | Avg Accuracy: 88.99 | Model Sparsity: 0.0
Epoch [64/100]: Avg Loss: 0.0887 | Avg Accuracy: 89.23 | Model Sparsity: 0.0
Epoch [65/100]: Avg Loss: 0.0852 | Avg Accuracy: 89.00 | Model Sparsity: 0.0
Epoch [66/100]: Avg Loss: 0.0829 | Avg Accuracy: 88.93 | Model Sparsity: 0.0
Epoch [67/100]: Avg Loss: 0.0825 | Avg Accuracy: 89.02 | Model Sparsity: 0.0
Epoch [68/100]: Avg Loss: 0.0794 | Avg Accuracy: 88.98 | Model Sparsity: 0.0
Epoch [69/100]: Avg Loss: 0.0779 | Avg Accuracy: 88.94 | Model Sparsity: 0.0
Epoch [70/100]: Avg Loss: 0.0771 | Avg Accuracy: 88.65 | Model Sparsity: 0.0
Epoch [71/100]: Avg Loss: 0.0763 | Avg Accuracy: 88.96 | Model Sparsity: 0.0
Epoch [72/100]: Avg Loss: 0.0750 | Avg Accuracy: 89.10 | Model Sparsity: 0.0
Epoch [73/100]: Avg Loss: 0.0720 | Avg Accuracy: 89.02 | Model Sparsity: 0.0
Epoch [74/100]: Avg Loss: 0.0717 | Avg Accuracy: 89.08 | Model Sparsity: 0.0
Epoch [75/100]: Avg Loss: 0.0693 | Avg Accuracy: 89.09 | Model Sparsity: 0.0
Epoch [76/100]: Avg Loss: 0.0685 | Avg Accuracy: 88.93 | Model Sparsity: 0.0
Epoch [77/100]: Avg Loss: 0.0679 | Avg Accuracy: 89.08 | Model Sparsity: 0.0
Epoch [78/100]: Avg Loss: 0.0661 | Avg Accuracy: 89.08 | Model Sparsity: 0.0
Epoch [79/100]: Avg Loss: 0.0655 | Avg Accuracy: 89.23 | Model Sparsity: 0.0
Epoch [80/100]: Avg Loss: 0.0638 | Avg Accuracy: 89.02 | Model Sparsity: 0.0
Epoch [81/100]: Avg Loss: 0.0622 | Avg Accuracy: 89.23 | Model Sparsity: 0.0
Epoch [82/100]: Avg Loss: 0.0612 | Avg Accuracy: 89.39 | Model Sparsity: 0.0
Epoch [83/100]: Avg Loss: 0.0597 | Avg Accuracy: 88.94 | Model Sparsity: 0.0
Epoch [84/100]: Avg Loss: 0.0592 | Avg Accuracy: 89.13 | Model Sparsity: 0.0
