Model : vit_small - Learning Type: svhn/baseline
Configuration:
model_type: cv
model_name: vit_small
model_task: svhn
num_classes: 10
criterion: CrossEntropyLoss()
embedding_dim: 384
epochs: 10
pruning_epochs: 10
recovery_epochs: 10
batch_size: 256
learning_rate: 0.01
learning_type: baseline
scheduler_type: linear_with_warmup
optimizer_type: sgd
total_steps: 2430
warmup_steps: 243
prune: False
target_sparsity: 0.0
sparsity_scheduler: linear
enable_mixed_precision: True
device: cuda
save_path: /dbfs/research/vit_small/svhn/vit_small_svhn_baseline.pt

Epoch [1/10]: Avg Loss: 0.7073 | Avg Accuracy: 93.76 | Avg Perplexity: 0.000 |Model Sparsity: 0.0
Epoch [2/10]: Avg Loss: 0.1877 | Avg Accuracy: 95.70 | Avg Perplexity: 0.000 |Model Sparsity: 0.0
Epoch [3/10]: Avg Loss: 0.1337 | Avg Accuracy: 95.99 | Avg Perplexity: 0.000 |Model Sparsity: 0.0
Epoch [4/10]: Avg Loss: 0.1056 | Avg Accuracy: 96.01 | Avg Perplexity: 0.000 |Model Sparsity: 0.0
Epoch [5/10]: Avg Loss: 0.0813 | Avg Accuracy: 96.36 | Avg Perplexity: 0.000 |Model Sparsity: 0.0
Epoch [6/10]: Avg Loss: 0.0614 | Avg Accuracy: 96.33 | Avg Perplexity: 0.000 |Model Sparsity: 0.0
Epoch [7/10]: Avg Loss: 0.0439 | Avg Accuracy: 96.13 | Avg Perplexity: 0.000 |Model Sparsity: 0.0
Epoch [8/10]: Avg Loss: 0.0302 | Avg Accuracy: 96.24 | Avg Perplexity: 0.000 |Model Sparsity: 0.0
Epoch [9/10]: Avg Loss: 0.0210 | Avg Accuracy: 96.46 | Avg Perplexity: 0.000 |Model Sparsity: 0.0
Epoch [10/10]: Avg Loss: 0.0154 | Avg Accuracy: 96.41 | Avg Perplexity: 0.000 |Model Sparsity: 0.0
