Model : vit_tiny - Learning Type: cifar100/baseline
Configuration:
model_type: cv
model_name: vit_tiny
model_task: cifar100
num_classes: 100
criterion: CrossEntropyLoss()
embedding_dim: 192
epochs: 10
pruning_epochs: 10
recovery_epochs: 10
batch_size: 256
learning_rate: 0.01
learning_type: baseline
scheduler_type: linear_with_warmup
optimizer_type: sgd
total_steps: 1660
warmup_steps: 166
prune: False
target_sparsity: 0.0
sparsity_scheduler: linear
enable_mixed_precision: True
device: cuda
save_path: /dbfs/research/vit_tiny/cifar100/vit_tiny_cifar100_baseline.pt

Epoch [1/10]: Avg Loss: 3.5012 | Avg Accuracy: 59.78 | Model Sparsity: 0.0
Epoch [2/10]: Avg Loss: 0.9387 | Avg Accuracy: 76.31 | Model Sparsity: 0.0
Epoch [3/10]: Avg Loss: 0.5634 | Avg Accuracy: 79.40 | Model Sparsity: 0.0
Epoch [4/10]: Avg Loss: 0.3803 | Avg Accuracy: 80.75 | Model Sparsity: 0.0
Epoch [5/10]: Avg Loss: 0.2550 | Avg Accuracy: 82.61 | Model Sparsity: 0.0
Epoch [6/10]: Avg Loss: 0.1476 | Avg Accuracy: 84.33 | Model Sparsity: 0.0
Epoch [7/10]: Avg Loss: 0.0801 | Avg Accuracy: 84.17 | Model Sparsity: 0.0
Epoch [8/10]: Avg Loss: 0.0433 | Avg Accuracy: 85.20 | Model Sparsity: 0.0
Epoch [9/10]: Avg Loss: 0.0281 | Avg Accuracy: 85.51 | Model Sparsity: 0.0
Epoch [10/10]: Avg Loss: 0.0218 | Avg Accuracy: 85.10 | Model Sparsity: 0.0
