Model : vgg11 - Learning Type: cifar100/baseline
Configuration:
model_type: cv
model_name: vgg11
model_task: cifar100
num_classes: 100
criterion: CrossEntropyLoss()
embedding_dim: 4096
epochs: 100
pruning_epochs: 100
recovery_epochs: 10
batch_size: 512
learning_rate: 0.01
learning_type: baseline
scheduler_type: linear_with_warmup
optimizer_type: sgd
total_steps: 8300
warmup_steps: 830
prune: False
target_sparsity: 0.0
sparsity_scheduler: linear
enable_mixed_precision: True
device: cuda
save_path: /dbfs/research/vgg11/cifar100/vgg11_cifar100_baseline.pt

Epoch [1/100]: Avg Loss: 4.6466 | Avg Accuracy: 10.310 | Avg Perplexity: 0.000 |Model Sparsity: 0.0
Epoch [2/100]: Avg Loss: 3.4876 | Avg Accuracy: 30.901 | Avg Perplexity: 0.000 |Model Sparsity: 0.0
Epoch [3/100]: Avg Loss: 2.6226 | Avg Accuracy: 40.946 | Avg Perplexity: 0.000 |Model Sparsity: 0.0
Epoch [4/100]: Avg Loss: 2.2360 | Avg Accuracy: 45.982 | Avg Perplexity: 0.000 |Model Sparsity: 0.0
Epoch [5/100]: Avg Loss: 2.0158 | Avg Accuracy: 49.512 | Avg Perplexity: 0.000 |Model Sparsity: 0.0
Epoch [6/100]: Avg Loss: 1.8464 | Avg Accuracy: 52.734 | Avg Perplexity: 0.000 |Model Sparsity: 0.0
Epoch [7/100]: Avg Loss: 1.7259 | Avg Accuracy: 53.641 | Avg Perplexity: 0.000 |Model Sparsity: 0.0
Epoch [8/100]: Avg Loss: 1.6040 | Avg Accuracy: 54.967 | Avg Perplexity: 0.000 |Model Sparsity: 0.0
Epoch [9/100]: Avg Loss: 1.5275 | Avg Accuracy: 55.622 | Avg Perplexity: 0.000 |Model Sparsity: 0.0
Epoch [10/100]: Avg Loss: 1.4547 | Avg Accuracy: 56.808 | Avg Perplexity: 0.000 |Model Sparsity: 0.0
Epoch [11/100]: Avg Loss: 1.3678 | Avg Accuracy: 57.868 | Avg Perplexity: 0.000 |Model Sparsity: 0.0
Epoch [12/100]: Avg Loss: 1.2747 | Avg Accuracy: 58.161 | Avg Perplexity: 0.000 |Model Sparsity: 0.0
Epoch [13/100]: Avg Loss: 1.2002 | Avg Accuracy: 60.240 | Avg Perplexity: 0.000 |Model Sparsity: 0.0
Epoch [14/100]: Avg Loss: 1.1243 | Avg Accuracy: 60.449 | Avg Perplexity: 0.000 |Model Sparsity: 0.0
Epoch [15/100]: Avg Loss: 1.0568 | Avg Accuracy: 60.798 | Avg Perplexity: 0.000 |Model Sparsity: 0.0
Epoch [16/100]: Avg Loss: 0.9969 | Avg Accuracy: 61.663 | Avg Perplexity: 0.000 |Model Sparsity: 0.0
Epoch [17/100]: Avg Loss: 0.9369 | Avg Accuracy: 62.040 | Avg Perplexity: 0.000 |Model Sparsity: 0.0
Epoch [18/100]: Avg Loss: 0.8960 | Avg Accuracy: 62.653 | Avg Perplexity: 0.000 |Model Sparsity: 0.0
Epoch [19/100]: Avg Loss: 0.8431 | Avg Accuracy: 62.123 | Avg Perplexity: 0.000 |Model Sparsity: 0.0
Epoch [20/100]: Avg Loss: 0.8041 | Avg Accuracy: 61.900 | Avg Perplexity: 0.000 |Model Sparsity: 0.0
Epoch [21/100]: Avg Loss: 0.7633 | Avg Accuracy: 62.542 | Avg Perplexity: 0.000 |Model Sparsity: 0.0
Epoch [22/100]: Avg Loss: 0.7122 | Avg Accuracy: 62.514 | Avg Perplexity: 0.000 |Model Sparsity: 0.0
Epoch [23/100]: Avg Loss: 0.6729 | Avg Accuracy: 63.616 | Avg Perplexity: 0.000 |Model Sparsity: 0.0
Epoch [24/100]: Avg Loss: 0.6511 | Avg Accuracy: 63.016 | Avg Perplexity: 0.000 |Model Sparsity: 0.0
Epoch [25/100]: Avg Loss: 0.6137 | Avg Accuracy: 64.007 | Avg Perplexity: 0.000 |Model Sparsity: 0.0
Epoch [26/100]: Avg Loss: 0.5848 | Avg Accuracy: 63.714 | Avg Perplexity: 0.000 |Model Sparsity: 0.0
Epoch [27/100]: Avg Loss: 0.5377 | Avg Accuracy: 63.951 | Avg Perplexity: 0.000 |Model Sparsity: 0.0
Epoch [28/100]: Avg Loss: 0.5299 | Avg Accuracy: 64.551 | Avg Perplexity: 0.000 |Model Sparsity: 0.0
Epoch [29/100]: Avg Loss: 0.4846 | Avg Accuracy: 64.146 | Avg Perplexity: 0.000 |Model Sparsity: 0.0
Epoch [30/100]: Avg Loss: 0.4654 | Avg Accuracy: 64.104 | Avg Perplexity: 0.000 |Model Sparsity: 0.0
Epoch [31/100]: Avg Loss: 0.4364 | Avg Accuracy: 64.844 | Avg Perplexity: 0.000 |Model Sparsity: 0.0
Epoch [32/100]: Avg Loss: 0.4196 | Avg Accuracy: 63.951 | Avg Perplexity: 0.000 |Model Sparsity: 0.0
Epoch [33/100]: Avg Loss: 0.4016 | Avg Accuracy: 64.286 | Avg Perplexity: 0.000 |Model Sparsity: 0.0
Epoch [34/100]: Avg Loss: 0.3693 | Avg Accuracy: 64.732 | Avg Perplexity: 0.000 |Model Sparsity: 0.0
Epoch [35/100]: Avg Loss: 0.3473 | Avg Accuracy: 63.728 | Avg Perplexity: 0.000 |Model Sparsity: 0.0
Epoch [36/100]: Avg Loss: 0.3292 | Avg Accuracy: 64.272 | Avg Perplexity: 0.000 |Model Sparsity: 0.0
Epoch [37/100]: Avg Loss: 0.3305 | Avg Accuracy: 64.914 | Avg Perplexity: 0.000 |Model Sparsity: 0.0
Epoch [38/100]: Avg Loss: 0.2937 | Avg Accuracy: 64.258 | Avg Perplexity: 0.000 |Model Sparsity: 0.0
Epoch [39/100]: Avg Loss: 0.2828 | Avg Accuracy: 64.160 | Avg Perplexity: 0.000 |Model Sparsity: 0.0
Epoch [40/100]: Avg Loss: 0.2708 | Avg Accuracy: 65.234 | Avg Perplexity: 0.000 |Model Sparsity: 0.0
Epoch [41/100]: Avg Loss: 0.2541 | Avg Accuracy: 63.658 | Avg Perplexity: 0.000 |Model Sparsity: 0.0
Epoch [42/100]: Avg Loss: 0.2381 | Avg Accuracy: 65.248 | Avg Perplexity: 0.000 |Model Sparsity: 0.0
Epoch [43/100]: Avg Loss: 0.2269 | Avg Accuracy: 64.955 | Avg Perplexity: 0.000 |Model Sparsity: 0.0
Epoch [44/100]: Avg Loss: 0.2080 | Avg Accuracy: 64.286 | Avg Perplexity: 0.000 |Model Sparsity: 0.0
Epoch [45/100]: Avg Loss: 0.2086 | Avg Accuracy: 64.258 | Avg Perplexity: 0.000 |Model Sparsity: 0.0
Epoch [46/100]: Avg Loss: 0.2003 | Avg Accuracy: 64.955 | Avg Perplexity: 0.000 |Model Sparsity: 0.0
Epoch [47/100]: Avg Loss: 0.1870 | Avg Accuracy: 65.737 | Avg Perplexity: 0.000 |Model Sparsity: 0.0
Epoch [48/100]: Avg Loss: 0.1775 | Avg Accuracy: 64.244 | Avg Perplexity: 0.000 |Model Sparsity: 0.0
Epoch [49/100]: Avg Loss: 0.1652 | Avg Accuracy: 65.569 | Avg Perplexity: 0.000 |Model Sparsity: 0.0
Epoch [50/100]: Avg Loss: 0.1595 | Avg Accuracy: 65.081 | Avg Perplexity: 0.000 |Model Sparsity: 0.0
Epoch [51/100]: Avg Loss: 0.1554 | Avg Accuracy: 64.732 | Avg Perplexity: 0.000 |Model Sparsity: 0.0
Epoch [52/100]: Avg Loss: 0.1369 | Avg Accuracy: 64.621 | Avg Perplexity: 0.000 |Model Sparsity: 0.0
Epoch [53/100]: Avg Loss: 0.1339 | Avg Accuracy: 65.262 | Avg Perplexity: 0.000 |Model Sparsity: 0.0
Epoch [54/100]: Avg Loss: 0.1297 | Avg Accuracy: 64.579 | Avg Perplexity: 0.000 |Model Sparsity: 0.0
Epoch [55/100]: Avg Loss: 0.1200 | Avg Accuracy: 64.927 | Avg Perplexity: 0.000 |Model Sparsity: 0.0
Epoch [56/100]: Avg Loss: 0.1217 | Avg Accuracy: 64.816 | Avg Perplexity: 0.000 |Model Sparsity: 0.0
Epoch [57/100]: Avg Loss: 0.1126 | Avg Accuracy: 65.960 | Avg Perplexity: 0.000 |Model Sparsity: 0.0
Epoch [58/100]: Avg Loss: 0.1027 | Avg Accuracy: 65.513 | Avg Perplexity: 0.000 |Model Sparsity: 0.0
Epoch [59/100]: Avg Loss: 0.0971 | Avg Accuracy: 65.569 | Avg Perplexity: 0.000 |Model Sparsity: 0.0
Epoch [60/100]: Avg Loss: 0.0900 | Avg Accuracy: 65.876 | Avg Perplexity: 0.000 |Model Sparsity: 0.0
Epoch [61/100]: Avg Loss: 0.0925 | Avg Accuracy: 64.774 | Avg Perplexity: 0.000 |Model Sparsity: 0.0
Epoch [62/100]: Avg Loss: 0.0830 | Avg Accuracy: 65.569 | Avg Perplexity: 0.000 |Model Sparsity: 0.0
Epoch [63/100]: Avg Loss: 0.0799 | Avg Accuracy: 65.778 | Avg Perplexity: 0.000 |Model Sparsity: 0.0
Epoch [64/100]: Avg Loss: 0.0754 | Avg Accuracy: 65.876 | Avg Perplexity: 0.000 |Model Sparsity: 0.0
Epoch [65/100]: Avg Loss: 0.0708 | Avg Accuracy: 65.569 | Avg Perplexity: 0.000 |Model Sparsity: 0.0
Epoch [66/100]: Avg Loss: 0.0680 | Avg Accuracy: 66.183 | Avg Perplexity: 0.000 |Model Sparsity: 0.0
Epoch [67/100]: Avg Loss: 0.0682 | Avg Accuracy: 66.197 | Avg Perplexity: 0.000 |Model Sparsity: 0.0
Epoch [68/100]: Avg Loss: 0.0622 | Avg Accuracy: 66.044 | Avg Perplexity: 0.000 |Model Sparsity: 0.0
Epoch [69/100]: Avg Loss: 0.0636 | Avg Accuracy: 65.374 | Avg Perplexity: 0.000 |Model Sparsity: 0.0
Epoch [70/100]: Avg Loss: 0.0584 | Avg Accuracy: 66.281 | Avg Perplexity: 0.000 |Model Sparsity: 0.0
Epoch [71/100]: Avg Loss: 0.0545 | Avg Accuracy: 66.071 | Avg Perplexity: 0.000 |Model Sparsity: 0.0
Epoch [72/100]: Avg Loss: 0.0563 | Avg Accuracy: 66.574 | Avg Perplexity: 0.000 |Model Sparsity: 0.0
Epoch [73/100]: Avg Loss: 0.0531 | Avg Accuracy: 66.197 | Avg Perplexity: 0.000 |Model Sparsity: 0.0
Epoch [74/100]: Avg Loss: 0.0488 | Avg Accuracy: 65.751 | Avg Perplexity: 0.000 |Model Sparsity: 0.0
Epoch [75/100]: Avg Loss: 0.0515 | Avg Accuracy: 66.309 | Avg Perplexity: 0.000 |Model Sparsity: 0.0
Epoch [76/100]: Avg Loss: 0.0448 | Avg Accuracy: 66.378 | Avg Perplexity: 0.000 |Model Sparsity: 0.0
Epoch [77/100]: Avg Loss: 0.0425 | Avg Accuracy: 66.044 | Avg Perplexity: 0.000 |Model Sparsity: 0.0
Epoch [78/100]: Avg Loss: 0.0425 | Avg Accuracy: 66.253 | Avg Perplexity: 0.000 |Model Sparsity: 0.0
Epoch [79/100]: Avg Loss: 0.0421 | Avg Accuracy: 66.448 | Avg Perplexity: 0.000 |Model Sparsity: 0.0
Epoch [80/100]: Avg Loss: 0.0400 | Avg Accuracy: 66.616 | Avg Perplexity: 0.000 |Model Sparsity: 0.0
Epoch [81/100]: Avg Loss: 0.0380 | Avg Accuracy: 66.155 | Avg Perplexity: 0.000 |Model Sparsity: 0.0
Epoch [82/100]: Avg Loss: 0.0375 | Avg Accuracy: 66.281 | Avg Perplexity: 0.000 |Model Sparsity: 0.0
Epoch [83/100]: Avg Loss: 0.0342 | Avg Accuracy: 66.323 | Avg Perplexity: 0.000 |Model Sparsity: 0.0
Epoch [84/100]: Avg Loss: 0.0339 | Avg Accuracy: 65.974 | Avg Perplexity: 0.000 |Model Sparsity: 0.0
Epoch [85/100]: Avg Loss: 0.0325 | Avg Accuracy: 66.239 | Avg Perplexity: 0.000 |Model Sparsity: 0.0
Epoch [86/100]: Avg Loss: 0.0319 | Avg Accuracy: 66.992 | Avg Perplexity: 0.000 |Model Sparsity: 0.0
Epoch [87/100]: Avg Loss: 0.0288 | Avg Accuracy: 67.229 | Avg Perplexity: 0.000 |Model Sparsity: 0.0
Epoch [88/100]: Avg Loss: 0.0307 | Avg Accuracy: 66.532 | Avg Perplexity: 0.000 |Model Sparsity: 0.0
Epoch [89/100]: Avg Loss: 0.0276 | Avg Accuracy: 66.741 | Avg Perplexity: 0.000 |Model Sparsity: 0.0
Epoch [90/100]: Avg Loss: 0.0260 | Avg Accuracy: 66.881 | Avg Perplexity: 0.000 |Model Sparsity: 0.0
Epoch [91/100]: Avg Loss: 0.0279 | Avg Accuracy: 67.174 | Avg Perplexity: 0.000 |Model Sparsity: 0.0
Epoch [92/100]: Avg Loss: 0.0262 | Avg Accuracy: 66.867 | Avg Perplexity: 0.000 |Model Sparsity: 0.0
Epoch [93/100]: Avg Loss: 0.0236 | Avg Accuracy: 67.215 | Avg Perplexity: 0.000 |Model Sparsity: 0.0
Epoch [94/100]: Avg Loss: 0.0225 | Avg Accuracy: 66.811 | Avg Perplexity: 0.000 |Model Sparsity: 0.0
Epoch [95/100]: Avg Loss: 0.0244 | Avg Accuracy: 67.341 | Avg Perplexity: 0.000 |Model Sparsity: 0.0
Epoch [96/100]: Avg Loss: 0.0241 | Avg Accuracy: 66.685 | Avg Perplexity: 0.000 |Model Sparsity: 0.0
Epoch [97/100]: Avg Loss: 0.0214 | Avg Accuracy: 66.643 | Avg Perplexity: 0.000 |Model Sparsity: 0.0
Epoch [98/100]: Avg Loss: 0.0223 | Avg Accuracy: 66.657 | Avg Perplexity: 0.000 |Model Sparsity: 0.0
Epoch [99/100]: Avg Loss: 0.0228 | Avg Accuracy: 67.355 | Avg Perplexity: 0.000 |Model Sparsity: 0.0
Epoch [100/100]: Avg Loss: 0.0205 | Avg Accuracy: 67.578 | Avg Perplexity: 0.000 |Model Sparsity: 0.0
