Model : vgg11 - Learning Type: cifar10/bacp_pruning/magnitude_pruning/0.99
Configuration:
model_name: vgg11
model_task: cifar10
model_type: cv
num_classes: 10
batch_size: 512
learning_rate: 0.1
optimizer_type: sgd
epochs: 5
recovery_epochs: 10
patience: 20
pruning_type: magnitude_pruning
target_sparsity: 0.99
sparsity_scheduler: cubic
pruning_epochs: 5
n_views: 2
temperature: 0.07
base_temperature: 0.07
device: cuda
enable_mixed_precision: True
num_workers: 24
train_batches: 83
val_batches: 14
current_model_path: /dbfs/research/vgg11/cifar10/vgg11_cifar10_magnitude_pruning_0.99_bacp_pruning.pt

Epoch [1/5]: Avg Total Loss: 8.2459 | Avg PrC Loss: 4.1873 | Avg SnC Loss: 0.0000 | Avg FiC Loss: 3.6282 | Avg CE Loss: 0.4304 | Model Sparsity: 0.4831
Retraining Epoch [1/10]: Avg Total Loss: 10.7172 | Avg PrC Loss: 3.9622 | Avg SnC Loss: 3.0927 | Avg FiC Loss: 3.3011 | Avg CE Loss: 0.3612 | Model Sparsity: 0.4831
Retraining Epoch [2/10]: Avg Total Loss: 9.7872 | Avg PrC Loss: 3.7311 | Avg SnC Loss: 2.8916 | Avg FiC Loss: 2.9400 | Avg CE Loss: 0.2245 | Model Sparsity: 0.4831
Retraining Epoch [3/10]: Avg Total Loss: 9.5071 | Avg PrC Loss: 3.6068 | Avg SnC Loss: 2.8964 | Avg FiC Loss: 2.8208 | Avg CE Loss: 0.1830 | Model Sparsity: 0.4831
Retraining Epoch [4/10]: Avg Total Loss: 9.2982 | Avg PrC Loss: 3.4851 | Avg SnC Loss: 2.9159 | Avg FiC Loss: 2.7367 | Avg CE Loss: 0.1605 | Model Sparsity: 0.4831
Retraining Epoch [5/10]: Avg Total Loss: 9.1582 | Avg PrC Loss: 3.3836 | Avg SnC Loss: 2.9423 | Avg FiC Loss: 2.6853 | Avg CE Loss: 0.1470 | Model Sparsity: 0.4831
Retraining Epoch [6/10]: Avg Total Loss: 9.0407 | Avg PrC Loss: 3.3018 | Avg SnC Loss: 2.9580 | Avg FiC Loss: 2.6454 | Avg CE Loss: 0.1355 | Model Sparsity: 0.4831
Retraining Epoch [7/10]: Avg Total Loss: 8.9459 | Avg PrC Loss: 3.2353 | Avg SnC Loss: 2.9676 | Avg FiC Loss: 2.6170 | Avg CE Loss: 0.1260 | Model Sparsity: 0.4831
Retraining Epoch [8/10]: Avg Total Loss: 8.8876 | Avg PrC Loss: 3.1914 | Avg SnC Loss: 2.9784 | Avg FiC Loss: 2.5982 | Avg CE Loss: 0.1196 | Model Sparsity: 0.4831
Retraining Epoch [9/10]: Avg Total Loss: 8.8256 | Avg PrC Loss: 3.1441 | Avg SnC Loss: 2.9864 | Avg FiC Loss: 2.5818 | Avg CE Loss: 0.1133 | Model Sparsity: 0.4831
Retraining Epoch [10/10]: Avg Total Loss: 8.7908 | Avg PrC Loss: 3.1189 | Avg SnC Loss: 2.9892 | Avg FiC Loss: 2.5738 | Avg CE Loss: 0.1089 | Model Sparsity: 0.4831
Epoch [2/5]: Avg Total Loss: 8.7404 | Avg PrC Loss: 3.0938 | Avg SnC Loss: 2.9883 | Avg FiC Loss: 2.5584 | Avg CE Loss: 0.0999 | Model Sparsity: 0.7762
Retraining Epoch [1/10]: Avg Total Loss: 10.7678 | Avg PrC Loss: 3.0610 | Avg SnC Loss: 5.0357 | Avg FiC Loss: 2.5704 | Avg CE Loss: 0.1008 | Model Sparsity: 0.7762
Retraining Epoch [2/10]: Avg Total Loss: 10.7690 | Avg PrC Loss: 3.0519 | Avg SnC Loss: 5.0460 | Avg FiC Loss: 2.5703 | Avg CE Loss: 0.1009 | Model Sparsity: 0.7762
Retraining Epoch [3/10]: Avg Total Loss: 10.7005 | Avg PrC Loss: 3.0233 | Avg SnC Loss: 5.0255 | Avg FiC Loss: 2.5556 | Avg CE Loss: 0.0961 | Model Sparsity: 0.7762
Retraining Epoch [4/10]: Avg Total Loss: 10.6819 | Avg PrC Loss: 3.0152 | Avg SnC Loss: 5.0231 | Avg FiC Loss: 2.5503 | Avg CE Loss: 0.0933 | Model Sparsity: 0.7762
Retraining Epoch [5/10]: Avg Total Loss: 10.6759 | Avg PrC Loss: 3.0071 | Avg SnC Loss: 5.0269 | Avg FiC Loss: 2.5504 | Avg CE Loss: 0.0915 | Model Sparsity: 0.7762
Retraining Epoch [6/10]: Avg Total Loss: 10.6480 | Avg PrC Loss: 2.9987 | Avg SnC Loss: 5.0168 | Avg FiC Loss: 2.5435 | Avg CE Loss: 0.0890 | Model Sparsity: 0.7762
Retraining Epoch [7/10]: Avg Total Loss: 10.6463 | Avg PrC Loss: 2.9946 | Avg SnC Loss: 5.0234 | Avg FiC Loss: 2.5417 | Avg CE Loss: 0.0867 | Model Sparsity: 0.7762
Retraining Epoch [8/10]: Avg Total Loss: 10.6375 | Avg PrC Loss: 2.9944 | Avg SnC Loss: 5.0183 | Avg FiC Loss: 2.5397 | Avg CE Loss: 0.0850 | Model Sparsity: 0.7762
Retraining Epoch [9/10]: Avg Total Loss: 10.6349 | Avg PrC Loss: 2.9860 | Avg SnC Loss: 5.0227 | Avg FiC Loss: 2.5412 | Avg CE Loss: 0.0849 | Model Sparsity: 0.7762
Retraining Epoch [10/10]: Avg Total Loss: 10.5972 | Avg PrC Loss: 2.9755 | Avg SnC Loss: 5.0097 | Avg FiC Loss: 2.5314 | Avg CE Loss: 0.0806 | Model Sparsity: 0.7762
Epoch [3/5]: Avg Total Loss: 15.5712 | Avg PrC Loss: 4.1171 | Avg SnC Loss: 7.1963 | Avg FiC Loss: 3.7045 | Avg CE Loss: 0.5532 | Model Sparsity: 0.9266
Retraining Epoch [1/10]: Avg Total Loss: 16.6951 | Avg PrC Loss: 3.8769 | Avg SnC Loss: 9.2731 | Avg FiC Loss: 3.2149 | Avg CE Loss: 0.3301 | Model Sparsity: 0.9266
Retraining Epoch [2/10]: Avg Total Loss: 15.3354 | Avg PrC Loss: 3.5941 | Avg SnC Loss: 8.6752 | Avg FiC Loss: 2.8693 | Avg CE Loss: 0.1968 | Model Sparsity: 0.9266
Retraining Epoch [3/10]: Avg Total Loss: 14.7319 | Avg PrC Loss: 3.3799 | Avg SnC Loss: 8.4730 | Avg FiC Loss: 2.7276 | Avg CE Loss: 0.1514 | Model Sparsity: 0.9266
Retraining Epoch [4/10]: Avg Total Loss: 14.3946 | Avg PrC Loss: 3.2507 | Avg SnC Loss: 8.3610 | Avg FiC Loss: 2.6530 | Avg CE Loss: 0.1300 | Model Sparsity: 0.9266
Retraining Epoch [5/10]: Avg Total Loss: 14.2016 | Avg PrC Loss: 3.1835 | Avg SnC Loss: 8.2925 | Avg FiC Loss: 2.6118 | Avg CE Loss: 0.1138 | Model Sparsity: 0.9266
Retraining Epoch [6/10]: Avg Total Loss: 14.1484 | Avg PrC Loss: 3.1643 | Avg SnC Loss: 8.2770 | Avg FiC Loss: 2.5987 | Avg CE Loss: 0.1085 | Model Sparsity: 0.9266
Retraining Epoch [7/10]: Avg Total Loss: 14.0202 | Avg PrC Loss: 3.1241 | Avg SnC Loss: 8.2262 | Avg FiC Loss: 2.5731 | Avg CE Loss: 0.0969 | Model Sparsity: 0.9266
Retraining Epoch [8/10]: Avg Total Loss: 14.0617 | Avg PrC Loss: 3.1274 | Avg SnC Loss: 8.2513 | Avg FiC Loss: 2.5831 | Avg CE Loss: 0.0998 | Model Sparsity: 0.9266
Retraining Epoch [9/10]: Avg Total Loss: 14.0389 | Avg PrC Loss: 3.1202 | Avg SnC Loss: 8.2412 | Avg FiC Loss: 2.5789 | Avg CE Loss: 0.0985 | Model Sparsity: 0.9266
Retraining Epoch [10/10]: Avg Total Loss: 13.9697 | Avg PrC Loss: 3.1005 | Avg SnC Loss: 8.2169 | Avg FiC Loss: 2.5609 | Avg CE Loss: 0.0914 | Model Sparsity: 0.9266
Epoch [4/5]: Avg Total Loss: 19.7763 | Avg PrC Loss: 4.2400 | Avg SnC Loss: 11.0927 | Avg FiC Loss: 3.8408 | Avg CE Loss: 0.6028 | Model Sparsity: 0.9821
Retraining Epoch [1/10]: Avg Total Loss: 20.3300 | Avg PrC Loss: 3.9458 | Avg SnC Loss: 12.6765 | Avg FiC Loss: 3.3384 | Avg CE Loss: 0.3693 | Model Sparsity: 0.9821
Retraining Epoch [2/10]: Avg Total Loss: 19.1095 | Avg PrC Loss: 3.7490 | Avg SnC Loss: 12.0958 | Avg FiC Loss: 3.0150 | Avg CE Loss: 0.2498 | Model Sparsity: 0.9821
Retraining Epoch [3/10]: Avg Total Loss: 18.4711 | Avg PrC Loss: 3.5650 | Avg SnC Loss: 11.8569 | Avg FiC Loss: 2.8539 | Avg CE Loss: 0.1953 | Model Sparsity: 0.9821
Retraining Epoch [4/10]: Avg Total Loss: 18.0727 | Avg PrC Loss: 3.4227 | Avg SnC Loss: 11.7232 | Avg FiC Loss: 2.7591 | Avg CE Loss: 0.1677 | Model Sparsity: 0.9821
Retraining Epoch [5/10]: Avg Total Loss: 17.8799 | Avg PrC Loss: 3.3494 | Avg SnC Loss: 11.6576 | Avg FiC Loss: 2.7174 | Avg CE Loss: 0.1554 | Model Sparsity: 0.9821
Retraining Epoch [6/10]: Avg Total Loss: 17.7749 | Avg PrC Loss: 3.3120 | Avg SnC Loss: 11.6252 | Avg FiC Loss: 2.6926 | Avg CE Loss: 0.1451 | Model Sparsity: 0.9821
Retraining Epoch [7/10]: Avg Total Loss: 17.6902 | Avg PrC Loss: 3.2839 | Avg SnC Loss: 11.5956 | Avg FiC Loss: 2.6725 | Avg CE Loss: 0.1382 | Model Sparsity: 0.9821
Retraining Epoch [8/10]: Avg Total Loss: 17.6949 | Avg PrC Loss: 3.2798 | Avg SnC Loss: 11.6048 | Avg FiC Loss: 2.6733 | Avg CE Loss: 0.1370 | Model Sparsity: 0.9821
Retraining Epoch [9/10]: Avg Total Loss: 17.6070 | Avg PrC Loss: 3.2569 | Avg SnC Loss: 11.5653 | Avg FiC Loss: 2.6545 | Avg CE Loss: 0.1303 | Model Sparsity: 0.9821
Retraining Epoch [10/10]: Avg Total Loss: 17.5371 | Avg PrC Loss: 3.2391 | Avg SnC Loss: 11.5355 | Avg FiC Loss: 2.6383 | Avg CE Loss: 0.1242 | Model Sparsity: 0.9821
Epoch [5/5]: Avg Total Loss: 17.6316 | Avg PrC Loss: 3.2565 | Avg SnC Loss: 11.5759 | Avg FiC Loss: 2.6627 | Avg CE Loss: 0.1365 | Model Sparsity: 0.99
Retraining Epoch [1/10]: Avg Total Loss: 19.7833 | Avg PrC Loss: 3.2256 | Avg SnC Loss: 13.7752 | Avg FiC Loss: 2.6497 | Avg CE Loss: 0.1328 | Model Sparsity: 0.99
Retraining Epoch [2/10]: Avg Total Loss: 19.7293 | Avg PrC Loss: 3.2103 | Avg SnC Loss: 13.7517 | Avg FiC Loss: 2.6379 | Avg CE Loss: 0.1294 | Model Sparsity: 0.99
Retraining Epoch [3/10]: Avg Total Loss: 19.7163 | Avg PrC Loss: 3.2044 | Avg SnC Loss: 13.7481 | Avg FiC Loss: 2.6361 | Avg CE Loss: 0.1277 | Model Sparsity: 0.99
Retraining Epoch [4/10]: Avg Total Loss: 19.7082 | Avg PrC Loss: 3.2048 | Avg SnC Loss: 13.7417 | Avg FiC Loss: 2.6343 | Avg CE Loss: 0.1274 | Model Sparsity: 0.99
Retraining Epoch [5/10]: Avg Total Loss: 19.6175 | Avg PrC Loss: 3.1856 | Avg SnC Loss: 13.6938 | Avg FiC Loss: 2.6180 | Avg CE Loss: 0.1202 | Model Sparsity: 0.99
Retraining Epoch [6/10]: Avg Total Loss: 19.7074 | Avg PrC Loss: 3.2013 | Avg SnC Loss: 13.7471 | Avg FiC Loss: 2.6336 | Avg CE Loss: 0.1253 | Model Sparsity: 0.99
Retraining Epoch [7/10]: Avg Total Loss: 19.6857 | Avg PrC Loss: 3.1947 | Avg SnC Loss: 13.7376 | Avg FiC Loss: 2.6296 | Avg CE Loss: 0.1237 | Model Sparsity: 0.99
Retraining Epoch [8/10]: Avg Total Loss: 19.6476 | Avg PrC Loss: 3.1858 | Avg SnC Loss: 13.7175 | Avg FiC Loss: 2.6230 | Avg CE Loss: 0.1213 | Model Sparsity: 0.99
Retraining Epoch [9/10]: Avg Total Loss: 19.6168 | Avg PrC Loss: 3.1825 | Avg SnC Loss: 13.6997 | Avg FiC Loss: 2.6157 | Avg CE Loss: 0.1189 | Model Sparsity: 0.99
Retraining Epoch [10/10]: Avg Total Loss: 19.5941 | Avg PrC Loss: 3.1792 | Avg SnC Loss: 13.6857 | Avg FiC Loss: 2.6119 | Avg CE Loss: 0.1172 | Model Sparsity: 0.99
