Model : vgg11 - Learning Type: cifar10/bacp_pruning/magnitude_pruning/0.99
Configuration:
model_name: vgg11
model_task: cifar10
model_type: cv
num_classes: 10
batch_size: 512
learning_rate: 0.1
optimizer_type: sgd
epochs: 5
recovery_epochs: 10
patience: 20
pruning_type: magnitude_pruning
target_sparsity: 0.99
sparsity_scheduler: cubic
pruning_epochs: 5
n_views: 2
temperature: 0.07
base_temperature: 0.07
device: cuda
enable_mixed_precision: True
num_workers: 24
train_batches: 83
val_batches: 14
current_model_path: /dbfs/research/vgg11/cifar10/vgg11_cifar10_magnitude_pruning_0.99_bacp_pruning.pt

Epoch [1/5]: Avg Total Loss: 8.6884 | Avg PrC Loss: 4.2924 | Avg SnC Loss: 0.0000 | Avg FiC Loss: 3.8663 | Avg CE Loss: 0.5297 | Model Sparsity: 0.4831
Retraining Epoch [1/10]: Avg Total Loss: 11.7414 | Avg PrC Loss: 4.1920 | Avg SnC Loss: 3.3307 | Avg FiC Loss: 3.7300 | Avg CE Loss: 0.4888 | Model Sparsity: 0.4831
Retraining Epoch [2/10]: Avg Total Loss: 10.7740 | Avg PrC Loss: 3.9415 | Avg SnC Loss: 3.2079 | Avg FiC Loss: 3.3059 | Avg CE Loss: 0.3187 | Model Sparsity: 0.4831
Retraining Epoch [3/10]: Avg Total Loss: 10.2213 | Avg PrC Loss: 3.7610 | Avg SnC Loss: 3.2446 | Avg FiC Loss: 2.9855 | Avg CE Loss: 0.2302 | Model Sparsity: 0.4831
Retraining Epoch [4/10]: Avg Total Loss: 9.9921 | Avg PrC Loss: 3.6624 | Avg SnC Loss: 3.2659 | Avg FiC Loss: 2.8727 | Avg CE Loss: 0.1910 | Model Sparsity: 0.4831
Retraining Epoch [5/10]: Avg Total Loss: 9.8198 | Avg PrC Loss: 3.5627 | Avg SnC Loss: 3.2928 | Avg FiC Loss: 2.7954 | Avg CE Loss: 0.1690 | Model Sparsity: 0.4831
Retraining Epoch [6/10]: Avg Total Loss: 9.6516 | Avg PrC Loss: 3.4572 | Avg SnC Loss: 3.3171 | Avg FiC Loss: 2.7277 | Avg CE Loss: 0.1497 | Model Sparsity: 0.4831
Retraining Epoch [7/10]: Avg Total Loss: 9.5514 | Avg PrC Loss: 3.3759 | Avg SnC Loss: 3.3408 | Avg FiC Loss: 2.6933 | Avg CE Loss: 0.1415 | Model Sparsity: 0.4831
Retraining Epoch [8/10]: Avg Total Loss: 9.4556 | Avg PrC Loss: 3.3088 | Avg SnC Loss: 3.3570 | Avg FiC Loss: 2.6593 | Avg CE Loss: 0.1305 | Model Sparsity: 0.4831
Retraining Epoch [9/10]: Avg Total Loss: 9.3806 | Avg PrC Loss: 3.2547 | Avg SnC Loss: 3.3690 | Avg FiC Loss: 2.6356 | Avg CE Loss: 0.1212 | Model Sparsity: 0.4831
Retraining Epoch [10/10]: Avg Total Loss: 9.3389 | Avg PrC Loss: 3.2210 | Avg SnC Loss: 3.3773 | Avg FiC Loss: 2.6234 | Avg CE Loss: 0.1171 | Model Sparsity: 0.4831
Epoch [2/5]: Avg Total Loss: 9.2655 | Avg PrC Loss: 3.1762 | Avg SnC Loss: 3.3847 | Avg FiC Loss: 2.5989 | Avg CE Loss: 0.1057 | Model Sparsity: 0.7762
Retraining Epoch [1/10]: Avg Total Loss: 11.3834 | Avg PrC Loss: 3.1381 | Avg SnC Loss: 5.5373 | Avg FiC Loss: 2.6001 | Avg CE Loss: 0.1079 | Model Sparsity: 0.7762
Retraining Epoch [2/10]: Avg Total Loss: 11.3732 | Avg PrC Loss: 3.1280 | Avg SnC Loss: 5.5426 | Avg FiC Loss: 2.5960 | Avg CE Loss: 0.1067 | Model Sparsity: 0.7762
Retraining Epoch [3/10]: Avg Total Loss: 11.3408 | Avg PrC Loss: 3.1132 | Avg SnC Loss: 5.5366 | Avg FiC Loss: 2.5879 | Avg CE Loss: 0.1030 | Model Sparsity: 0.7762
Retraining Epoch [4/10]: Avg Total Loss: 11.2831 | Avg PrC Loss: 3.0889 | Avg SnC Loss: 5.5226 | Avg FiC Loss: 2.5745 | Avg CE Loss: 0.0971 | Model Sparsity: 0.7762
Retraining Epoch [5/10]: Avg Total Loss: 11.2500 | Avg PrC Loss: 3.0731 | Avg SnC Loss: 5.5181 | Avg FiC Loss: 2.5653 | Avg CE Loss: 0.0936 | Model Sparsity: 0.7762
Retraining Epoch [6/10]: Avg Total Loss: 11.2477 | Avg PrC Loss: 3.0672 | Avg SnC Loss: 5.5233 | Avg FiC Loss: 2.5655 | Avg CE Loss: 0.0917 | Model Sparsity: 0.7762
Retraining Epoch [7/10]: Avg Total Loss: 11.2552 | Avg PrC Loss: 3.0712 | Avg SnC Loss: 5.5265 | Avg FiC Loss: 2.5662 | Avg CE Loss: 0.0913 | Model Sparsity: 0.7762
Retraining Epoch [8/10]: Avg Total Loss: 11.2117 | Avg PrC Loss: 3.0513 | Avg SnC Loss: 5.5172 | Avg FiC Loss: 2.5560 | Avg CE Loss: 0.0872 | Model Sparsity: 0.7762
Retraining Epoch [9/10]: Avg Total Loss: 11.2323 | Avg PrC Loss: 3.0571 | Avg SnC Loss: 5.5270 | Avg FiC Loss: 2.5599 | Avg CE Loss: 0.0883 | Model Sparsity: 0.7762
Retraining Epoch [10/10]: Avg Total Loss: 11.2170 | Avg PrC Loss: 3.0519 | Avg SnC Loss: 5.5236 | Avg FiC Loss: 2.5552 | Avg CE Loss: 0.0864 | Model Sparsity: 0.7762
Epoch [3/5]: Avg Total Loss: 11.4062 | Avg PrC Loss: 3.1142 | Avg SnC Loss: 5.5834 | Avg FiC Loss: 2.6035 | Avg CE Loss: 0.1050 | Model Sparsity: 0.9266
Retraining Epoch [1/10]: Avg Total Loss: 13.4228 | Avg PrC Loss: 3.0913 | Avg SnC Loss: 7.6330 | Avg FiC Loss: 2.5974 | Avg CE Loss: 0.1011 | Model Sparsity: 0.9266
Retraining Epoch [2/10]: Avg Total Loss: 13.2627 | Avg PrC Loss: 3.0482 | Avg SnC Loss: 7.5568 | Avg FiC Loss: 2.5675 | Avg CE Loss: 0.0902 | Model Sparsity: 0.9266
Retraining Epoch [3/10]: Avg Total Loss: 13.2131 | Avg PrC Loss: 3.0299 | Avg SnC Loss: 7.5372 | Avg FiC Loss: 2.5597 | Avg CE Loss: 0.0863 | Model Sparsity: 0.9266
Retraining Epoch [4/10]: Avg Total Loss: 13.1979 | Avg PrC Loss: 3.0271 | Avg SnC Loss: 7.5336 | Avg FiC Loss: 2.5541 | Avg CE Loss: 0.0830 | Model Sparsity: 0.9266
Retraining Epoch [5/10]: Avg Total Loss: 13.1682 | Avg PrC Loss: 3.0188 | Avg SnC Loss: 7.5216 | Avg FiC Loss: 2.5471 | Avg CE Loss: 0.0807 | Model Sparsity: 0.9266
Retraining Epoch [6/10]: Avg Total Loss: 13.1916 | Avg PrC Loss: 3.0237 | Avg SnC Loss: 7.5331 | Avg FiC Loss: 2.5535 | Avg CE Loss: 0.0813 | Model Sparsity: 0.9266
Retraining Epoch [7/10]: Avg Total Loss: 13.1602 | Avg PrC Loss: 3.0137 | Avg SnC Loss: 7.5199 | Avg FiC Loss: 2.5472 | Avg CE Loss: 0.0793 | Model Sparsity: 0.9266
Retraining Epoch [8/10]: Avg Total Loss: 13.1458 | Avg PrC Loss: 3.0090 | Avg SnC Loss: 7.5155 | Avg FiC Loss: 2.5439 | Avg CE Loss: 0.0773 | Model Sparsity: 0.9266
Retraining Epoch [9/10]: Avg Total Loss: 13.1517 | Avg PrC Loss: 3.0101 | Avg SnC Loss: 7.5176 | Avg FiC Loss: 2.5459 | Avg CE Loss: 0.0780 | Model Sparsity: 0.9266
Retraining Epoch [10/10]: Avg Total Loss: 13.1356 | Avg PrC Loss: 3.0066 | Avg SnC Loss: 7.5115 | Avg FiC Loss: 2.5407 | Avg CE Loss: 0.0768 | Model Sparsity: 0.9266
Epoch [4/5]: Avg Total Loss: 20.4244 | Avg PrC Loss: 4.3240 | Avg SnC Loss: 11.4251 | Avg FiC Loss: 4.0043 | Avg CE Loss: 0.6710 | Model Sparsity: 0.9821
Retraining Epoch [1/10]: Avg Total Loss: 22.9718 | Avg PrC Loss: 4.2646 | Avg SnC Loss: 14.2927 | Avg FiC Loss: 3.8736 | Avg CE Loss: 0.5409 | Model Sparsity: 0.9821
Retraining Epoch [2/10]: Avg Total Loss: 22.3879 | Avg PrC Loss: 4.2047 | Avg SnC Loss: 13.9269 | Avg FiC Loss: 3.7688 | Avg CE Loss: 0.4875 | Model Sparsity: 0.9821
Retraining Epoch [3/10]: Avg Total Loss: 21.5144 | Avg PrC Loss: 4.0534 | Avg SnC Loss: 13.4677 | Avg FiC Loss: 3.5559 | Avg CE Loss: 0.4374 | Model Sparsity: 0.9821
Retraining Epoch [4/10]: Avg Total Loss: 20.7835 | Avg PrC Loss: 3.9257 | Avg SnC Loss: 13.0983 | Avg FiC Loss: 3.3783 | Avg CE Loss: 0.3812 | Model Sparsity: 0.9821
Retraining Epoch [5/10]: Avg Total Loss: 20.3338 | Avg PrC Loss: 3.8313 | Avg SnC Loss: 12.8952 | Avg FiC Loss: 3.2585 | Avg CE Loss: 0.3488 | Model Sparsity: 0.9821
Retraining Epoch [6/10]: Avg Total Loss: 19.7375 | Avg PrC Loss: 3.7171 | Avg SnC Loss: 12.6049 | Avg FiC Loss: 3.1125 | Avg CE Loss: 0.3031 | Model Sparsity: 0.9821
Retraining Epoch [7/10]: Avg Total Loss: 19.2668 | Avg PrC Loss: 3.6145 | Avg SnC Loss: 12.3704 | Avg FiC Loss: 3.0131 | Avg CE Loss: 0.2690 | Model Sparsity: 0.9821
Retraining Epoch [8/10]: Avg Total Loss: 18.9427 | Avg PrC Loss: 3.5361 | Avg SnC Loss: 12.2073 | Avg FiC Loss: 2.9501 | Avg CE Loss: 0.2493 | Model Sparsity: 0.9821
Retraining Epoch [9/10]: Avg Total Loss: 18.6033 | Avg PrC Loss: 3.4615 | Avg SnC Loss: 12.0348 | Avg FiC Loss: 2.8814 | Avg CE Loss: 0.2255 | Model Sparsity: 0.9821
Retraining Epoch [10/10]: Avg Total Loss: 18.3921 | Avg PrC Loss: 3.4108 | Avg SnC Loss: 11.9220 | Avg FiC Loss: 2.8456 | Avg CE Loss: 0.2137 | Model Sparsity: 0.9821
Epoch [5/5]: Avg Total Loss: 18.1376 | Avg PrC Loss: 3.3538 | Avg SnC Loss: 11.7901 | Avg FiC Loss: 2.7957 | Avg CE Loss: 0.1980 | Model Sparsity: 0.99
Retraining Epoch [1/10]: Avg Total Loss: 20.4824 | Avg PrC Loss: 3.3385 | Avg SnC Loss: 14.1457 | Avg FiC Loss: 2.7989 | Avg CE Loss: 0.1993 | Model Sparsity: 0.99
Retraining Epoch [2/10]: Avg Total Loss: 21.0950 | Avg PrC Loss: 3.3964 | Avg SnC Loss: 14.5204 | Avg FiC Loss: 2.8876 | Avg CE Loss: 0.2907 | Model Sparsity: 0.99
Retraining Epoch [3/10]: Avg Total Loss: 25.4866 | Avg PrC Loss: 4.0423 | Avg SnC Loss: 17.1939 | Avg FiC Loss: 3.6961 | Avg CE Loss: 0.5544 | Model Sparsity: 0.99
Retraining Epoch [4/10]: Avg Total Loss: 23.3968 | Avg PrC Loss: 3.7487 | Avg SnC Loss: 15.9228 | Avg FiC Loss: 3.3293 | Avg CE Loss: 0.3961 | Model Sparsity: 0.99
Retraining Epoch [5/10]: Avg Total Loss: 21.9378 | Avg PrC Loss: 3.5369 | Avg SnC Loss: 15.0476 | Avg FiC Loss: 3.0490 | Avg CE Loss: 0.3043 | Model Sparsity: 0.99
Retraining Epoch [6/10]: Avg Total Loss: 21.1059 | Avg PrC Loss: 3.4125 | Avg SnC Loss: 14.5411 | Avg FiC Loss: 2.9018 | Avg CE Loss: 0.2506 | Model Sparsity: 0.99
Retraining Epoch [7/10]: Avg Total Loss: 20.8002 | Avg PrC Loss: 3.3657 | Avg SnC Loss: 14.3549 | Avg FiC Loss: 2.8489 | Avg CE Loss: 0.2308 | Model Sparsity: 0.99
Retraining Epoch [8/10]: Avg Total Loss: 20.5950 | Avg PrC Loss: 3.3338 | Avg SnC Loss: 14.2296 | Avg FiC Loss: 2.8158 | Avg CE Loss: 0.2158 | Model Sparsity: 0.99
Retraining Epoch [9/10]: Avg Total Loss: 20.4695 | Avg PrC Loss: 3.3131 | Avg SnC Loss: 14.1581 | Avg FiC Loss: 2.7924 | Avg CE Loss: 0.2059 | Model Sparsity: 0.99
Retraining Epoch [10/10]: Avg Total Loss: 20.3969 | Avg PrC Loss: 3.3049 | Avg SnC Loss: 14.1142 | Avg FiC Loss: 2.7782 | Avg CE Loss: 0.1996 | Model Sparsity: 0.99
