Model : vit_tiny - Learning Type: cifar100/pruning/magnitude_pruning/0.95
Configuration:
model_type: cv
model_name: vit_tiny
model_task: cifar100
num_classes: 100
criterion: CrossEntropyLoss()
embedding_dim: 192
epochs: 5
pruning_epochs: 5
recovery_epochs: 10
batch_size: 256
learning_rate: 0.01
learning_type: pruning
optimizer_type: sgd
prune: True
pruning_type: magnitude_pruning
target_sparsity: 0.95
sparsity_scheduler: cubic
enable_mixed_precision: True
device: cuda
save_path: /dbfs/research/vit_tiny/cifar100/vit_tiny_cifar100_magnitude_pruning_0.95_pruning.pt
finetuned_weights: /dbfs/research/vit_tiny/cifar100/vit_tiny_cifar100_baseline.pt

Epoch [1/5]: Avg Loss: 2.5144 | Avg Accuracy: 62.54 | Model Sparsity: 0.4636
Recovery epoch [1/10]: Avg Loss: 0.9885 | Avg Accuracy: 71.67 | Model Sparsity: 0.4636
Recovery epoch [2/10]: Avg Loss: 0.6883 | Avg Accuracy: 75.31 | Model Sparsity: 0.4636
Recovery epoch [3/10]: Avg Loss: 0.5490 | Avg Accuracy: 76.06 | Model Sparsity: 0.4636
Recovery epoch [4/10]: Avg Loss: 0.4493 | Avg Accuracy: 77.99 | Model Sparsity: 0.4636
Recovery epoch [5/10]: Avg Loss: 0.3673 | Avg Accuracy: 77.84 | Model Sparsity: 0.4636
Recovery epoch [6/10]: Avg Loss: 0.2993 | Avg Accuracy: 78.60 | Model Sparsity: 0.4636
Recovery epoch [7/10]: Avg Loss: 0.2538 | Avg Accuracy: 78.17 | Model Sparsity: 0.4636
Recovery epoch [8/10]: Avg Loss: 0.2059 | Avg Accuracy: 78.84 | Model Sparsity: 0.4636
Recovery epoch [9/10]: Avg Loss: 0.1512 | Avg Accuracy: 78.25 | Model Sparsity: 0.4636
Recovery epoch [10/10]: Avg Loss: 0.1235 | Avg Accuracy: 79.00 | Model Sparsity: 0.4636
Epoch [2/5]: Avg Loss: 1.9357 | Avg Accuracy: 60.84 | Model Sparsity: 0.7448
Recovery epoch [1/10]: Avg Loss: 1.0068 | Avg Accuracy: 65.99 | Model Sparsity: 0.7448
Recovery epoch [2/10]: Avg Loss: 0.8029 | Avg Accuracy: 68.18 | Model Sparsity: 0.7448
Recovery epoch [3/10]: Avg Loss: 0.6614 | Avg Accuracy: 70.03 | Model Sparsity: 0.7448
Recovery epoch [4/10]: Avg Loss: 0.5884 | Avg Accuracy: 70.64 | Model Sparsity: 0.7448
Recovery epoch [5/10]: Avg Loss: 0.4958 | Avg Accuracy: 72.40 | Model Sparsity: 0.7448
Recovery epoch [6/10]: Avg Loss: 0.4441 | Avg Accuracy: 71.63 | Model Sparsity: 0.7448
Recovery epoch [7/10]: Avg Loss: 0.3986 | Avg Accuracy: 71.65 | Model Sparsity: 0.7448
