Model : vit_small - Learning Type: emnist/bacp_finetune/movement_pruning/0.95
Configuration:
model_type: cv
model_name: vit_small
model_task: emnist
num_classes: 47
criterion: CrossEntropyLoss()
embedding_dim: 384
epochs: 50
pruning_epochs: 50
recovery_epochs: 10
batch_size: 256
learning_rate: 0.0001
learning_type: bacp_finetune
optimizer_type: adamw
prune: False
pruning_type: movement_pruning
target_sparsity: 0.95
sparsity_scheduler: linear
enable_mixed_precision: True
device: cuda
save_path: /dbfs/research/vit_small/emnist/vit_small_emnist_movement_pruning_0.95_bacp_finetune.pt
finetuned_weights: /dbfs/research/vit_small/emnist/vit_small_emnist_movement_pruning_0.95_bacp_pruning.pt

Epoch [1/50]: Avg Loss: 0.7602 | Avg Accuracy: 89.12 | Avg Perplexity: 0.000 |Model Sparsity: 0.95
Epoch [2/50]: Avg Loss: 0.2941 | Avg Accuracy: 89.84 | Avg Perplexity: 0.000 |Model Sparsity: 0.95
Epoch [3/50]: Avg Loss: 0.2745 | Avg Accuracy: 89.42 | Avg Perplexity: 0.000 |Model Sparsity: 0.95
Epoch [4/50]: Avg Loss: 0.2636 | Avg Accuracy: 89.64 | Avg Perplexity: 0.000 |Model Sparsity: 0.95
Epoch [5/50]: Avg Loss: 0.2588 | Avg Accuracy: 89.49 | Avg Perplexity: 0.000 |Model Sparsity: 0.95
Epoch [6/50]: Avg Loss: 0.2521 | Avg Accuracy: 89.05 | Avg Perplexity: 0.000 |Model Sparsity: 0.95
Epoch [7/50]: Avg Loss: 0.2491 | Avg Accuracy: 89.94 | Avg Perplexity: 0.000 |Model Sparsity: 0.95
Epoch [8/50]: Avg Loss: 0.2480 | Avg Accuracy: 89.74 | Avg Perplexity: 0.000 |Model Sparsity: 0.95
Epoch [9/50]: Avg Loss: 0.2434 | Avg Accuracy: 90.02 | Avg Perplexity: 0.000 |Model Sparsity: 0.95
Epoch [10/50]: Avg Loss: 0.2400 | Avg Accuracy: 89.65 | Avg Perplexity: 0.000 |Model Sparsity: 0.95
Epoch [11/50]: Avg Loss: 0.2374 | Avg Accuracy: 89.86 | Avg Perplexity: 0.000 |Model Sparsity: 0.95
Epoch [12/50]: Avg Loss: 0.2349 | Avg Accuracy: 89.75 | Avg Perplexity: 0.000 |Model Sparsity: 0.95
Epoch [13/50]: Avg Loss: 0.2344 | Avg Accuracy: 89.95 | Avg Perplexity: 0.000 |Model Sparsity: 0.95
Epoch [14/50]: Avg Loss: 0.2307 | Avg Accuracy: 89.66 | Avg Perplexity: 0.000 |Model Sparsity: 0.95
Epoch [15/50]: Avg Loss: 0.2305 | Avg Accuracy: 89.78 | Avg Perplexity: 0.000 |Model Sparsity: 0.95
Epoch [16/50]: Avg Loss: 0.2283 | Avg Accuracy: 90.26 | Avg Perplexity: 0.000 |Model Sparsity: 0.95
Epoch [17/50]: Avg Loss: 0.2271 | Avg Accuracy: 90.12 | Avg Perplexity: 0.000 |Model Sparsity: 0.95
Epoch [18/50]: Avg Loss: 0.2244 | Avg Accuracy: 89.73 | Avg Perplexity: 0.000 |Model Sparsity: 0.95
Epoch [19/50]: Avg Loss: 0.2218 | Avg Accuracy: 89.71 | Avg Perplexity: 0.000 |Model Sparsity: 0.95
Epoch [20/50]: Avg Loss: 0.2207 | Avg Accuracy: 89.98 | Avg Perplexity: 0.000 |Model Sparsity: 0.95
Epoch [21/50]: Avg Loss: 0.2180 | Avg Accuracy: 89.67 | Avg Perplexity: 0.000 |Model Sparsity: 0.95
Epoch [22/50]: Avg Loss: 0.2180 | Avg Accuracy: 89.64 | Avg Perplexity: 0.000 |Model Sparsity: 0.95
Epoch [23/50]: Avg Loss: 0.2158 | Avg Accuracy: 89.73 | Avg Perplexity: 0.000 |Model Sparsity: 0.95
Epoch [24/50]: Avg Loss: 0.2157 | Avg Accuracy: 89.68 | Avg Perplexity: 0.000 |Model Sparsity: 0.95
Epoch [25/50]: Avg Loss: 0.2127 | Avg Accuracy: 89.67 | Avg Perplexity: 0.000 |Model Sparsity: 0.95
Epoch [26/50]: Avg Loss: 0.2126 | Avg Accuracy: 89.77 | Avg Perplexity: 0.000 |Model Sparsity: 0.95
Epoch [27/50]: Avg Loss: 0.2111 | Avg Accuracy: 89.55 | Avg Perplexity: 0.000 |Model Sparsity: 0.95
Epoch [28/50]: Avg Loss: 0.2103 | Avg Accuracy: 89.65 | Avg Perplexity: 0.000 |Model Sparsity: 0.95
Epoch [29/50]: Avg Loss: 0.2075 | Avg Accuracy: 89.83 | Avg Perplexity: 0.000 |Model Sparsity: 0.95
Epoch [30/50]: Avg Loss: 0.2095 | Avg Accuracy: 89.50 | Avg Perplexity: 0.000 |Model Sparsity: 0.95
Epoch [31/50]: Avg Loss: 0.2066 | Avg Accuracy: 89.81 | Avg Perplexity: 0.000 |Model Sparsity: 0.95
Epoch [32/50]: Avg Loss: 0.2044 | Avg Accuracy: 89.99 | Avg Perplexity: 0.000 |Model Sparsity: 0.95
Epoch [33/50]: Avg Loss: 0.2041 | Avg Accuracy: 89.84 | Avg Perplexity: 0.000 |Model Sparsity: 0.95
Epoch [34/50]: Avg Loss: 0.2023 | Avg Accuracy: 89.78 | Avg Perplexity: 0.000 |Model Sparsity: 0.95
Epoch [35/50]: Avg Loss: 0.2015 | Avg Accuracy: 89.62 | Avg Perplexity: 0.000 |Model Sparsity: 0.95
Epoch [36/50]: Avg Loss: 0.1997 | Avg Accuracy: 89.71 | Avg Perplexity: 0.000 |Model Sparsity: 0.95
