Model : vit_tiny - Learning Type: emnist/baseline
Configuration:
model_type: cv
model_name: vit_tiny
model_task: emnist
num_classes: 47
criterion: CrossEntropyLoss()
embedding_dim: 192
epochs: 10
pruning_epochs: 10
recovery_epochs: 10
batch_size: 256
learning_rate: 0.01
learning_type: baseline
scheduler_type: linear_with_warmup
optimizer_type: sgd
total_steps: 3740
warmup_steps: 374
prune: False
target_sparsity: 0.0
sparsity_scheduler: linear
enable_mixed_precision: True
device: cuda
save_path: /dbfs/research/vit_tiny/emnist/vit_tiny_emnist_baseline.pt

Epoch [1/10]: Avg Loss: 1.2671 | Avg Accuracy: 84.99 | Avg Perplexity: 0.000 |Model Sparsity: 0.0
Epoch [2/10]: Avg Loss: 0.3523 | Avg Accuracy: 87.84 | Avg Perplexity: 0.000 |Model Sparsity: 0.0
Epoch [3/10]: Avg Loss: 0.2936 | Avg Accuracy: 88.53 | Avg Perplexity: 0.000 |Model Sparsity: 0.0
Epoch [4/10]: Avg Loss: 0.2641 | Avg Accuracy: 89.25 | Avg Perplexity: 0.000 |Model Sparsity: 0.0
Epoch [5/10]: Avg Loss: 0.2428 | Avg Accuracy: 89.55 | Avg Perplexity: 0.000 |Model Sparsity: 0.0
Epoch [6/10]: Avg Loss: 0.2254 | Avg Accuracy: 89.65 | Avg Perplexity: 0.000 |Model Sparsity: 0.0
Epoch [7/10]: Avg Loss: 0.2091 | Avg Accuracy: 89.79 | Avg Perplexity: 0.000 |Model Sparsity: 0.0
Epoch [8/10]: Avg Loss: 0.1947 | Avg Accuracy: 90.30 | Avg Perplexity: 0.000 |Model Sparsity: 0.0
Epoch [9/10]: Avg Loss: 0.1797 | Avg Accuracy: 90.33 | Avg Perplexity: 0.000 |Model Sparsity: 0.0
Epoch [10/10]: Avg Loss: 0.1668 | Avg Accuracy: 90.36 | Avg Perplexity: 0.000 |Model Sparsity: 0.0
