Model : resnet50 - Learning Type: cifar10/bacp_TS_0.2/magnitude_pruning/0.95
Configuration:
model_name: resnet50
model_task: cifar10
model_type: cv
num_classes: 10
batch_size: 512
learning_rate: 0.01
optimizer_type: sgd
epochs: 5
recovery_epochs: 10
patience: 5
pruning_type: magnitude_pruning
target_sparsity: 0.95
sparsity_scheduler: cubic
pruning_epochs: 5
n_views: 2
temperature: 0.2
base_temperature: 0.2
device: cuda
enable_mixed_precision: True
num_workers: 24
train_batches: 83
val_batches: 14
current_model_path: /dbfs/research/resnet50/cifar10/resnet50_cifar10_magnitude_pruning_0.95_bacp_TS_0.2.pt

Epoch [1/5]: Avg Total Loss: nan | Avg PrC Loss: nan | Avg SnC Loss: 0.0000 | Avg FiC Loss: nan | Avg CE Loss: nan | Model Sparsity: 0.0
Retraining Epoch [1/10]: Avg Total Loss: nan | Avg PrC Loss: nan | Avg SnC Loss: nan | Avg FiC Loss: nan | Avg CE Loss: nan | Model Sparsity: 0.0
Retraining Epoch [2/10]: Avg Total Loss: nan | Avg PrC Loss: nan | Avg SnC Loss: nan | Avg FiC Loss: nan | Avg CE Loss: nan | Model Sparsity: 0.0
Retraining Epoch [3/10]: Avg Total Loss: nan | Avg PrC Loss: nan | Avg SnC Loss: nan | Avg FiC Loss: nan | Avg CE Loss: nan | Model Sparsity: 0.0
Retraining Epoch [4/10]: Avg Total Loss: nan | Avg PrC Loss: nan | Avg SnC Loss: nan | Avg FiC Loss: nan | Avg CE Loss: nan | Model Sparsity: 0.0
Retraining Epoch [5/10]: Avg Total Loss: nan | Avg PrC Loss: nan | Avg SnC Loss: nan | Avg FiC Loss: nan | Avg CE Loss: nan | Model Sparsity: 0.0
Retraining Epoch [6/10]: Avg Total Loss: nan | Avg PrC Loss: nan | Avg SnC Loss: nan | Avg FiC Loss: nan | Avg CE Loss: nan | Model Sparsity: 0.0
Retraining Epoch [7/10]: Avg Total Loss: nan | Avg PrC Loss: nan | Avg SnC Loss: nan | Avg FiC Loss: nan | Avg CE Loss: nan | Model Sparsity: 0.0
Retraining Epoch [8/10]: Avg Total Loss: nan | Avg PrC Loss: nan | Avg SnC Loss: nan | Avg FiC Loss: nan | Avg CE Loss: nan | Model Sparsity: 0.0
Retraining Epoch [9/10]: Avg Total Loss: nan | Avg PrC Loss: nan | Avg SnC Loss: nan | Avg FiC Loss: nan | Avg CE Loss: nan | Model Sparsity: 0.0
Retraining Epoch [10/10]: Avg Total Loss: nan | Avg PrC Loss: nan | Avg SnC Loss: nan | Avg FiC Loss: nan | Avg CE Loss: nan | Model Sparsity: 0.0
Epoch [2/5]: Avg Total Loss: nan | Avg PrC Loss: nan | Avg SnC Loss: nan | Avg FiC Loss: nan | Avg CE Loss: nan | Model Sparsity: 0.0
Retraining Epoch [1/10]: Avg Total Loss: nan | Avg PrC Loss: nan | Avg SnC Loss: nan | Avg FiC Loss: nan | Avg CE Loss: nan | Model Sparsity: 0.0
Retraining Epoch [2/10]: Avg Total Loss: nan | Avg PrC Loss: nan | Avg SnC Loss: nan | Avg FiC Loss: nan | Avg CE Loss: nan | Model Sparsity: 0.0
Retraining Epoch [3/10]: Avg Total Loss: nan | Avg PrC Loss: nan | Avg SnC Loss: nan | Avg FiC Loss: nan | Avg CE Loss: nan | Model Sparsity: 0.0
Retraining Epoch [4/10]: Avg Total Loss: nan | Avg PrC Loss: nan | Avg SnC Loss: nan | Avg FiC Loss: nan | Avg CE Loss: nan | Model Sparsity: 0.0
Retraining Epoch [5/10]: Avg Total Loss: nan | Avg PrC Loss: nan | Avg SnC Loss: nan | Avg FiC Loss: nan | Avg CE Loss: nan | Model Sparsity: 0.0
Retraining Epoch [6/10]: Avg Total Loss: nan | Avg PrC Loss: nan | Avg SnC Loss: nan | Avg FiC Loss: nan | Avg CE Loss: nan | Model Sparsity: 0.0
Retraining Epoch [7/10]: Avg Total Loss: nan | Avg PrC Loss: nan | Avg SnC Loss: nan | Avg FiC Loss: nan | Avg CE Loss: nan | Model Sparsity: 0.0
Retraining Epoch [8/10]: Avg Total Loss: nan | Avg PrC Loss: nan | Avg SnC Loss: nan | Avg FiC Loss: nan | Avg CE Loss: nan | Model Sparsity: 0.0
Retraining Epoch [9/10]: Avg Total Loss: nan | Avg PrC Loss: nan | Avg SnC Loss: nan | Avg FiC Loss: nan | Avg CE Loss: nan | Model Sparsity: 0.0
Retraining Epoch [10/10]: Avg Total Loss: nan | Avg PrC Loss: nan | Avg SnC Loss: nan | Avg FiC Loss: nan | Avg CE Loss: nan | Model Sparsity: 0.0
Epoch [3/5]: Avg Total Loss: nan | Avg PrC Loss: nan | Avg SnC Loss: nan | Avg FiC Loss: nan | Avg CE Loss: nan | Model Sparsity: 0.0
Retraining Epoch [1/10]: Avg Total Loss: nan | Avg PrC Loss: nan | Avg SnC Loss: nan | Avg FiC Loss: nan | Avg CE Loss: nan | Model Sparsity: 0.0
Retraining Epoch [2/10]: Avg Total Loss: nan | Avg PrC Loss: nan | Avg SnC Loss: nan | Avg FiC Loss: nan | Avg CE Loss: nan | Model Sparsity: 0.0
Retraining Epoch [3/10]: Avg Total Loss: nan | Avg PrC Loss: nan | Avg SnC Loss: nan | Avg FiC Loss: nan | Avg CE Loss: nan | Model Sparsity: 0.0
Retraining Epoch [4/10]: Avg Total Loss: nan | Avg PrC Loss: nan | Avg SnC Loss: nan | Avg FiC Loss: nan | Avg CE Loss: nan | Model Sparsity: 0.0
Retraining Epoch [5/10]: Avg Total Loss: nan | Avg PrC Loss: nan | Avg SnC Loss: nan | Avg FiC Loss: nan | Avg CE Loss: nan | Model Sparsity: 0.0
Retraining Epoch [6/10]: Avg Total Loss: nan | Avg PrC Loss: nan | Avg SnC Loss: nan | Avg FiC Loss: nan | Avg CE Loss: nan | Model Sparsity: 0.0
Retraining Epoch [7/10]: Avg Total Loss: nan | Avg PrC Loss: nan | Avg SnC Loss: nan | Avg FiC Loss: nan | Avg CE Loss: nan | Model Sparsity: 0.0
Retraining Epoch [8/10]: Avg Total Loss: nan | Avg PrC Loss: nan | Avg SnC Loss: nan | Avg FiC Loss: nan | Avg CE Loss: nan | Model Sparsity: 0.0
Retraining Epoch [9/10]: Avg Total Loss: nan | Avg PrC Loss: nan | Avg SnC Loss: nan | Avg FiC Loss: nan | Avg CE Loss: nan | Model Sparsity: 0.0
Retraining Epoch [10/10]: Avg Total Loss: nan | Avg PrC Loss: nan | Avg SnC Loss: nan | Avg FiC Loss: nan | Avg CE Loss: nan | Model Sparsity: 0.0
Epoch [4/5]: Avg Total Loss: nan | Avg PrC Loss: nan | Avg SnC Loss: nan | Avg FiC Loss: nan | Avg CE Loss: nan | Model Sparsity: 0.0
Retraining Epoch [1/10]: Avg Total Loss: nan | Avg PrC Loss: nan | Avg SnC Loss: nan | Avg FiC Loss: nan | Avg CE Loss: nan | Model Sparsity: 0.0
Retraining Epoch [2/10]: Avg Total Loss: nan | Avg PrC Loss: nan | Avg SnC Loss: nan | Avg FiC Loss: nan | Avg CE Loss: nan | Model Sparsity: 0.0
Retraining Epoch [3/10]: Avg Total Loss: nan | Avg PrC Loss: nan | Avg SnC Loss: nan | Avg FiC Loss: nan | Avg CE Loss: nan | Model Sparsity: 0.0
Retraining Epoch [4/10]: Avg Total Loss: nan | Avg PrC Loss: nan | Avg SnC Loss: nan | Avg FiC Loss: nan | Avg CE Loss: nan | Model Sparsity: 0.0
Retraining Epoch [5/10]: Avg Total Loss: nan | Avg PrC Loss: nan | Avg SnC Loss: nan | Avg FiC Loss: nan | Avg CE Loss: nan | Model Sparsity: 0.0
Retraining Epoch [6/10]: Avg Total Loss: nan | Avg PrC Loss: nan | Avg SnC Loss: nan | Avg FiC Loss: nan | Avg CE Loss: nan | Model Sparsity: 0.0
Retraining Epoch [7/10]: Avg Total Loss: nan | Avg PrC Loss: nan | Avg SnC Loss: nan | Avg FiC Loss: nan | Avg CE Loss: nan | Model Sparsity: 0.0
Retraining Epoch [8/10]: Avg Total Loss: nan | Avg PrC Loss: nan | Avg SnC Loss: nan | Avg FiC Loss: nan | Avg CE Loss: nan | Model Sparsity: 0.0
Retraining Epoch [9/10]: Avg Total Loss: nan | Avg PrC Loss: nan | Avg SnC Loss: nan | Avg FiC Loss: nan | Avg CE Loss: nan | Model Sparsity: 0.0
Retraining Epoch [10/10]: Avg Total Loss: nan | Avg PrC Loss: nan | Avg SnC Loss: nan | Avg FiC Loss: nan | Avg CE Loss: nan | Model Sparsity: 0.0
Epoch [5/5]: Avg Total Loss: nan | Avg PrC Loss: nan | Avg SnC Loss: nan | Avg FiC Loss: nan | Avg CE Loss: nan | Model Sparsity: 0.0
Retraining Epoch [1/10]: Avg Total Loss: nan | Avg PrC Loss: nan | Avg SnC Loss: nan | Avg FiC Loss: nan | Avg CE Loss: nan | Model Sparsity: 0.0
Retraining Epoch [2/10]: Avg Total Loss: nan | Avg PrC Loss: nan | Avg SnC Loss: nan | Avg FiC Loss: nan | Avg CE Loss: nan | Model Sparsity: 0.0
Retraining Epoch [3/10]: Avg Total Loss: nan | Avg PrC Loss: nan | Avg SnC Loss: nan | Avg FiC Loss: nan | Avg CE Loss: nan | Model Sparsity: 0.0
