Model : vitb16 - Learning Type: cifar10/bacp_finetune/magnitude_pruning/0.99
Configuration:
model_type: cv
model_name: vitb16
model_task: cifar10
num_classes: 10
criterion: CrossEntropyLoss()
embedding_dim: 768
epochs: 5
pruning_epochs: 5
recovery_epochs: 10
batch_size: 128
learning_rate: 1e-05
learning_type: bacp_finetune
optimizer_type: adamw
prune: False
pruning_type: magnitude_pruning
target_sparsity: 0.99
sparsity_scheduler: linear
enable_mixed_precision: True
device: cuda
save_path: /dbfs/research/vitb16/cifar10/vitb16_cifar10_magnitude_pruning_0.99_bacp_finetune.pt
finetuned_weights: /dbfs/research/vitb16/cifar10/vitb16_cifar10_magnitude_pruning_0.99_bacp_pruning.pt

Epoch [1/5]: Avg Loss: 1.7274 | Avg Accuracy: 81.88 | Model Sparsity: 0.99
Epoch [2/5]: Avg Loss: 1.0319 | Avg Accuracy: 89.86 | Model Sparsity: 0.99
Epoch [3/5]: Avg Loss: 0.6560 | Avg Accuracy: 91.81 | Model Sparsity: 0.99
Epoch [4/5]: Avg Loss: 0.4589 | Avg Accuracy: 92.48 | Model Sparsity: 0.99
Epoch [5/5]: Avg Loss: 0.3561 | Avg Accuracy: 92.28 | Model Sparsity: 0.99
