Model : vit_tiny - Learning Type: cifar100/bacp_finetune/magnitude_pruning/0.95
Configuration:
model_type: cv
model_name: vit_tiny
model_task: cifar100
num_classes: 100
criterion: CrossEntropyLoss()
embedding_dim: 192
epochs: 50
pruning_epochs: 50
recovery_epochs: 10
batch_size: 256
learning_rate: 0.0001
learning_type: bacp_finetune
optimizer_type: adamw
prune: False
pruning_type: magnitude_pruning
target_sparsity: 0.95
sparsity_scheduler: linear
enable_mixed_precision: True
device: cuda
save_path: /dbfs/research/vit_tiny/cifar100/vit_tiny_cifar100_magnitude_pruning_0.95_bacp_finetune.pt
finetuned_weights: /dbfs/research/vit_tiny/cifar100/vit_tiny_cifar100_magnitude_pruning_0.95_bacp_pruning.pt

Epoch [1/50]: Avg Loss: 3.8408 | Avg Accuracy: 30.48 | Avg Perplexity: 0.000 |Model Sparsity: 0.95
Epoch [2/50]: Avg Loss: 2.3006 | Avg Accuracy: 45.45 | Avg Perplexity: 0.000 |Model Sparsity: 0.95
Epoch [3/50]: Avg Loss: 1.8347 | Avg Accuracy: 51.74 | Avg Perplexity: 0.000 |Model Sparsity: 0.95
Epoch [4/50]: Avg Loss: 1.6308 | Avg Accuracy: 54.77 | Avg Perplexity: 0.000 |Model Sparsity: 0.95
Epoch [5/50]: Avg Loss: 1.5111 | Avg Accuracy: 55.94 | Avg Perplexity: 0.000 |Model Sparsity: 0.95
Epoch [6/50]: Avg Loss: 1.4282 | Avg Accuracy: 57.85 | Avg Perplexity: 0.000 |Model Sparsity: 0.95
Epoch [7/50]: Avg Loss: 1.3701 | Avg Accuracy: 58.86 | Avg Perplexity: 0.000 |Model Sparsity: 0.95
Epoch [8/50]: Avg Loss: 1.3159 | Avg Accuracy: 59.79 | Avg Perplexity: 0.000 |Model Sparsity: 0.95
Epoch [9/50]: Avg Loss: 1.2733 | Avg Accuracy: 60.30 | Avg Perplexity: 0.000 |Model Sparsity: 0.95
Epoch [10/50]: Avg Loss: 1.2383 | Avg Accuracy: 60.94 | Avg Perplexity: 0.000 |Model Sparsity: 0.95
Epoch [11/50]: Avg Loss: 1.2050 | Avg Accuracy: 61.11 | Avg Perplexity: 0.000 |Model Sparsity: 0.95
Epoch [12/50]: Avg Loss: 1.1780 | Avg Accuracy: 62.03 | Avg Perplexity: 0.000 |Model Sparsity: 0.95
Epoch [13/50]: Avg Loss: 1.1499 | Avg Accuracy: 62.16 | Avg Perplexity: 0.000 |Model Sparsity: 0.95
Epoch [14/50]: Avg Loss: 1.1267 | Avg Accuracy: 62.39 | Avg Perplexity: 0.000 |Model Sparsity: 0.95
Epoch [15/50]: Avg Loss: 1.1036 | Avg Accuracy: 63.09 | Avg Perplexity: 0.000 |Model Sparsity: 0.95
Epoch [16/50]: Avg Loss: 1.0822 | Avg Accuracy: 63.73 | Avg Perplexity: 0.000 |Model Sparsity: 0.95
Epoch [17/50]: Avg Loss: 1.0635 | Avg Accuracy: 63.86 | Avg Perplexity: 0.000 |Model Sparsity: 0.95
Epoch [18/50]: Avg Loss: 1.0440 | Avg Accuracy: 64.37 | Avg Perplexity: 0.000 |Model Sparsity: 0.95
Epoch [19/50]: Avg Loss: 1.0236 | Avg Accuracy: 64.53 | Avg Perplexity: 0.000 |Model Sparsity: 0.95
Epoch [20/50]: Avg Loss: 1.0135 | Avg Accuracy: 64.82 | Avg Perplexity: 0.000 |Model Sparsity: 0.95
Epoch [21/50]: Avg Loss: 0.9994 | Avg Accuracy: 64.14 | Avg Perplexity: 0.000 |Model Sparsity: 0.95
Epoch [22/50]: Avg Loss: 0.9830 | Avg Accuracy: 64.55 | Avg Perplexity: 0.000 |Model Sparsity: 0.95
Epoch [23/50]: Avg Loss: 0.9665 | Avg Accuracy: 64.68 | Avg Perplexity: 0.000 |Model Sparsity: 0.95
Epoch [24/50]: Avg Loss: 0.9512 | Avg Accuracy: 65.11 | Avg Perplexity: 0.000 |Model Sparsity: 0.95
Epoch [25/50]: Avg Loss: 0.9394 | Avg Accuracy: 64.95 | Avg Perplexity: 0.000 |Model Sparsity: 0.95
Epoch [26/50]: Avg Loss: 0.9233 | Avg Accuracy: 65.29 | Avg Perplexity: 0.000 |Model Sparsity: 0.95
Epoch [27/50]: Avg Loss: 0.9115 | Avg Accuracy: 65.84 | Avg Perplexity: 0.000 |Model Sparsity: 0.95
Epoch [28/50]: Avg Loss: 0.9014 | Avg Accuracy: 65.57 | Avg Perplexity: 0.000 |Model Sparsity: 0.95
Epoch [29/50]: Avg Loss: 0.8868 | Avg Accuracy: 66.11 | Avg Perplexity: 0.000 |Model Sparsity: 0.95
Epoch [30/50]: Avg Loss: 0.8733 | Avg Accuracy: 65.98 | Avg Perplexity: 0.000 |Model Sparsity: 0.95
Epoch [31/50]: Avg Loss: 0.8644 | Avg Accuracy: 65.76 | Avg Perplexity: 0.000 |Model Sparsity: 0.95
Epoch [32/50]: Avg Loss: 0.8543 | Avg Accuracy: 66.34 | Avg Perplexity: 0.000 |Model Sparsity: 0.95
Epoch [33/50]: Avg Loss: 0.8412 | Avg Accuracy: 65.99 | Avg Perplexity: 0.000 |Model Sparsity: 0.95
Epoch [34/50]: Avg Loss: 0.8283 | Avg Accuracy: 66.14 | Avg Perplexity: 0.000 |Model Sparsity: 0.95
Epoch [35/50]: Avg Loss: 0.8190 | Avg Accuracy: 66.49 | Avg Perplexity: 0.000 |Model Sparsity: 0.95
Epoch [36/50]: Avg Loss: 0.8114 | Avg Accuracy: 65.87 | Avg Perplexity: 0.000 |Model Sparsity: 0.95
Epoch [37/50]: Avg Loss: 0.7975 | Avg Accuracy: 66.84 | Avg Perplexity: 0.000 |Model Sparsity: 0.95
Epoch [38/50]: Avg Loss: 0.7891 | Avg Accuracy: 66.46 | Avg Perplexity: 0.000 |Model Sparsity: 0.95
Epoch [39/50]: Avg Loss: 0.7782 | Avg Accuracy: 66.31 | Avg Perplexity: 0.000 |Model Sparsity: 0.95
Epoch [40/50]: Avg Loss: 0.7697 | Avg Accuracy: 66.58 | Avg Perplexity: 0.000 |Model Sparsity: 0.95
Epoch [41/50]: Avg Loss: 0.7631 | Avg Accuracy: 67.09 | Avg Perplexity: 0.000 |Model Sparsity: 0.95
Epoch [42/50]: Avg Loss: 0.7544 | Avg Accuracy: 66.92 | Avg Perplexity: 0.000 |Model Sparsity: 0.95
Epoch [43/50]: Avg Loss: 0.7413 | Avg Accuracy: 67.51 | Avg Perplexity: 0.000 |Model Sparsity: 0.95
Epoch [44/50]: Avg Loss: 0.7340 | Avg Accuracy: 67.05 | Avg Perplexity: 0.000 |Model Sparsity: 0.95
Epoch [45/50]: Avg Loss: 0.7219 | Avg Accuracy: 67.07 | Avg Perplexity: 0.000 |Model Sparsity: 0.95
Epoch [46/50]: Avg Loss: 0.7154 | Avg Accuracy: 67.32 | Avg Perplexity: 0.000 |Model Sparsity: 0.95
Epoch [47/50]: Avg Loss: 0.7040 | Avg Accuracy: 67.44 | Avg Perplexity: 0.000 |Model Sparsity: 0.95
Epoch [48/50]: Avg Loss: 0.6958 | Avg Accuracy: 67.67 | Avg Perplexity: 0.000 |Model Sparsity: 0.95
Epoch [49/50]: Avg Loss: 0.6901 | Avg Accuracy: 67.34 | Avg Perplexity: 0.000 |Model Sparsity: 0.95
Epoch [50/50]: Avg Loss: 0.6785 | Avg Accuracy: 67.43 | Avg Perplexity: 0.000 |Model Sparsity: 0.95
