Model : vit_small - Learning Type: emnist/bacp_finetune/magnitude_pruning/0.97
Configuration:
model_type: cv
model_name: vit_small
model_task: emnist
num_classes: 47
criterion: CrossEntropyLoss()
embedding_dim: 384
epochs: 50
pruning_epochs: 50
recovery_epochs: 10
batch_size: 256
learning_rate: 0.0001
learning_type: bacp_finetune
optimizer_type: adamw
prune: False
pruning_type: magnitude_pruning
target_sparsity: 0.97
sparsity_scheduler: linear
enable_mixed_precision: True
device: cuda
save_path: /dbfs/research/vit_small/emnist/vit_small_emnist_magnitude_pruning_0.97_bacp_finetune.pt
finetuned_weights: /dbfs/research/vit_small/emnist/vit_small_emnist_magnitude_pruning_0.97_bacp_pruning.pt

Epoch [1/50]: Avg Loss: 0.8466 | Avg Accuracy: 88.96 | Avg Perplexity: 0.000 |Model Sparsity: 0.97
Epoch [2/50]: Avg Loss: 0.3025 | Avg Accuracy: 89.49 | Avg Perplexity: 0.000 |Model Sparsity: 0.97
Epoch [3/50]: Avg Loss: 0.2774 | Avg Accuracy: 89.24 | Avg Perplexity: 0.000 |Model Sparsity: 0.97
Epoch [4/50]: Avg Loss: 0.2676 | Avg Accuracy: 89.61 | Avg Perplexity: 0.000 |Model Sparsity: 0.97
Epoch [5/50]: Avg Loss: 0.2620 | Avg Accuracy: 89.39 | Avg Perplexity: 0.000 |Model Sparsity: 0.97
Epoch [6/50]: Avg Loss: 0.2564 | Avg Accuracy: 89.75 | Avg Perplexity: 0.000 |Model Sparsity: 0.97
Epoch [7/50]: Avg Loss: 0.2533 | Avg Accuracy: 89.64 | Avg Perplexity: 0.000 |Model Sparsity: 0.97
Epoch [8/50]: Avg Loss: 0.2478 | Avg Accuracy: 89.72 | Avg Perplexity: 0.000 |Model Sparsity: 0.97
Epoch [9/50]: Avg Loss: 0.2486 | Avg Accuracy: 89.74 | Avg Perplexity: 0.000 |Model Sparsity: 0.97
Epoch [10/50]: Avg Loss: 0.2451 | Avg Accuracy: 89.57 | Avg Perplexity: 0.000 |Model Sparsity: 0.97
Epoch [11/50]: Avg Loss: 0.2412 | Avg Accuracy: 89.48 | Avg Perplexity: 0.000 |Model Sparsity: 0.97
Epoch [12/50]: Avg Loss: 0.2410 | Avg Accuracy: 89.86 | Avg Perplexity: 0.000 |Model Sparsity: 0.97
Epoch [13/50]: Avg Loss: 0.2370 | Avg Accuracy: 89.45 | Avg Perplexity: 0.000 |Model Sparsity: 0.97
Epoch [14/50]: Avg Loss: 0.2350 | Avg Accuracy: 89.64 | Avg Perplexity: 0.000 |Model Sparsity: 0.97
Epoch [15/50]: Avg Loss: 0.2321 | Avg Accuracy: 89.83 | Avg Perplexity: 0.000 |Model Sparsity: 0.97
Epoch [16/50]: Avg Loss: 0.2310 | Avg Accuracy: 89.81 | Avg Perplexity: 0.000 |Model Sparsity: 0.97
Epoch [17/50]: Avg Loss: 0.2300 | Avg Accuracy: 89.87 | Avg Perplexity: 0.000 |Model Sparsity: 0.97
Epoch [18/50]: Avg Loss: 0.2266 | Avg Accuracy: 89.54 | Avg Perplexity: 0.000 |Model Sparsity: 0.97
Epoch [19/50]: Avg Loss: 0.2254 | Avg Accuracy: 89.73 | Avg Perplexity: 0.000 |Model Sparsity: 0.97
Epoch [20/50]: Avg Loss: 0.2247 | Avg Accuracy: 89.69 | Avg Perplexity: 0.000 |Model Sparsity: 0.97
Epoch [21/50]: Avg Loss: 0.2215 | Avg Accuracy: 89.72 | Avg Perplexity: 0.000 |Model Sparsity: 0.97
Epoch [22/50]: Avg Loss: 0.2237 | Avg Accuracy: 89.27 | Avg Perplexity: 0.000 |Model Sparsity: 0.97
Epoch [23/50]: Avg Loss: 0.2187 | Avg Accuracy: 89.52 | Avg Perplexity: 0.000 |Model Sparsity: 0.97
Epoch [24/50]: Avg Loss: 0.2189 | Avg Accuracy: 89.62 | Avg Perplexity: 0.000 |Model Sparsity: 0.97
Epoch [25/50]: Avg Loss: 0.2162 | Avg Accuracy: 89.73 | Avg Perplexity: 0.000 |Model Sparsity: 0.97
Epoch [26/50]: Avg Loss: 0.2167 | Avg Accuracy: 89.73 | Avg Perplexity: 0.000 |Model Sparsity: 0.97
Epoch [27/50]: Avg Loss: 0.2145 | Avg Accuracy: 89.89 | Avg Perplexity: 0.000 |Model Sparsity: 0.97
Epoch [28/50]: Avg Loss: 0.2113 | Avg Accuracy: 90.07 | Avg Perplexity: 0.000 |Model Sparsity: 0.97
Epoch [29/50]: Avg Loss: 0.2089 | Avg Accuracy: 89.68 | Avg Perplexity: 0.000 |Model Sparsity: 0.97
Epoch [30/50]: Avg Loss: 0.2103 | Avg Accuracy: 89.61 | Avg Perplexity: 0.000 |Model Sparsity: 0.97
Epoch [31/50]: Avg Loss: 0.2095 | Avg Accuracy: 89.58 | Avg Perplexity: 0.000 |Model Sparsity: 0.97
Epoch [32/50]: Avg Loss: 0.2075 | Avg Accuracy: 89.56 | Avg Perplexity: 0.000 |Model Sparsity: 0.97
Epoch [33/50]: Avg Loss: 0.2063 | Avg Accuracy: 89.81 | Avg Perplexity: 0.000 |Model Sparsity: 0.97
Epoch [34/50]: Avg Loss: 0.2042 | Avg Accuracy: 89.76 | Avg Perplexity: 0.000 |Model Sparsity: 0.97
Epoch [35/50]: Avg Loss: 0.2027 | Avg Accuracy: 89.77 | Avg Perplexity: 0.000 |Model Sparsity: 0.97
Epoch [36/50]: Avg Loss: 0.1998 | Avg Accuracy: 89.79 | Avg Perplexity: 0.000 |Model Sparsity: 0.97
Epoch [37/50]: Avg Loss: 0.2003 | Avg Accuracy: 89.74 | Avg Perplexity: 0.000 |Model Sparsity: 0.97
Epoch [38/50]: Avg Loss: 0.1992 | Avg Accuracy: 89.49 | Avg Perplexity: 0.000 |Model Sparsity: 0.97
Epoch [39/50]: Avg Loss: 0.1986 | Avg Accuracy: 89.72 | Avg Perplexity: 0.000 |Model Sparsity: 0.97
Epoch [40/50]: Avg Loss: 0.1967 | Avg Accuracy: 89.82 | Avg Perplexity: 0.000 |Model Sparsity: 0.97
Epoch [41/50]: Avg Loss: 0.1972 | Avg Accuracy: 89.67 | Avg Perplexity: 0.000 |Model Sparsity: 0.97
Epoch [42/50]: Avg Loss: 0.1930 | Avg Accuracy: 89.72 | Avg Perplexity: 0.000 |Model Sparsity: 0.97
Epoch [43/50]: Avg Loss: 0.1924 | Avg Accuracy: 89.49 | Avg Perplexity: 0.000 |Model Sparsity: 0.97
Epoch [44/50]: Avg Loss: 0.1909 | Avg Accuracy: 89.50 | Avg Perplexity: 0.000 |Model Sparsity: 0.97
Epoch [45/50]: Avg Loss: 0.1927 | Avg Accuracy: 89.89 | Avg Perplexity: 0.000 |Model Sparsity: 0.97
Epoch [46/50]: Avg Loss: 0.1909 | Avg Accuracy: 89.62 | Avg Perplexity: 0.000 |Model Sparsity: 0.97
Epoch [47/50]: Avg Loss: 0.1886 | Avg Accuracy: 89.48 | Avg Perplexity: 0.000 |Model Sparsity: 0.97
Epoch [48/50]: Avg Loss: 0.1873 | Avg Accuracy: 89.08 | Avg Perplexity: 0.000 |Model Sparsity: 0.97
