Model : vit_tiny - Learning Type: cifar10/LRS_sgd_0.1
Configuration:
model_type: cv
model_name: vit_tiny
model_task: cifar10
num_classes: 10
criterion: CrossEntropyLoss()
embedding_dim: 192
epochs: 5
pruning_epochs: 5
recovery_epochs: 10
batch_size: 256
learning_rate: 0.1
learning_type: LRS_sgd_0.1
optimizer_type: sgd
prune: False
target_sparsity: 0.0
sparsity_scheduler: cubic
enable_mixed_precision: True
device: cuda
save_path: /dbfs/research/vit_tiny/cifar10/vit_tiny_cifar10_LRS_sgd_0.1.pt

Epoch [1/5]: Avg Loss: 157.3029 | Avg Accuracy: 9.79 | Model Sparsity: 0.0
Epoch [2/5]: Avg Loss: 11.1888 | Avg Accuracy: 9.98 | Model Sparsity: 0.0
Epoch [3/5]: Avg Loss: 2.3350 | Avg Accuracy: 9.99 | Model Sparsity: 0.0
Epoch [4/5]: Avg Loss: 2.3249 | Avg Accuracy: 10.51 | Model Sparsity: 0.0
Epoch [5/5]: Avg Loss: 2.3193 | Avg Accuracy: 9.99 | Model Sparsity: 0.0
