Model : vit_small - Learning Type: cifar100/baseline
Configuration:
model_type: cv
model_name: vit_small
model_task: cifar100
num_classes: 100
criterion: CrossEntropyLoss()
embedding_dim: 384
epochs: 10
pruning_epochs: 10
recovery_epochs: 10
batch_size: 256
learning_rate: 0.01
learning_type: baseline
scheduler_type: linear_with_warmup
optimizer_type: sgd
total_steps: 1660
warmup_steps: 166
prune: False
target_sparsity: 0.0
sparsity_scheduler: linear
enable_mixed_precision: True
device: cuda
save_path: ./research/vit_small/cifar100/vit_small_cifar100_baseline.pt

Epoch [1/10]: Avg Loss: 1.6715 | Avg Accuracy: 84.31 | Model Sparsity: 0.0
Epoch [2/10]: Avg Loss: 0.3948 | Avg Accuracy: 86.29 | Model Sparsity: 0.0
Epoch [3/10]: Avg Loss: 0.2266 | Avg Accuracy: 88.25 | Model Sparsity: 0.0
Epoch [4/10]: Avg Loss: 0.1284 | Avg Accuracy: 88.70 | Model Sparsity: 0.0
Epoch [5/10]: Avg Loss: 0.0695 | Avg Accuracy: 89.25 | Model Sparsity: 0.0
Epoch [6/10]: Avg Loss: 0.0400 | Avg Accuracy: 89.75 | Model Sparsity: 0.0
Epoch [7/10]: Avg Loss: 0.0230 | Avg Accuracy: 90.48 | Model Sparsity: 0.0
Epoch [8/10]: Avg Loss: 0.0159 | Avg Accuracy: 90.40 | Model Sparsity: 0.0
Epoch [9/10]: Avg Loss: 0.0114 | Avg Accuracy: 90.26 | Model Sparsity: 0.0
Epoch [10/10]: Avg Loss: 0.0100 | Avg Accuracy: 90.18 | Model Sparsity: 0.0
