Model : vgg11 - Learning Type: cifar10/bacp_LRS_sgd_0.3/magnitude_pruning/0.95
Configuration:
model_name: vgg11
model_task: cifar10
model_type: cv
num_classes: 10
batch_size: 512
learning_rate: 0.3
optimizer_type: sgd
epochs: 1
recovery_epochs: 10
patience: 1
pruning_type: magnitude_pruning
target_sparsity: 0.95
sparsity_scheduler: cubic
pruning_epochs: 1
n_views: 2
temperature: 20
base_temperature: 20
device: cuda
enable_mixed_precision: True
num_workers: 24
train_batches: 83
val_batches: 14
current_model_path: /dbfs/research/vgg11/cifar10/vgg11_cifar10_magnitude_pruning_0.95_bacp_LRS_sgd_0.3.pt

Epoch [1/1]: Avg Total Loss: 7.4373 | Avg PrC Loss: 3.4645 | Avg SnC Loss: 0.0000 | Avg FiC Loss: 3.4633 | Avg CE Loss: 0.5096 | Model Sparsity: 0.95
Retraining Epoch [1/10]: Avg Total Loss: 10.7591 | Avg PrC Loss: 3.4632 | Avg SnC Loss: 3.4527 | Avg FiC Loss: 3.4610 | Avg CE Loss: 0.3821 | Model Sparsity: 0.95
Retraining Epoch [2/10]: Avg Total Loss: 10.6604 | Avg PrC Loss: 3.4627 | Avg SnC Loss: 3.4519 | Avg FiC Loss: 3.4597 | Avg CE Loss: 0.2861 | Model Sparsity: 0.95
Retraining Epoch [3/10]: Avg Total Loss: 10.6249 | Avg PrC Loss: 3.4625 | Avg SnC Loss: 3.4519 | Avg FiC Loss: 3.4593 | Avg CE Loss: 0.2512 | Model Sparsity: 0.95
Retraining Epoch [4/10]: Avg Total Loss: 10.6142 | Avg PrC Loss: 3.4625 | Avg SnC Loss: 3.4521 | Avg FiC Loss: 3.4590 | Avg CE Loss: 0.2406 | Model Sparsity: 0.95
Retraining Epoch [5/10]: Avg Total Loss: 10.6016 | Avg PrC Loss: 3.4624 | Avg SnC Loss: 3.4520 | Avg FiC Loss: 3.4588 | Avg CE Loss: 0.2282 | Model Sparsity: 0.95
Retraining Epoch [6/10]: Avg Total Loss: 10.5924 | Avg PrC Loss: 3.4624 | Avg SnC Loss: 3.4520 | Avg FiC Loss: 3.4587 | Avg CE Loss: 0.2193 | Model Sparsity: 0.95
Retraining Epoch [7/10]: Avg Total Loss: 10.5881 | Avg PrC Loss: 3.4624 | Avg SnC Loss: 3.4522 | Avg FiC Loss: 3.4586 | Avg CE Loss: 0.2149 | Model Sparsity: 0.95
Retraining Epoch [8/10]: Avg Total Loss: 10.5851 | Avg PrC Loss: 3.4623 | Avg SnC Loss: 3.4520 | Avg FiC Loss: 3.4585 | Avg CE Loss: 0.2123 | Model Sparsity: 0.95
Retraining Epoch [9/10]: Avg Total Loss: 10.5867 | Avg PrC Loss: 3.4624 | Avg SnC Loss: 3.4522 | Avg FiC Loss: 3.4585 | Avg CE Loss: 0.2137 | Model Sparsity: 0.95
Retraining Epoch [10/10]: Avg Total Loss: 10.5784 | Avg PrC Loss: 3.4623 | Avg SnC Loss: 3.4522 | Avg FiC Loss: 3.4584 | Avg CE Loss: 0.2055 | Model Sparsity: 0.95
