Model : vgg11 - Learning Type: cifar10/bacp_pruning/magnitude_pruning/0.95
Configuration:
model_name: vgg11
model_task: cifar10
model_type: cv
num_classes: 10
batch_size: 512
learning_rate: 0.1
optimizer_type: sgd
epochs: 5
recovery_epochs: 10
patience: 20
pruning_type: magnitude_pruning
target_sparsity: 0.95
sparsity_scheduler: cubic
pruning_epochs: 5
n_views: 2
temperature: 0.15
base_temperature: 0.15
device: cuda
enable_mixed_precision: True
num_workers: 24
train_batches: 83
val_batches: 14
current_model_path: /dbfs/research/vgg11/cifar10/vgg11_cifar10_magnitude_pruning_0.95_bacp_pruning.pt

Epoch [1/5]: Avg Total Loss: 8.0389 | Avg PrC Loss: 3.7722 | Avg SnC Loss: 0.0000 | Avg FiC Loss: 3.6063 | Avg CE Loss: 0.6604 | Model Sparsity: 0.4636
Retraining Epoch [1/10]: Avg Total Loss: 7.2137 | Avg PrC Loss: 3.5243 | Avg SnC Loss: 0.0000 | Avg FiC Loss: 3.2785 | Avg CE Loss: 0.4109 | Model Sparsity: 0.4636
Retraining Epoch [2/10]: Avg Total Loss: 6.7978 | Avg PrC Loss: 3.4328 | Avg SnC Loss: 0.0000 | Avg FiC Loss: 3.0700 | Avg CE Loss: 0.2949 | Model Sparsity: 0.4636
Retraining Epoch [3/10]: Avg Total Loss: 6.5832 | Avg PrC Loss: 3.3809 | Avg SnC Loss: 0.0000 | Avg FiC Loss: 2.9672 | Avg CE Loss: 0.2351 | Model Sparsity: 0.4636
Retraining Epoch [4/10]: Avg Total Loss: 6.4637 | Avg PrC Loss: 3.3446 | Avg SnC Loss: 0.0000 | Avg FiC Loss: 2.9142 | Avg CE Loss: 0.2048 | Model Sparsity: 0.4636
Retraining Epoch [5/10]: Avg Total Loss: 6.3749 | Avg PrC Loss: 3.3157 | Avg SnC Loss: 0.0000 | Avg FiC Loss: 2.8787 | Avg CE Loss: 0.1805 | Model Sparsity: 0.4636
Retraining Epoch [6/10]: Avg Total Loss: 6.3156 | Avg PrC Loss: 3.2936 | Avg SnC Loss: 0.0000 | Avg FiC Loss: 2.8556 | Avg CE Loss: 0.1665 | Model Sparsity: 0.4636
Retraining Epoch [7/10]: Avg Total Loss: 6.2582 | Avg PrC Loss: 3.2768 | Avg SnC Loss: 0.0000 | Avg FiC Loss: 2.8309 | Avg CE Loss: 0.1505 | Model Sparsity: 0.4636
Retraining Epoch [8/10]: Avg Total Loss: 6.2352 | Avg PrC Loss: 3.2684 | Avg SnC Loss: 0.0000 | Avg FiC Loss: 2.8239 | Avg CE Loss: 0.1429 | Model Sparsity: 0.4636
Retraining Epoch [9/10]: Avg Total Loss: 6.1928 | Avg PrC Loss: 3.2513 | Avg SnC Loss: 0.0000 | Avg FiC Loss: 2.8084 | Avg CE Loss: 0.1331 | Model Sparsity: 0.4636
Retraining Epoch [10/10]: Avg Total Loss: 6.1635 | Avg PrC Loss: 3.2407 | Avg SnC Loss: 0.0000 | Avg FiC Loss: 2.7981 | Avg CE Loss: 0.1246 | Model Sparsity: 0.4636
