Model : vit_small - Learning Type: cifar10/bacp_finetune/magnitude_pruning/0.95
Configuration:
model_type: cv
model_name: vit_small
model_task: cifar10
num_classes: 10
criterion: CrossEntropyLoss()
embedding_dim: 384
epochs: 5
pruning_epochs: 5
recovery_epochs: 10
batch_size: 128
learning_rate: 0.001
learning_type: bacp_finetune
optimizer_type: adamw
prune: False
pruning_type: magnitude_pruning
target_sparsity: 0.95
sparsity_scheduler: linear
enable_mixed_precision: True
device: cuda
save_path: /dbfs/research/vit_small/cifar10/vit_small_cifar10_magnitude_pruning_0.95_bacp_finetune.pt
finetuned_weights: /dbfs/research/vit_small/cifar10/vit_small_cifar10_magnitude_pruning_0.95_bacp_pruning.pt

Epoch [1/5]: Avg Loss: 1.7234 | Avg Accuracy: 48.17 | Model Sparsity: 0.95
Epoch [2/5]: Avg Loss: 1.3216 | Avg Accuracy: 54.88 | Model Sparsity: 0.95
Epoch [3/5]: Avg Loss: 1.1401 | Avg Accuracy: 58.92 | Model Sparsity: 0.95
Epoch [4/5]: Avg Loss: 1.0154 | Avg Accuracy: 62.89 | Model Sparsity: 0.95
Epoch [5/5]: Avg Loss: 0.9341 | Avg Accuracy: 66.80 | Model Sparsity: 0.95
