Model : vit_small - Learning Type: cifar10/bacp_finetune/magnitude_pruning/0.95
Configuration:
model_type: cv
model_name: vit_small
model_task: cifar10
num_classes: 10
criterion: CrossEntropyLoss()
embedding_dim: 384
epochs: 10
pruning_epochs: 10
recovery_epochs: 10
batch_size: 256
learning_rate: 0.001
learning_type: bacp_finetune
optimizer_type: adamw
prune: False
pruning_type: magnitude_pruning
target_sparsity: 0.95
sparsity_scheduler: linear
enable_mixed_precision: True
device: cuda
save_path: /dbfs/research/vit_small/cifar10/vit_small_cifar10_magnitude_pruning_0.95_bacp_finetune.pt
finetuned_weights: /dbfs/research/vit_small/cifar10/vit_small_cifar10_magnitude_pruning_0.95_bacp_pruning.pt

Epoch [1/10]: Avg Loss: 0.4257 | Avg Accuracy: 88.55 | Model Sparsity: 0.95
Epoch [2/10]: Avg Loss: 0.3019 | Avg Accuracy: 89.78 | Model Sparsity: 0.95
Epoch [3/10]: Avg Loss: 0.2642 | Avg Accuracy: 90.81 | Model Sparsity: 0.95
Epoch [4/10]: Avg Loss: 0.2467 | Avg Accuracy: 90.21 | Model Sparsity: 0.95
Epoch [5/10]: Avg Loss: 0.2157 | Avg Accuracy: 90.84 | Model Sparsity: 0.95
Epoch [6/10]: Avg Loss: 0.2030 | Avg Accuracy: 90.88 | Model Sparsity: 0.95
Epoch [7/10]: Avg Loss: 0.1868 | Avg Accuracy: 90.57 | Model Sparsity: 0.95
Epoch [8/10]: Avg Loss: 0.1628 | Avg Accuracy: 90.98 | Model Sparsity: 0.95
Epoch [9/10]: Avg Loss: 0.1626 | Avg Accuracy: 90.29 | Model Sparsity: 0.95
Epoch [10/10]: Avg Loss: 0.1410 | Avg Accuracy: 90.99 | Model Sparsity: 0.95
