Model : vit_small - Learning Type: cifar10/bacp_finetune/magnitude_pruning/0.95
Configuration:
model_type: cv
model_name: vit_small
model_task: cifar10
num_classes: 10
criterion: CrossEntropyLoss()
embedding_dim: 384
epochs: 10
pruning_epochs: 10
recovery_epochs: 10
batch_size: 256
learning_rate: 0.001
learning_type: bacp_finetune
optimizer_type: adamw
prune: False
pruning_type: magnitude_pruning
target_sparsity: 0.95
sparsity_scheduler: linear
enable_mixed_precision: True
device: cuda
save_path: /dbfs/research/vit_small/cifar10/vit_small_cifar10_magnitude_pruning_0.95_bacp_finetune.pt
finetuned_weights: /dbfs/research/vit_small/cifar10/vit_small_cifar10_magnitude_pruning_0.95_bacp_pruning.pt

Epoch [1/10]: Avg Loss: 0.5434 | Avg Accuracy: 85.30 | Model Sparsity: 0.95
Epoch [2/10]: Avg Loss: 0.3770 | Avg Accuracy: 87.28 | Model Sparsity: 0.95
Epoch [3/10]: Avg Loss: 0.3205 | Avg Accuracy: 88.38 | Model Sparsity: 0.95
Epoch [4/10]: Avg Loss: 0.2873 | Avg Accuracy: 88.03 | Model Sparsity: 0.95
