Model : vgg19 - Learning Type: mnist/bacp_pruning/movement_pruning/0.99
Configuration:
model_name: vgg19
model_task: mnist
model_type: cv
num_classes: 10
batch_size: 512
learning_rate: 0.1
optimizer_type: sgd
epochs: 5
recovery_epochs: 10
patience: 20
pruning_type: movement_pruning
target_sparsity: 0.99
sparsity_scheduler: cubic
pruning_epochs: 5
n_views: 2
temperature: 0.15
base_temperature: 0.15
device: cuda
enable_mixed_precision: True
num_workers: 24
train_batches: 99
val_batches: 17
current_model_path: /dbfs/research/vgg19/mnist/vgg19_mnist_movement_pruning_0.99_bacp_pruning.pt

Epoch [1/5]: Avg Total Loss: 8.1284 | Avg PrC Loss: 3.6984 | Avg SnC Loss: 0.0000 | Avg FiC Loss: 3.8402 | Avg CE Loss: 0.5897 | Model Sparsity: 0.5981
Retraining Epoch [1/10]: Avg Total Loss: 11.8172 | Avg PrC Loss: 3.7076 | Avg SnC Loss: 3.5292 | Avg FiC Loss: 3.8579 | Avg CE Loss: 0.7225 | Model Sparsity: 0.5981
Retraining Epoch [2/10]: Avg Total Loss: 11.5671 | Avg PrC Loss: 3.6650 | Avg SnC Loss: 3.5347 | Avg FiC Loss: 3.7901 | Avg CE Loss: 0.5772 | Model Sparsity: 0.5981
Retraining Epoch [3/10]: Avg Total Loss: nan | Avg PrC Loss: nan | Avg SnC Loss: nan | Avg FiC Loss: nan | Avg CE Loss: nan | Model Sparsity: 0.5981
Retraining Epoch [4/10]: Avg Total Loss: nan | Avg PrC Loss: nan | Avg SnC Loss: nan | Avg FiC Loss: nan | Avg CE Loss: nan | Model Sparsity: 0.5981
Retraining Epoch [5/10]: Avg Total Loss: nan | Avg PrC Loss: nan | Avg SnC Loss: nan | Avg FiC Loss: nan | Avg CE Loss: nan | Model Sparsity: 0.5981
Retraining Epoch [6/10]: Avg Total Loss: nan | Avg PrC Loss: nan | Avg SnC Loss: nan | Avg FiC Loss: nan | Avg CE Loss: nan | Model Sparsity: 0.5981
Retraining Epoch [7/10]: Avg Total Loss: nan | Avg PrC Loss: nan | Avg SnC Loss: nan | Avg FiC Loss: nan | Avg CE Loss: nan | Model Sparsity: 0.5981
Retraining Epoch [8/10]: Avg Total Loss: nan | Avg PrC Loss: nan | Avg SnC Loss: nan | Avg FiC Loss: nan | Avg CE Loss: nan | Model Sparsity: 0.5981
Retraining Epoch [9/10]: Avg Total Loss: nan | Avg PrC Loss: nan | Avg SnC Loss: nan | Avg FiC Loss: nan | Avg CE Loss: nan | Model Sparsity: 0.5981
Retraining Epoch [10/10]: Avg Total Loss: nan | Avg PrC Loss: nan | Avg SnC Loss: nan | Avg FiC Loss: nan | Avg CE Loss: nan | Model Sparsity: 0.5981
Epoch [2/5]: Avg Total Loss: nan | Avg PrC Loss: nan | Avg SnC Loss: nan | Avg FiC Loss: nan | Avg CE Loss: nan | Model Sparsity: 0.0
Retraining Epoch [1/10]: Avg Total Loss: nan | Avg PrC Loss: nan | Avg SnC Loss: nan | Avg FiC Loss: nan | Avg CE Loss: nan | Model Sparsity: 0.0
Retraining Epoch [2/10]: Avg Total Loss: nan | Avg PrC Loss: nan | Avg SnC Loss: nan | Avg FiC Loss: nan | Avg CE Loss: nan | Model Sparsity: 0.0
Retraining Epoch [3/10]: Avg Total Loss: nan | Avg PrC Loss: nan | Avg SnC Loss: nan | Avg FiC Loss: nan | Avg CE Loss: nan | Model Sparsity: 0.0
Retraining Epoch [4/10]: Avg Total Loss: nan | Avg PrC Loss: nan | Avg SnC Loss: nan | Avg FiC Loss: nan | Avg CE Loss: nan | Model Sparsity: 0.0
Retraining Epoch [5/10]: Avg Total Loss: nan | Avg PrC Loss: nan | Avg SnC Loss: nan | Avg FiC Loss: nan | Avg CE Loss: nan | Model Sparsity: 0.0
Retraining Epoch [6/10]: Avg Total Loss: nan | Avg PrC Loss: nan | Avg SnC Loss: nan | Avg FiC Loss: nan | Avg CE Loss: nan | Model Sparsity: 0.0
Retraining Epoch [7/10]: Avg Total Loss: nan | Avg PrC Loss: nan | Avg SnC Loss: nan | Avg FiC Loss: nan | Avg CE Loss: nan | Model Sparsity: 0.0
Retraining Epoch [8/10]: Avg Total Loss: nan | Avg PrC Loss: nan | Avg SnC Loss: nan | Avg FiC Loss: nan | Avg CE Loss: nan | Model Sparsity: 0.0
Retraining Epoch [9/10]: Avg Total Loss: nan | Avg PrC Loss: nan | Avg SnC Loss: nan | Avg FiC Loss: nan | Avg CE Loss: nan | Model Sparsity: 0.0
Retraining Epoch [10/10]: Avg Total Loss: nan | Avg PrC Loss: nan | Avg SnC Loss: nan | Avg FiC Loss: nan | Avg CE Loss: nan | Model Sparsity: 0.0
Epoch [3/5]: Avg Total Loss: nan | Avg PrC Loss: nan | Avg SnC Loss: nan | Avg FiC Loss: nan | Avg CE Loss: nan | Model Sparsity: 0.0
Retraining Epoch [1/10]: Avg Total Loss: nan | Avg PrC Loss: nan | Avg SnC Loss: nan | Avg FiC Loss: nan | Avg CE Loss: nan | Model Sparsity: 0.0
Retraining Epoch [2/10]: Avg Total Loss: nan | Avg PrC Loss: nan | Avg SnC Loss: nan | Avg FiC Loss: nan | Avg CE Loss: nan | Model Sparsity: 0.0
Retraining Epoch [3/10]: Avg Total Loss: nan | Avg PrC Loss: nan | Avg SnC Loss: nan | Avg FiC Loss: nan | Avg CE Loss: nan | Model Sparsity: 0.0
Retraining Epoch [4/10]: Avg Total Loss: nan | Avg PrC Loss: nan | Avg SnC Loss: nan | Avg FiC Loss: nan | Avg CE Loss: nan | Model Sparsity: 0.0
Retraining Epoch [5/10]: Avg Total Loss: nan | Avg PrC Loss: nan | Avg SnC Loss: nan | Avg FiC Loss: nan | Avg CE Loss: nan | Model Sparsity: 0.0
Retraining Epoch [6/10]: Avg Total Loss: nan | Avg PrC Loss: nan | Avg SnC Loss: nan | Avg FiC Loss: nan | Avg CE Loss: nan | Model Sparsity: 0.0
Retraining Epoch [7/10]: Avg Total Loss: nan | Avg PrC Loss: nan | Avg SnC Loss: nan | Avg FiC Loss: nan | Avg CE Loss: nan | Model Sparsity: 0.0
Retraining Epoch [8/10]: Avg Total Loss: nan | Avg PrC Loss: nan | Avg SnC Loss: nan | Avg FiC Loss: nan | Avg CE Loss: nan | Model Sparsity: 0.0
