Model : resnet50 - Learning Type: cifar100/pruning/wanda_pruning/0.97
Configuration:
model_type: cv
model_name: resnet50
model_task: cifar100
num_classes: 100
criterion: CrossEntropyLoss()
embedding_dim: 2048
epochs: 5
pruning_epochs: 5
recovery_epochs: 10
batch_size: 512
learning_rate: 0.01
learning_type: pruning
optimizer_type: sgd
prune: True
pruning_type: wanda_pruning
target_sparsity: 0.97
sparsity_scheduler: cubic
enable_mixed_precision: True
device: cuda
save_path: /dbfs/research/resnet50/cifar100/resnet50_cifar100_wanda_pruning_0.97_pruning.pt
finetuned_weights: /dbfs/research/resnet50/cifar100/resnet50_cifar100_baseline.pt

Epoch [1/5]: Avg Loss: 0.2630 | Avg Accuracy: 90.53 | Model Sparsity: 0.4734
Recovery epoch [1/10]: Avg Loss: 0.1990 | Avg Accuracy: 89.75 | Model Sparsity: 0.4734
Recovery epoch [2/10]: Avg Loss: 0.1622 | Avg Accuracy: 90.12 | Model Sparsity: 0.4734
Recovery epoch [3/10]: Avg Loss: 0.1341 | Avg Accuracy: 89.44 | Model Sparsity: 0.4734
Recovery epoch [4/10]: Avg Loss: 0.1180 | Avg Accuracy: 89.45 | Model Sparsity: 0.4734
Recovery epoch [5/10]: Avg Loss: 0.1086 | Avg Accuracy: 89.19 | Model Sparsity: 0.4734
Recovery epoch [6/10]: Avg Loss: 0.0916 | Avg Accuracy: 87.26 | Model Sparsity: 0.4734
Recovery epoch [7/10]: Avg Loss: 0.0850 | Avg Accuracy: 88.60 | Model Sparsity: 0.4734
Recovery epoch [8/10]: Avg Loss: 0.0756 | Avg Accuracy: 90.04 | Model Sparsity: 0.4734
Recovery epoch [9/10]: Avg Loss: 0.0697 | Avg Accuracy: 89.55 | Model Sparsity: 0.4734
Recovery epoch [10/10]: Avg Loss: 0.0625 | Avg Accuracy: 88.35 | Model Sparsity: 0.4734
Epoch [2/5]: Avg Loss: 1.1268 | Avg Accuracy: 73.56 | Model Sparsity: 0.7605
