Model : resnet50 - Learning Type: cifar10/bacp_TS_disable_supervised_loss/magnitude_pruning/0.95
Configuration:
model_name: resnet50
model_task: cifar10
model_type: cv
num_classes: 10
batch_size: 512
learning_rate: 0.1
optimizer_type: sgd
epochs: 5
recovery_epochs: 10
patience: 5
pruning_type: magnitude_pruning
target_sparsity: 0.95
sparsity_scheduler: cubic
pruning_epochs: 5
n_views: 2
temperature: 0.07
base_temperature: 0.07
device: cuda
enable_mixed_precision: True
num_workers: 24
train_batches: 83
val_batches: 14
current_model_path: /dbfs/research/resnet50/cifar10/resnet50_cifar10_magnitude_pruning_0.95_bacp_TS_disable_supervised_loss.pt

Epoch [1/5]: Avg Total Loss: 4.5007 | Avg PrC Loss: 1.9340 | Avg SnC Loss: 0.0000 | Avg FiC Loss: 2.1681 | Avg CE Loss: 0.3987 | Model Sparsity: 0.4636
Retraining Epoch [1/10]: Avg Total Loss: 4.1638 | Avg PrC Loss: 1.9021 | Avg SnC Loss: 0.0000 | Avg FiC Loss: 2.0691 | Avg CE Loss: 0.1926 | Model Sparsity: 0.4636
Retraining Epoch [2/10]: Avg Total Loss: 3.8192 | Avg PrC Loss: 1.8679 | Avg SnC Loss: 0.0000 | Avg FiC Loss: 1.8081 | Avg CE Loss: 0.1432 | Model Sparsity: 0.4636
