Model : vgg11 - Learning Type: cifar10/bacp_LRS_sgd_0.01/magnitude_pruning/0.95
Configuration:
model_name: vgg11
model_task: cifar10
model_type: cv
num_classes: 10
batch_size: 512
learning_rate: 0.01
optimizer_type: sgd
epochs: 1
recovery_epochs: 10
patience: 1
pruning_type: magnitude_pruning
target_sparsity: 0.95
sparsity_scheduler: cubic
pruning_epochs: 1
n_views: 2
temperature: 20
base_temperature: 20
device: cuda
enable_mixed_precision: True
num_workers: 24
train_batches: 83
val_batches: 14
current_model_path: /dbfs/research/vgg11/cifar10/vgg11_cifar10_magnitude_pruning_0.95_bacp_LRS_sgd_0.01.pt

Epoch [1/1]: Avg Total Loss: 7.4974 | Avg PrC Loss: 3.4653 | Avg SnC Loss: 0.0000 | Avg FiC Loss: 3.4647 | Avg CE Loss: 0.5674 | Model Sparsity: 0.95
Retraining Epoch [1/10]: Avg Total Loss: 10.8682 | Avg PrC Loss: 3.4649 | Avg SnC Loss: 3.4639 | Avg FiC Loss: 3.4641 | Avg CE Loss: 0.4753 | Model Sparsity: 0.95
Retraining Epoch [2/10]: Avg Total Loss: 10.7946 | Avg PrC Loss: 3.4640 | Avg SnC Loss: 3.4629 | Avg FiC Loss: 3.4626 | Avg CE Loss: 0.4051 | Model Sparsity: 0.95
Retraining Epoch [3/10]: Avg Total Loss: 10.7498 | Avg PrC Loss: 3.4635 | Avg SnC Loss: 3.4626 | Avg FiC Loss: 3.4617 | Avg CE Loss: 0.3621 | Model Sparsity: 0.95
Retraining Epoch [4/10]: Avg Total Loss: 10.7196 | Avg PrC Loss: 3.4632 | Avg SnC Loss: 3.4624 | Avg FiC Loss: 3.4611 | Avg CE Loss: 0.3329 | Model Sparsity: 0.95
Retraining Epoch [5/10]: Avg Total Loss: 10.7023 | Avg PrC Loss: 3.4630 | Avg SnC Loss: 3.4624 | Avg FiC Loss: 3.4607 | Avg CE Loss: 0.3161 | Model Sparsity: 0.95
Retraining Epoch [6/10]: Avg Total Loss: 10.6884 | Avg PrC Loss: 3.4629 | Avg SnC Loss: 3.4624 | Avg FiC Loss: 3.4605 | Avg CE Loss: 0.3027 | Model Sparsity: 0.95
Retraining Epoch [7/10]: Avg Total Loss: 10.6736 | Avg PrC Loss: 3.4627 | Avg SnC Loss: 3.4623 | Avg FiC Loss: 3.4602 | Avg CE Loss: 0.2884 | Model Sparsity: 0.95
Retraining Epoch [8/10]: Avg Total Loss: 10.6625 | Avg PrC Loss: 3.4626 | Avg SnC Loss: 3.4623 | Avg FiC Loss: 3.4600 | Avg CE Loss: 0.2775 | Model Sparsity: 0.95
Retraining Epoch [9/10]: Avg Total Loss: 10.6541 | Avg PrC Loss: 3.4626 | Avg SnC Loss: 3.4623 | Avg FiC Loss: 3.4598 | Avg CE Loss: 0.2694 | Model Sparsity: 0.95
Retraining Epoch [10/10]: Avg Total Loss: 10.6433 | Avg PrC Loss: 3.4625 | Avg SnC Loss: 3.4623 | Avg FiC Loss: 3.4596 | Avg CE Loss: 0.2589 | Model Sparsity: 0.95
