Model : vgg19 - Learning Type: cifar10/bacp_pruning/magnitude_pruning/0.99
Configuration:
model_name: vgg19
model_task: cifar10
model_type: cv
num_classes: 10
batch_size: 512
learning_rate: 0.1
optimizer_type: sgd
epochs: 5
recovery_epochs: 10
patience: 20
pruning_type: magnitude_pruning
target_sparsity: 0.99
sparsity_scheduler: cubic
pruning_epochs: 5
n_views: 2
temperature: 0.15
base_temperature: 0.15
device: cuda
enable_mixed_precision: True
num_workers: 24
train_batches: 83
val_batches: 14
current_model_path: /dbfs/research/vgg19/cifar10/vgg19_cifar10_magnitude_pruning_0.99_bacp_pruning.pt

Epoch [1/5]: Avg Total Loss: nan | Avg PrC Loss: nan | Avg SnC Loss: 0.0000 | Avg FiC Loss: nan | Avg CE Loss: nan | Model Sparsity: 0.4831
Retraining Epoch [1/10]: Avg Total Loss: nan | Avg PrC Loss: nan | Avg SnC Loss: 0.0000 | Avg FiC Loss: nan | Avg CE Loss: nan | Model Sparsity: 0.4831
Retraining Epoch [2/10]: Avg Total Loss: nan | Avg PrC Loss: nan | Avg SnC Loss: 0.0000 | Avg FiC Loss: nan | Avg CE Loss: nan | Model Sparsity: 0.4831
Retraining Epoch [3/10]: Avg Total Loss: nan | Avg PrC Loss: nan | Avg SnC Loss: 0.0000 | Avg FiC Loss: nan | Avg CE Loss: nan | Model Sparsity: 0.4831
Retraining Epoch [4/10]: Avg Total Loss: nan | Avg PrC Loss: nan | Avg SnC Loss: 0.0000 | Avg FiC Loss: nan | Avg CE Loss: nan | Model Sparsity: 0.4831
Retraining Epoch [5/10]: Avg Total Loss: nan | Avg PrC Loss: nan | Avg SnC Loss: 0.0000 | Avg FiC Loss: nan | Avg CE Loss: nan | Model Sparsity: 0.4831
Retraining Epoch [6/10]: Avg Total Loss: nan | Avg PrC Loss: nan | Avg SnC Loss: 0.0000 | Avg FiC Loss: nan | Avg CE Loss: nan | Model Sparsity: 0.4831
Retraining Epoch [7/10]: Avg Total Loss: nan | Avg PrC Loss: nan | Avg SnC Loss: 0.0000 | Avg FiC Loss: nan | Avg CE Loss: nan | Model Sparsity: 0.4831
Retraining Epoch [8/10]: Avg Total Loss: nan | Avg PrC Loss: nan | Avg SnC Loss: 0.0000 | Avg FiC Loss: nan | Avg CE Loss: nan | Model Sparsity: 0.4831
Retraining Epoch [9/10]: Avg Total Loss: nan | Avg PrC Loss: nan | Avg SnC Loss: 0.0000 | Avg FiC Loss: nan | Avg CE Loss: nan | Model Sparsity: 0.4831
Retraining Epoch [10/10]: Avg Total Loss: nan | Avg PrC Loss: nan | Avg SnC Loss: 0.0000 | Avg FiC Loss: nan | Avg CE Loss: nan | Model Sparsity: 0.4831
Epoch [2/5]: Avg Total Loss: nan | Avg PrC Loss: nan | Avg SnC Loss: nan | Avg FiC Loss: nan | Avg CE Loss: nan | Model Sparsity: 0.7762
Retraining Epoch [1/10]: Avg Total Loss: nan | Avg PrC Loss: nan | Avg SnC Loss: nan | Avg FiC Loss: nan | Avg CE Loss: nan | Model Sparsity: 0.7762
Retraining Epoch [2/10]: Avg Total Loss: nan | Avg PrC Loss: nan | Avg SnC Loss: nan | Avg FiC Loss: nan | Avg CE Loss: nan | Model Sparsity: 0.7762
Retraining Epoch [3/10]: Avg Total Loss: nan | Avg PrC Loss: nan | Avg SnC Loss: nan | Avg FiC Loss: nan | Avg CE Loss: nan | Model Sparsity: 0.7762
Retraining Epoch [4/10]: Avg Total Loss: nan | Avg PrC Loss: nan | Avg SnC Loss: nan | Avg FiC Loss: nan | Avg CE Loss: nan | Model Sparsity: 0.7762
Retraining Epoch [5/10]: Avg Total Loss: nan | Avg PrC Loss: nan | Avg SnC Loss: nan | Avg FiC Loss: nan | Avg CE Loss: nan | Model Sparsity: 0.7762
Retraining Epoch [6/10]: Avg Total Loss: nan | Avg PrC Loss: nan | Avg SnC Loss: nan | Avg FiC Loss: nan | Avg CE Loss: nan | Model Sparsity: 0.7762
Retraining Epoch [7/10]: Avg Total Loss: nan | Avg PrC Loss: nan | Avg SnC Loss: nan | Avg FiC Loss: nan | Avg CE Loss: nan | Model Sparsity: 0.7762
Retraining Epoch [8/10]: Avg Total Loss: nan | Avg PrC Loss: nan | Avg SnC Loss: nan | Avg FiC Loss: nan | Avg CE Loss: nan | Model Sparsity: 0.7762
Retraining Epoch [9/10]: Avg Total Loss: nan | Avg PrC Loss: nan | Avg SnC Loss: nan | Avg FiC Loss: nan | Avg CE Loss: nan | Model Sparsity: 0.7762
Retraining Epoch [10/10]: Avg Total Loss: nan | Avg PrC Loss: nan | Avg SnC Loss: nan | Avg FiC Loss: nan | Avg CE Loss: nan | Model Sparsity: 0.7762
Epoch [3/5]: Avg Total Loss: nan | Avg PrC Loss: nan | Avg SnC Loss: nan | Avg FiC Loss: nan | Avg CE Loss: nan | Model Sparsity: 0.9266
Retraining Epoch [1/10]: Avg Total Loss: nan | Avg PrC Loss: nan | Avg SnC Loss: nan | Avg FiC Loss: nan | Avg CE Loss: nan | Model Sparsity: 0.9266
Retraining Epoch [2/10]: Avg Total Loss: nan | Avg PrC Loss: nan | Avg SnC Loss: nan | Avg FiC Loss: nan | Avg CE Loss: nan | Model Sparsity: 0.9266
Retraining Epoch [3/10]: Avg Total Loss: nan | Avg PrC Loss: nan | Avg SnC Loss: nan | Avg FiC Loss: nan | Avg CE Loss: nan | Model Sparsity: 0.9266
Retraining Epoch [4/10]: Avg Total Loss: nan | Avg PrC Loss: nan | Avg SnC Loss: nan | Avg FiC Loss: nan | Avg CE Loss: nan | Model Sparsity: 0.9266
Retraining Epoch [5/10]: Avg Total Loss: nan | Avg PrC Loss: nan | Avg SnC Loss: nan | Avg FiC Loss: nan | Avg CE Loss: nan | Model Sparsity: 0.9266
Retraining Epoch [6/10]: Avg Total Loss: nan | Avg PrC Loss: nan | Avg SnC Loss: nan | Avg FiC Loss: nan | Avg CE Loss: nan | Model Sparsity: 0.9266
Retraining Epoch [7/10]: Avg Total Loss: nan | Avg PrC Loss: nan | Avg SnC Loss: nan | Avg FiC Loss: nan | Avg CE Loss: nan | Model Sparsity: 0.9266
Retraining Epoch [8/10]: Avg Total Loss: nan | Avg PrC Loss: nan | Avg SnC Loss: nan | Avg FiC Loss: nan | Avg CE Loss: nan | Model Sparsity: 0.9266
Retraining Epoch [9/10]: Avg Total Loss: nan | Avg PrC Loss: nan | Avg SnC Loss: nan | Avg FiC Loss: nan | Avg CE Loss: nan | Model Sparsity: 0.9266
Retraining Epoch [10/10]: Avg Total Loss: nan | Avg PrC Loss: nan | Avg SnC Loss: nan | Avg FiC Loss: nan | Avg CE Loss: nan | Model Sparsity: 0.9266
Epoch [4/5]: Avg Total Loss: nan | Avg PrC Loss: nan | Avg SnC Loss: nan | Avg FiC Loss: nan | Avg CE Loss: nan | Model Sparsity: 0.9821
Retraining Epoch [1/10]: Avg Total Loss: nan | Avg PrC Loss: nan | Avg SnC Loss: nan | Avg FiC Loss: nan | Avg CE Loss: nan | Model Sparsity: 0.9821
Retraining Epoch [2/10]: Avg Total Loss: nan | Avg PrC Loss: nan | Avg SnC Loss: nan | Avg FiC Loss: nan | Avg CE Loss: nan | Model Sparsity: 0.9821
Retraining Epoch [3/10]: Avg Total Loss: nan | Avg PrC Loss: nan | Avg SnC Loss: nan | Avg FiC Loss: nan | Avg CE Loss: nan | Model Sparsity: 0.9821
Retraining Epoch [4/10]: Avg Total Loss: nan | Avg PrC Loss: nan | Avg SnC Loss: nan | Avg FiC Loss: nan | Avg CE Loss: nan | Model Sparsity: 0.9821
Retraining Epoch [5/10]: Avg Total Loss: nan | Avg PrC Loss: nan | Avg SnC Loss: nan | Avg FiC Loss: nan | Avg CE Loss: nan | Model Sparsity: 0.9821
Retraining Epoch [6/10]: Avg Total Loss: nan | Avg PrC Loss: nan | Avg SnC Loss: nan | Avg FiC Loss: nan | Avg CE Loss: nan | Model Sparsity: 0.9821
Retraining Epoch [7/10]: Avg Total Loss: nan | Avg PrC Loss: nan | Avg SnC Loss: nan | Avg FiC Loss: nan | Avg CE Loss: nan | Model Sparsity: 0.9821
Retraining Epoch [8/10]: Avg Total Loss: nan | Avg PrC Loss: nan | Avg SnC Loss: nan | Avg FiC Loss: nan | Avg CE Loss: nan | Model Sparsity: 0.9821
Retraining Epoch [9/10]: Avg Total Loss: nan | Avg PrC Loss: nan | Avg SnC Loss: nan | Avg FiC Loss: nan | Avg CE Loss: nan | Model Sparsity: 0.9821
Retraining Epoch [10/10]: Avg Total Loss: nan | Avg PrC Loss: nan | Avg SnC Loss: nan | Avg FiC Loss: nan | Avg CE Loss: nan | Model Sparsity: 0.9821
Epoch [5/5]: Avg Total Loss: nan | Avg PrC Loss: nan | Avg SnC Loss: nan | Avg FiC Loss: nan | Avg CE Loss: nan | Model Sparsity: 0.99
Retraining Epoch [1/10]: Avg Total Loss: nan | Avg PrC Loss: nan | Avg SnC Loss: nan | Avg FiC Loss: nan | Avg CE Loss: nan | Model Sparsity: 0.99
Retraining Epoch [2/10]: Avg Total Loss: nan | Avg PrC Loss: nan | Avg SnC Loss: nan | Avg FiC Loss: nan | Avg CE Loss: nan | Model Sparsity: 0.99
Retraining Epoch [3/10]: Avg Total Loss: nan | Avg PrC Loss: nan | Avg SnC Loss: nan | Avg FiC Loss: nan | Avg CE Loss: nan | Model Sparsity: 0.99
Retraining Epoch [4/10]: Avg Total Loss: nan | Avg PrC Loss: nan | Avg SnC Loss: nan | Avg FiC Loss: nan | Avg CE Loss: nan | Model Sparsity: 0.99
Retraining Epoch [5/10]: Avg Total Loss: nan | Avg PrC Loss: nan | Avg SnC Loss: nan | Avg FiC Loss: nan | Avg CE Loss: nan | Model Sparsity: 0.99
Retraining Epoch [6/10]: Avg Total Loss: nan | Avg PrC Loss: nan | Avg SnC Loss: nan | Avg FiC Loss: nan | Avg CE Loss: nan | Model Sparsity: 0.99
Retraining Epoch [7/10]: Avg Total Loss: nan | Avg PrC Loss: nan | Avg SnC Loss: nan | Avg FiC Loss: nan | Avg CE Loss: nan | Model Sparsity: 0.99
Retraining Epoch [8/10]: Avg Total Loss: nan | Avg PrC Loss: nan | Avg SnC Loss: nan | Avg FiC Loss: nan | Avg CE Loss: nan | Model Sparsity: 0.99
Retraining Epoch [9/10]: Avg Total Loss: nan | Avg PrC Loss: nan | Avg SnC Loss: nan | Avg FiC Loss: nan | Avg CE Loss: nan | Model Sparsity: 0.99
Retraining Epoch [10/10]: Avg Total Loss: nan | Avg PrC Loss: nan | Avg SnC Loss: nan | Avg FiC Loss: nan | Avg CE Loss: nan | Model Sparsity: 0.99
