Model : resnet101 - Learning Type: emnist/bacp_pruning/movement_pruning/0.97
Configuration:
model_name: resnet101
model_task: emnist
model_type: cv
num_classes: 47
batch_size: 512
learning_rate: 0.1
optimizer_type: sgd
epochs: 5
recovery_epochs: 10
patience: 20
pruning_type: movement_pruning
target_sparsity: 0.97
sparsity_scheduler: cubic
pruning_epochs: 5
n_views: 2
temperature: 0.07
base_temperature: 0.07
device: cuda
enable_mixed_precision: True
num_workers: 24
train_batches: 187
val_batches: 33
current_model_path: /dbfs/research/resnet101/emnist/resnet101_emnist_movement_pruning_0.97_bacp_pruning.pt

Epoch [1/5]: Avg Total Loss: 7.7864 | Avg PrC Loss: 3.6935 | Avg SnC Loss: 0.0000 | Avg FiC Loss: 3.8900 | Avg CE Loss: 0.2029 | Model Sparsity: 0.4734
Retraining Epoch [1/10]: Avg Total Loss: 10.0259 | Avg PrC Loss: 3.4809 | Avg SnC Loss: 3.3912 | Avg FiC Loss: 3.0607 | Avg CE Loss: 0.0931 | Model Sparsity: 0.4734
Retraining Epoch [2/10]: Avg Total Loss: 8.9077 | Avg PrC Loss: 3.2696 | Avg SnC Loss: 3.4547 | Avg FiC Loss: 2.0969 | Avg CE Loss: 0.0865 | Model Sparsity: 0.4734
Retraining Epoch [3/10]: Avg Total Loss: 8.8206 | Avg PrC Loss: 3.2203 | Avg SnC Loss: 3.4687 | Avg FiC Loss: 2.0559 | Avg CE Loss: 0.0757 | Model Sparsity: 0.4734
Retraining Epoch [4/10]: Avg Total Loss: 8.7836 | Avg PrC Loss: 3.1940 | Avg SnC Loss: 3.4766 | Avg FiC Loss: 2.0412 | Avg CE Loss: 0.0718 | Model Sparsity: 0.4734
Retraining Epoch [5/10]: Avg Total Loss: 8.7627 | Avg PrC Loss: 3.1758 | Avg SnC Loss: 3.4828 | Avg FiC Loss: 2.0335 | Avg CE Loss: 0.0706 | Model Sparsity: 0.4734
Retraining Epoch [6/10]: Avg Total Loss: 8.7478 | Avg PrC Loss: 3.1626 | Avg SnC Loss: 3.4871 | Avg FiC Loss: 2.0281 | Avg CE Loss: 0.0700 | Model Sparsity: 0.4734
Retraining Epoch [7/10]: Avg Total Loss: 8.7415 | Avg PrC Loss: 3.1548 | Avg SnC Loss: 3.4900 | Avg FiC Loss: 2.0260 | Avg CE Loss: 0.0708 | Model Sparsity: 0.4734
Retraining Epoch [8/10]: Avg Total Loss: 8.7369 | Avg PrC Loss: 3.1488 | Avg SnC Loss: 3.4921 | Avg FiC Loss: 2.0245 | Avg CE Loss: 0.0716 | Model Sparsity: 0.4734
Retraining Epoch [9/10]: Avg Total Loss: 8.7290 | Avg PrC Loss: 3.1440 | Avg SnC Loss: 3.4936 | Avg FiC Loss: 2.0200 | Avg CE Loss: 0.0714 | Model Sparsity: 0.4734
Retraining Epoch [10/10]: Avg Total Loss: 8.7302 | Avg PrC Loss: 3.1410 | Avg SnC Loss: 3.4949 | Avg FiC Loss: 2.0215 | Avg CE Loss: 0.0727 | Model Sparsity: 0.4734
Epoch [2/5]: Avg Total Loss: 8.7320 | Avg PrC Loss: 3.1395 | Avg SnC Loss: 3.4952 | Avg FiC Loss: 2.0208 | Avg CE Loss: 0.0765 | Model Sparsity: 0.7605
