Model : vitb16 - Learning Type: cifar10/bacp_finetune/movement_pruning/0.99
Configuration:
model_type: cv
model_name: vitb16
model_task: cifar10
num_classes: 10
criterion: CrossEntropyLoss()
embedding_dim: 768
epochs: 5
pruning_epochs: 5
recovery_epochs: 10
batch_size: 512
learning_rate: 1e-05
learning_type: bacp_finetune
optimizer_type: adamw
prune: False
pruning_type: movement_pruning
target_sparsity: 0.99
sparsity_scheduler: linear
enable_mixed_precision: True
device: cuda
save_path: /dbfs/research/vitb16/cifar10/vitb16_cifar10_movement_pruning_0.99_bacp_finetune.pt
finetuned_weights: /dbfs/research/vitb16/cifar10/vitb16_cifar10_movement_pruning_0.99_bacp_pruning.pt

Epoch [1/5]: Avg Loss: 2.1513 | Avg Accuracy: 33.55 | Model Sparsity: 0.99
Epoch [2/5]: Avg Loss: 1.8077 | Avg Accuracy: 49.01 | Model Sparsity: 0.99
Epoch [3/5]: Avg Loss: 1.5631 | Avg Accuracy: 59.96 | Model Sparsity: 0.99
Epoch [4/5]: Avg Loss: 1.3656 | Avg Accuracy: 66.32 | Model Sparsity: 0.99
Epoch [5/5]: Avg Loss: 1.2082 | Avg Accuracy: 70.16 | Model Sparsity: 0.99
