Model : resnet50 - Learning Type: cifar10/bacp_pruning/wanda_pruning/0.99
Configuration:
model_name: resnet50
model_task: cifar10
model_type: cv
num_classes: 10
batch_size: 512
learning_rate: 0.1
optimizer_type: sgd
epochs: 5
recovery_epochs: 10
patience: 20
pruning_type: wanda_pruning
target_sparsity: 0.99
sparsity_scheduler: cubic
pruning_epochs: 5
n_views: 2
temperature: 0.15
base_temperature: 0.15
device: cuda
enable_mixed_precision: True
num_workers: 24
train_batches: 83
val_batches: 14
current_model_path: /dbfs/research/resnet50/cifar10/resnet50_cifar10_wanda_pruning_0.99_bacp_pruning.pt

Epoch [1/5]: Avg Total Loss: 7.6323 | Avg PrC Loss: 3.5757 | Avg SnC Loss: 0.0000 | Avg FiC Loss: 3.6539 | Avg CE Loss: 0.4028 | Model Sparsity: 0.4831
Retraining Epoch [1/10]: Avg Total Loss: 7.0686 | Avg PrC Loss: 3.5132 | Avg SnC Loss: 0.0000 | Avg FiC Loss: 3.3458 | Avg CE Loss: 0.2095 | Model Sparsity: 0.4831
Retraining Epoch [2/10]: Avg Total Loss: 6.6444 | Avg PrC Loss: 3.4736 | Avg SnC Loss: 0.0000 | Avg FiC Loss: 3.0182 | Avg CE Loss: 0.1526 | Model Sparsity: 0.4831
Retraining Epoch [3/10]: Avg Total Loss: 6.5310 | Avg PrC Loss: 3.4609 | Avg SnC Loss: 0.0000 | Avg FiC Loss: 2.9526 | Avg CE Loss: 0.1175 | Model Sparsity: 0.4831
Retraining Epoch [4/10]: Avg Total Loss: 6.4787 | Avg PrC Loss: 3.4518 | Avg SnC Loss: 0.0000 | Avg FiC Loss: 2.9259 | Avg CE Loss: 0.1010 | Model Sparsity: 0.4831
Retraining Epoch [5/10]: Avg Total Loss: 6.4280 | Avg PrC Loss: 3.4426 | Avg SnC Loss: 0.0000 | Avg FiC Loss: 2.8959 | Avg CE Loss: 0.0896 | Model Sparsity: 0.4831
Retraining Epoch [6/10]: Avg Total Loss: 6.3984 | Avg PrC Loss: 3.4367 | Avg SnC Loss: 0.0000 | Avg FiC Loss: 2.8797 | Avg CE Loss: 0.0820 | Model Sparsity: 0.4831
Retraining Epoch [7/10]: Avg Total Loss: 6.3824 | Avg PrC Loss: 3.4337 | Avg SnC Loss: 0.0000 | Avg FiC Loss: 2.8696 | Avg CE Loss: 0.0791 | Model Sparsity: 0.4831
Retraining Epoch [8/10]: Avg Total Loss: 6.3618 | Avg PrC Loss: 3.4305 | Avg SnC Loss: 0.0000 | Avg FiC Loss: 2.8575 | Avg CE Loss: 0.0738 | Model Sparsity: 0.4831
Retraining Epoch [9/10]: Avg Total Loss: 6.3553 | Avg PrC Loss: 3.4287 | Avg SnC Loss: 0.0000 | Avg FiC Loss: 2.8534 | Avg CE Loss: 0.0732 | Model Sparsity: 0.4831
Retraining Epoch [10/10]: Avg Total Loss: 6.3423 | Avg PrC Loss: 3.4261 | Avg SnC Loss: 0.0000 | Avg FiC Loss: 2.8471 | Avg CE Loss: 0.0691 | Model Sparsity: 0.4831
Epoch [2/5]: Avg Total Loss: 8.9984 | Avg PrC Loss: 3.4594 | Avg SnC Loss: 2.5858 | Avg FiC Loss: 2.8606 | Avg CE Loss: 0.0925 | Model Sparsity: 0.7762
Retraining Epoch [1/10]: Avg Total Loss: 8.9711 | Avg PrC Loss: 3.4566 | Avg SnC Loss: 2.5756 | Avg FiC Loss: 2.8510 | Avg CE Loss: 0.0878 | Model Sparsity: 0.7762
Retraining Epoch [2/10]: Avg Total Loss: 8.9556 | Avg PrC Loss: 3.4557 | Avg SnC Loss: 2.5698 | Avg FiC Loss: 2.8455 | Avg CE Loss: 0.0845 | Model Sparsity: 0.7762
Retraining Epoch [3/10]: Avg Total Loss: 8.9361 | Avg PrC Loss: 3.4540 | Avg SnC Loss: 2.5615 | Avg FiC Loss: 2.8397 | Avg CE Loss: 0.0809 | Model Sparsity: 0.7762
Retraining Epoch [4/10]: Avg Total Loss: 8.9262 | Avg PrC Loss: 3.4537 | Avg SnC Loss: 2.5574 | Avg FiC Loss: 2.8368 | Avg CE Loss: 0.0784 | Model Sparsity: 0.7762
Retraining Epoch [5/10]: Avg Total Loss: 8.9173 | Avg PrC Loss: 3.4522 | Avg SnC Loss: 2.5565 | Avg FiC Loss: 2.8319 | Avg CE Loss: 0.0767 | Model Sparsity: 0.7762
Retraining Epoch [6/10]: Avg Total Loss: 8.9076 | Avg PrC Loss: 3.4512 | Avg SnC Loss: 2.5518 | Avg FiC Loss: 2.8295 | Avg CE Loss: 0.0751 | Model Sparsity: 0.7762
Retraining Epoch [7/10]: Avg Total Loss: 8.9051 | Avg PrC Loss: 3.4509 | Avg SnC Loss: 2.5513 | Avg FiC Loss: 2.8283 | Avg CE Loss: 0.0746 | Model Sparsity: 0.7762
Retraining Epoch [8/10]: Avg Total Loss: 8.8992 | Avg PrC Loss: 3.4500 | Avg SnC Loss: 2.5486 | Avg FiC Loss: 2.8269 | Avg CE Loss: 0.0737 | Model Sparsity: 0.7762
Retraining Epoch [9/10]: Avg Total Loss: 8.8982 | Avg PrC Loss: 3.4497 | Avg SnC Loss: 2.5495 | Avg FiC Loss: 2.8257 | Avg CE Loss: 0.0733 | Model Sparsity: 0.7762
Retraining Epoch [10/10]: Avg Total Loss: 8.9043 | Avg PrC Loss: 3.4500 | Avg SnC Loss: 2.5525 | Avg FiC Loss: 2.8262 | Avg CE Loss: 0.0755 | Model Sparsity: 0.7762
Epoch [3/5]: Avg Total Loss: 11.7846 | Avg PrC Loss: 3.4866 | Avg SnC Loss: 5.2123 | Avg FiC Loss: 2.8895 | Avg CE Loss: 0.1962 | Model Sparsity: 0.9266
Retraining Epoch [1/10]: Avg Total Loss: 11.5916 | Avg PrC Loss: 3.4769 | Avg SnC Loss: 5.1111 | Avg FiC Loss: 2.8526 | Avg CE Loss: 0.1511 | Model Sparsity: 0.9266
Retraining Epoch [2/10]: Avg Total Loss: 11.5677 | Avg PrC Loss: 3.4764 | Avg SnC Loss: 5.1049 | Avg FiC Loss: 2.8482 | Avg CE Loss: 0.1382 | Model Sparsity: 0.9266
Retraining Epoch [3/10]: Avg Total Loss: 11.5251 | Avg PrC Loss: 3.4750 | Avg SnC Loss: 5.0846 | Avg FiC Loss: 2.8391 | Avg CE Loss: 0.1264 | Model Sparsity: 0.9266
Retraining Epoch [4/10]: Avg Total Loss: 11.5031 | Avg PrC Loss: 3.4737 | Avg SnC Loss: 5.0734 | Avg FiC Loss: 2.8369 | Avg CE Loss: 0.1192 | Model Sparsity: 0.9266
Retraining Epoch [5/10]: Avg Total Loss: 11.5004 | Avg PrC Loss: 3.4746 | Avg SnC Loss: 5.0731 | Avg FiC Loss: 2.8372 | Avg CE Loss: 0.1154 | Model Sparsity: 0.9266
Retraining Epoch [6/10]: Avg Total Loss: 11.4907 | Avg PrC Loss: 3.4738 | Avg SnC Loss: 5.0700 | Avg FiC Loss: 2.8342 | Avg CE Loss: 0.1127 | Model Sparsity: 0.9266
Retraining Epoch [7/10]: Avg Total Loss: 11.4936 | Avg PrC Loss: 3.4728 | Avg SnC Loss: 5.0727 | Avg FiC Loss: 2.8357 | Avg CE Loss: 0.1125 | Model Sparsity: 0.9266
Retraining Epoch [8/10]: Avg Total Loss: 11.4686 | Avg PrC Loss: 3.4727 | Avg SnC Loss: 5.0584 | Avg FiC Loss: 2.8309 | Avg CE Loss: 0.1066 | Model Sparsity: 0.9266
Retraining Epoch [9/10]: Avg Total Loss: 11.4646 | Avg PrC Loss: 3.4731 | Avg SnC Loss: 5.0589 | Avg FiC Loss: 2.8281 | Avg CE Loss: 0.1045 | Model Sparsity: 0.9266
Retraining Epoch [10/10]: Avg Total Loss: 11.4635 | Avg PrC Loss: 3.4730 | Avg SnC Loss: 5.0568 | Avg FiC Loss: 2.8287 | Avg CE Loss: 0.1050 | Model Sparsity: 0.9266
Epoch [4/5]: Avg Total Loss: 18.6643 | Avg PrC Loss: 3.5848 | Avg SnC Loss: 10.8917 | Avg FiC Loss: 3.6701 | Avg CE Loss: 0.5177 | Model Sparsity: 0.9821
Retraining Epoch [1/10]: Avg Total Loss: 18.1724 | Avg PrC Loss: 3.5577 | Avg SnC Loss: 10.5567 | Avg FiC Loss: 3.5776 | Avg CE Loss: 0.4804 | Model Sparsity: 0.9821
Retraining Epoch [2/10]: Avg Total Loss: 16.8731 | Avg PrC Loss: 3.5475 | Avg SnC Loss: 9.5351 | Avg FiC Loss: 3.3206 | Avg CE Loss: 0.4699 | Model Sparsity: 0.9821
Retraining Epoch [3/10]: Avg Total Loss: 15.7930 | Avg PrC Loss: 3.5356 | Avg SnC Loss: 8.7028 | Avg FiC Loss: 3.1000 | Avg CE Loss: 0.4547 | Model Sparsity: 0.9821
Retraining Epoch [4/10]: Avg Total Loss: 15.2607 | Avg PrC Loss: 3.5219 | Avg SnC Loss: 8.2995 | Avg FiC Loss: 3.0004 | Avg CE Loss: 0.4389 | Model Sparsity: 0.9821
Retraining Epoch [5/10]: Avg Total Loss: 14.9740 | Avg PrC Loss: 3.5110 | Avg SnC Loss: 8.0894 | Avg FiC Loss: 2.9550 | Avg CE Loss: 0.4186 | Model Sparsity: 0.9821
Retraining Epoch [6/10]: Avg Total Loss: 14.7826 | Avg PrC Loss: 3.5047 | Avg SnC Loss: 7.9506 | Avg FiC Loss: 2.9273 | Avg CE Loss: 0.4000 | Model Sparsity: 0.9821
Retraining Epoch [7/10]: Avg Total Loss: 14.6762 | Avg PrC Loss: 3.5022 | Avg SnC Loss: 7.8796 | Avg FiC Loss: 2.9101 | Avg CE Loss: 0.3842 | Model Sparsity: 0.9821
Retraining Epoch [8/10]: Avg Total Loss: 14.5932 | Avg PrC Loss: 3.5006 | Avg SnC Loss: 7.8239 | Avg FiC Loss: 2.8989 | Avg CE Loss: 0.3698 | Model Sparsity: 0.9821
Retraining Epoch [9/10]: Avg Total Loss: 14.5462 | Avg PrC Loss: 3.4995 | Avg SnC Loss: 7.7966 | Avg FiC Loss: 2.8936 | Avg CE Loss: 0.3565 | Model Sparsity: 0.9821
Retraining Epoch [10/10]: Avg Total Loss: 14.4947 | Avg PrC Loss: 3.4985 | Avg SnC Loss: 7.7654 | Avg FiC Loss: 2.8854 | Avg CE Loss: 0.3454 | Model Sparsity: 0.9821
Epoch [5/5]: Avg Total Loss: 17.2515 | Avg PrC Loss: 3.5141 | Avg SnC Loss: 10.4531 | Avg FiC Loss: 2.9103 | Avg CE Loss: 0.3739 | Model Sparsity: 0.99
Retraining Epoch [1/10]: Avg Total Loss: 17.1409 | Avg PrC Loss: 3.5119 | Avg SnC Loss: 10.3736 | Avg FiC Loss: 2.8937 | Avg CE Loss: 0.3616 | Model Sparsity: 0.99
Retraining Epoch [2/10]: Avg Total Loss: 17.0911 | Avg PrC Loss: 3.5116 | Avg SnC Loss: 10.3391 | Avg FiC Loss: 2.8862 | Avg CE Loss: 0.3541 | Model Sparsity: 0.99
Retraining Epoch [3/10]: Avg Total Loss: 17.0632 | Avg PrC Loss: 3.5108 | Avg SnC Loss: 10.3219 | Avg FiC Loss: 2.8834 | Avg CE Loss: 0.3471 | Model Sparsity: 0.99
Retraining Epoch [4/10]: Avg Total Loss: 17.0422 | Avg PrC Loss: 3.5100 | Avg SnC Loss: 10.3092 | Avg FiC Loss: 2.8817 | Avg CE Loss: 0.3414 | Model Sparsity: 0.99
Retraining Epoch [5/10]: Avg Total Loss: 17.0016 | Avg PrC Loss: 3.5102 | Avg SnC Loss: 10.2808 | Avg FiC Loss: 2.8742 | Avg CE Loss: 0.3364 | Model Sparsity: 0.99
Retraining Epoch [6/10]: Avg Total Loss: 16.9843 | Avg PrC Loss: 3.5087 | Avg SnC Loss: 10.2711 | Avg FiC Loss: 2.8727 | Avg CE Loss: 0.3319 | Model Sparsity: 0.99
Retraining Epoch [7/10]: Avg Total Loss: 16.9674 | Avg PrC Loss: 3.5093 | Avg SnC Loss: 10.2622 | Avg FiC Loss: 2.8699 | Avg CE Loss: 0.3259 | Model Sparsity: 0.99
Retraining Epoch [8/10]: Avg Total Loss: 16.9686 | Avg PrC Loss: 3.5101 | Avg SnC Loss: 10.2637 | Avg FiC Loss: 2.8724 | Avg CE Loss: 0.3223 | Model Sparsity: 0.99
Retraining Epoch [9/10]: Avg Total Loss: 16.9485 | Avg PrC Loss: 3.5088 | Avg SnC Loss: 10.2539 | Avg FiC Loss: 2.8671 | Avg CE Loss: 0.3187 | Model Sparsity: 0.99
Retraining Epoch [10/10]: Avg Total Loss: 16.9396 | Avg PrC Loss: 3.5087 | Avg SnC Loss: 10.2465 | Avg FiC Loss: 2.8676 | Avg CE Loss: 0.3168 | Model Sparsity: 0.99
