Model : resnet50 - Learning Type: cifar10/bacp_finetune/magnitude_pruning/0.9999
Configuration:
model_type: cv
model_name: resnet50
model_task: cifar10
num_classes: 10
criterion: CrossEntropyLoss()
embedding_dim: 2048
epochs: 50
pruning_epochs: 50
recovery_epochs: 10
batch_size: 512
learning_rate: 0.0001
learning_type: bacp_finetune
optimizer_type: adamw
prune: False
pruning_type: magnitude_pruning
target_sparsity: 0.9999
sparsity_scheduler: linear
enable_mixed_precision: True
device: cuda
save_path: /dbfs/research/resnet50/cifar10/resnet50_cifar10_magnitude_pruning_0.9999_bacp_finetune.pt
finetuned_weights: /dbfs/research/resnet50/cifar10/resnet50_cifar10_magnitude_pruning_0.9999_bacp_pruning.pt

Epoch [1/50]: Avg Loss: 2.3035 | Avg Accuracy: 10.03 | Avg Perplexity: 0.000 |Model Sparsity: 0.9999
Epoch [2/50]: Avg Loss: 2.3034 | Avg Accuracy: 9.68 | Avg Perplexity: 0.000 |Model Sparsity: 0.9999
Epoch [3/50]: Avg Loss: 2.3034 | Avg Accuracy: 10.00 | Avg Perplexity: 0.000 |Model Sparsity: 0.9999
Epoch [4/50]: Avg Loss: 2.3034 | Avg Accuracy: 10.42 | Avg Perplexity: 0.000 |Model Sparsity: 0.9999
Epoch [5/50]: Avg Loss: 2.3033 | Avg Accuracy: 9.79 | Avg Perplexity: 0.000 |Model Sparsity: 0.9999
Epoch [6/50]: Avg Loss: 2.3033 | Avg Accuracy: 9.82 | Avg Perplexity: 0.000 |Model Sparsity: 0.9999
Epoch [7/50]: Avg Loss: 2.3033 | Avg Accuracy: 10.03 | Avg Perplexity: 0.000 |Model Sparsity: 0.9999
Epoch [8/50]: Avg Loss: 2.3034 | Avg Accuracy: 10.00 | Avg Perplexity: 0.000 |Model Sparsity: 0.9999
