Model : vgg11 - Learning Type: cifar10/bacp_LRS_adamw_0.01_finetune/magnitude_pruning/0.95
Configuration:
model_type: cv
model_name: vgg11
model_task: cifar10
num_classes: 10
criterion: CrossEntropyLoss()
embedding_dim: 4096
epochs: 10
pruning_epochs: 10
recovery_epochs: 10
batch_size: 512
learning_rate: 0.0001
learning_type: bacp_LRS_adamw_0.01_finetune
optimizer_type: adamw
prune: False
pruning_type: magnitude_pruning
target_sparsity: 0.95
sparsity_scheduler: linear
enable_mixed_precision: True
device: cuda
save_path: /dbfs/research/vgg11/cifar10/vgg11_cifar10_magnitude_pruning_0.95_bacp_LRS_adamw_0.01_finetune.pt
finetuned_weights: /dbfs/research/vgg11/cifar10/vgg11_cifar10_magnitude_pruning_0.95_bacp_LRS_adamw_0.01.pt

Epoch [1/10]: Avg Loss: 6.6768 | Avg Accuracy: 14.94 | Model Sparsity: 0.95
Epoch [2/10]: Avg Loss: 2.2551 | Avg Accuracy: 15.81 | Model Sparsity: 0.95
Epoch [3/10]: Avg Loss: 2.2132 | Avg Accuracy: 19.43 | Model Sparsity: 0.95
Epoch [4/10]: Avg Loss: 2.1522 | Avg Accuracy: 21.22 | Model Sparsity: 0.95
Epoch [5/10]: Avg Loss: 2.0078 | Avg Accuracy: 28.22 | Model Sparsity: 0.95
Epoch [6/10]: Avg Loss: 1.8661 | Avg Accuracy: 31.17 | Model Sparsity: 0.95
Epoch [7/10]: Avg Loss: 1.7858 | Avg Accuracy: 35.83 | Model Sparsity: 0.95
Epoch [8/10]: Avg Loss: 1.7118 | Avg Accuracy: 39.20 | Model Sparsity: 0.95
Epoch [9/10]: Avg Loss: 1.6420 | Avg Accuracy: 42.54 | Model Sparsity: 0.95
Epoch [10/10]: Avg Loss: 1.5640 | Avg Accuracy: 46.83 | Model Sparsity: 0.95
