Model : resnet50 - Learning Type: cifar10/bacp_TS_finetune/magnitude_pruning/0.95
Configuration:
model_type: cv
model_name: resnet50
model_task: cifar10
num_classes: 10
criterion: CrossEntropyLoss()
embedding_dim: 2048
epochs: 20
pruning_epochs: 20
recovery_epochs: 10
batch_size: 512
learning_rate: 0.0001
learning_type: bacp_TS_finetune
optimizer_type: adamw
prune: False
pruning_type: magnitude_pruning
target_sparsity: 0.95
sparsity_scheduler: linear
enable_mixed_precision: True
device: cuda
save_path: /dbfs/research/resnet50/cifar10/resnet50_cifar10_magnitude_pruning_0.95_bacp_TS_finetune.pt
finetuned_weights: /dbfs/research/resnet50/cifar10/resnet50_cifar10_magnitude_pruning_0.95_bacp_TS_1.0.pt

Epoch [1/20]: Avg Loss: 0.9786 | Avg Accuracy: 91.71 | Model Sparsity: 0.95
Epoch [2/20]: Avg Loss: 0.2951 | Avg Accuracy: 92.76 | Model Sparsity: 0.95
Epoch [3/20]: Avg Loss: 0.2320 | Avg Accuracy: 92.68 | Model Sparsity: 0.95
Epoch [4/20]: Avg Loss: 0.2031 | Avg Accuracy: 92.95 | Model Sparsity: 0.95
Epoch [5/20]: Avg Loss: 0.1800 | Avg Accuracy: 93.43 | Model Sparsity: 0.95
Epoch [6/20]: Avg Loss: 0.1615 | Avg Accuracy: 93.50 | Model Sparsity: 0.95
Epoch [7/20]: Avg Loss: 0.1545 | Avg Accuracy: 93.46 | Model Sparsity: 0.95
Epoch [8/20]: Avg Loss: 0.1438 | Avg Accuracy: 93.68 | Model Sparsity: 0.95
Epoch [9/20]: Avg Loss: 0.1370 | Avg Accuracy: 93.54 | Model Sparsity: 0.95
Epoch [10/20]: Avg Loss: 0.1312 | Avg Accuracy: 93.81 | Model Sparsity: 0.95
Epoch [11/20]: Avg Loss: 0.1209 | Avg Accuracy: 94.08 | Model Sparsity: 0.95
Epoch [12/20]: Avg Loss: 0.1162 | Avg Accuracy: 93.89 | Model Sparsity: 0.95
Epoch [13/20]: Avg Loss: 0.1086 | Avg Accuracy: 93.99 | Model Sparsity: 0.95
Epoch [14/20]: Avg Loss: 0.1053 | Avg Accuracy: 93.78 | Model Sparsity: 0.95
Epoch [15/20]: Avg Loss: 0.0974 | Avg Accuracy: 93.58 | Model Sparsity: 0.95
Epoch [16/20]: Avg Loss: 0.0930 | Avg Accuracy: 94.38 | Model Sparsity: 0.95
Epoch [17/20]: Avg Loss: 0.0897 | Avg Accuracy: 94.34 | Model Sparsity: 0.95
Epoch [18/20]: Avg Loss: 0.0853 | Avg Accuracy: 94.00 | Model Sparsity: 0.95
Epoch [19/20]: Avg Loss: 0.0804 | Avg Accuracy: 93.92 | Model Sparsity: 0.95
Epoch [20/20]: Avg Loss: 0.0797 | Avg Accuracy: 94.22 | Model Sparsity: 0.95
