Model : resnet50 - Learning Type: cifar10/bacp_TS_finetune/magnitude_pruning/0.95
Configuration:
model_type: cv
model_name: resnet50
model_task: cifar10
num_classes: 10
criterion: CrossEntropyLoss()
embedding_dim: 2048
epochs: 5
pruning_epochs: 5
recovery_epochs: 10
batch_size: 512
learning_rate: 0.0001
learning_type: bacp_TS_finetune
optimizer_type: adamw
prune: False
pruning_type: magnitude_pruning
target_sparsity: 0.95
sparsity_scheduler: linear
enable_mixed_precision: True
device: cuda
save_path: /dbfs/research/resnet50/cifar10/resnet50_cifar10_magnitude_pruning_0.95_bacp_TS_finetune.pt
finetuned_weights: /dbfs/research/resnet50/cifar10/resnet50_cifar10_magnitude_pruning_0.95_bacp_TS_0.01.pt

Epoch [1/5]: Avg Loss: 2.1819 | Avg Accuracy: 31.61 | Model Sparsity: 0.95
Epoch [2/5]: Avg Loss: 1.8417 | Avg Accuracy: 42.38 | Model Sparsity: 0.95
Epoch [3/5]: Avg Loss: 1.4380 | Avg Accuracy: 52.34 | Model Sparsity: 0.95
Epoch [4/5]: Avg Loss: 1.2285 | Avg Accuracy: 58.72 | Model Sparsity: 0.95
Epoch [5/5]: Avg Loss: 1.1022 | Avg Accuracy: 62.61 | Model Sparsity: 0.95
