Model : vgg11 - Learning Type: emnist/bacp_finetune/magnitude_pruning/0.97
Configuration:
model_type: cv
model_name: vgg11
model_task: emnist
num_classes: 47
criterion: CrossEntropyLoss()
embedding_dim: 4096
epochs: 50
pruning_epochs: 50
recovery_epochs: 10
batch_size: 512
learning_rate: 0.0001
learning_type: bacp_finetune
optimizer_type: adamw
prune: False
pruning_type: magnitude_pruning
target_sparsity: 0.97
sparsity_scheduler: linear
enable_mixed_precision: True
device: cuda
save_path: /dbfs/research/vgg11/emnist/vgg11_emnist_magnitude_pruning_0.97_bacp_finetune.pt
finetuned_weights: /dbfs/research/vgg11/emnist/vgg11_emnist_magnitude_pruning_0.97_bacp_pruning.pt

Epoch [1/50]: Avg Loss: 0.4761 | Avg Accuracy: 91.57 | Model Sparsity: 0.97
Epoch [2/50]: Avg Loss: 0.2388 | Avg Accuracy: 91.76 | Model Sparsity: 0.97
Epoch [3/50]: Avg Loss: 0.2221 | Avg Accuracy: 91.63 | Model Sparsity: 0.97
Epoch [4/50]: Avg Loss: 0.2103 | Avg Accuracy: 91.65 | Model Sparsity: 0.97
Epoch [5/50]: Avg Loss: 0.2046 | Avg Accuracy: 91.72 | Model Sparsity: 0.97
Epoch [6/50]: Avg Loss: 0.1975 | Avg Accuracy: 91.65 | Model Sparsity: 0.97
Epoch [7/50]: Avg Loss: 0.1927 | Avg Accuracy: 91.63 | Model Sparsity: 0.97
Epoch [8/50]: Avg Loss: 0.1886 | Avg Accuracy: 91.63 | Model Sparsity: 0.97
Epoch [9/50]: Avg Loss: 0.1834 | Avg Accuracy: 91.45 | Model Sparsity: 0.97
Epoch [10/50]: Avg Loss: 0.1803 | Avg Accuracy: 91.51 | Model Sparsity: 0.97
Epoch [11/50]: Avg Loss: 0.1767 | Avg Accuracy: 91.44 | Model Sparsity: 0.97
Epoch [12/50]: Avg Loss: 0.1739 | Avg Accuracy: 91.44 | Model Sparsity: 0.97
Epoch [13/50]: Avg Loss: 0.1691 | Avg Accuracy: 91.44 | Model Sparsity: 0.97
Epoch [14/50]: Avg Loss: 0.1683 | Avg Accuracy: 91.36 | Model Sparsity: 0.97
Epoch [15/50]: Avg Loss: 0.1649 | Avg Accuracy: 91.38 | Model Sparsity: 0.97
Epoch [16/50]: Avg Loss: 0.1613 | Avg Accuracy: 91.24 | Model Sparsity: 0.97
Epoch [17/50]: Avg Loss: 0.1593 | Avg Accuracy: 91.28 | Model Sparsity: 0.97
Epoch [18/50]: Avg Loss: 0.1570 | Avg Accuracy: 91.53 | Model Sparsity: 0.97
Epoch [19/50]: Avg Loss: 0.1530 | Avg Accuracy: 91.22 | Model Sparsity: 0.97
Epoch [20/50]: Avg Loss: 0.1513 | Avg Accuracy: 91.19 | Model Sparsity: 0.97
Epoch [21/50]: Avg Loss: 0.1484 | Avg Accuracy: 91.21 | Model Sparsity: 0.97
Epoch [22/50]: Avg Loss: 0.1440 | Avg Accuracy: 91.18 | Model Sparsity: 0.97
