Model : resnet50 - Learning Type: cifar10/pruning/movement_pruning/0.95
Configuration:
model_type: cv
model_name: resnet50
model_task: cifar10
num_classes: 10
criterion: CrossEntropyLoss()
embedding_dim: 2048
epochs: 2
pruning_epochs: 2
recovery_epochs: 2
batch_size: 512
learning_rate: 0.01
learning_type: pruning
optimizer_type: sgd
prune: True
pruning_type: movement_pruning
target_sparsity: 0.95
sparsity_scheduler: cubic
enable_mixed_precision: True
device: cuda
save_path: /dbfs/research/resnet50/cifar10/resnet50_cifar10_movement_pruning_0.95_pruning.pt
finetuned_weights: /dbfs/research/resnet50/cifar10/resnet50_cifar10_baseline.pt

Epoch [1/2]: Avg Loss: 0.1098 | Avg Accuracy: 9.82 | Model Sparsity: 0.8313
Recovery epoch [1/2]: Avg Loss: 1.9032 | Avg Accuracy: 44.95 | Model Sparsity: 0.8313
Recovery epoch [2/2]: Avg Loss: 1.2996 | Avg Accuracy: 53.12 | Model Sparsity: 0.8313
Epoch [2/2]: Avg Loss: 1.0620 | Avg Accuracy: 10.52 | Model Sparsity: 0.95
Recovery epoch [1/2]: Avg Loss: 2.2184 | Avg Accuracy: 26.40 | Model Sparsity: 0.95
Recovery epoch [2/2]: Avg Loss: 1.7176 | Avg Accuracy: 40.81 | Model Sparsity: 0.95
