Model : resnet101 - Learning Type: fmnist/bacp_finetune/movement_pruning/0.97
Configuration:
model_type: cv
model_name: resnet101
model_task: fmnist
num_classes: 10
criterion: CrossEntropyLoss()
embedding_dim: 2048
epochs: 50
pruning_epochs: 50
recovery_epochs: 10
batch_size: 512
learning_rate: 0.0001
learning_type: bacp_finetune
optimizer_type: adamw
prune: False
pruning_type: movement_pruning
target_sparsity: 0.97
sparsity_scheduler: linear
enable_mixed_precision: True
device: cuda
save_path: /dbfs/research/resnet101/fmnist/resnet101_fmnist_movement_pruning_0.97_bacp_finetune.pt
finetuned_weights: /dbfs/research/resnet101/fmnist/resnet101_fmnist_movement_pruning_0.97_bacp_pruning.pt

Epoch [1/50]: Avg Loss: 2.3028 | Avg Accuracy: 10.68 | Model Sparsity: 1.0
Epoch [2/50]: Avg Loss: 2.3028 | Avg Accuracy: 10.68 | Model Sparsity: 1.0
Epoch [3/50]: Avg Loss: 2.3028 | Avg Accuracy: 10.68 | Model Sparsity: 1.0
Epoch [4/50]: Avg Loss: 2.3028 | Avg Accuracy: 10.68 | Model Sparsity: 1.0
Epoch [5/50]: Avg Loss: 2.3028 | Avg Accuracy: 10.68 | Model Sparsity: 1.0
Epoch [6/50]: Avg Loss: 2.3027 | Avg Accuracy: 10.68 | Model Sparsity: 1.0
Epoch [7/50]: Avg Loss: 2.3027 | Avg Accuracy: 10.68 | Model Sparsity: 1.0
Epoch [8/50]: Avg Loss: 2.3027 | Avg Accuracy: 10.68 | Model Sparsity: 1.0
Epoch [9/50]: Avg Loss: 2.3027 | Avg Accuracy: 10.68 | Model Sparsity: 1.0
