Model : resnet101 - Learning Type: mnist/bacp_pruning/movement_pruning/0.97
Configuration:
model_name: resnet101
model_task: mnist
model_type: cv
num_classes: 10
batch_size: 512
learning_rate: 0.001
optimizer_type: sgd
epochs: 5
recovery_epochs: 10
patience: 20
pruning_type: movement_pruning
target_sparsity: 0.97
sparsity_scheduler: cubic
pruning_epochs: 5
n_views: 2
temperature: 0.07
base_temperature: 0.07
device: cuda
enable_mixed_precision: True
num_workers: 24
train_batches: 99
val_batches: 17
current_model_path: /dbfs/research/resnet101/mnist/resnet101_mnist_movement_pruning_0.97_bacp_pruning.pt

Epoch [1/5]: Avg Total Loss: 8.8108 | Avg PrC Loss: 3.9747 | Avg SnC Loss: 0.0000 | Avg FiC Loss: 4.2568 | Avg CE Loss: 0.5793 | Model Sparsity: 0.5533
Retraining Epoch [1/10]: Avg Total Loss: 12.0244 | Avg PrC Loss: 3.6975 | Avg SnC Loss: 3.4840 | Avg FiC Loss: 4.2642 | Avg CE Loss: 0.5788 | Model Sparsity: 0.5533
Retraining Epoch [2/10]: Avg Total Loss: 12.0249 | Avg PrC Loss: 3.6975 | Avg SnC Loss: 3.4830 | Avg FiC Loss: 4.2653 | Avg CE Loss: 0.5790 | Model Sparsity: 0.5533
