Model : vit_tiny - Learning Type: cifar100/bacp_finetune/movement_pruning/0.95
Configuration:
model_type: cv
model_name: vit_tiny
model_task: cifar100
num_classes: 100
criterion: CrossEntropyLoss()
embedding_dim: 192
epochs: 50
pruning_epochs: 50
recovery_epochs: 10
batch_size: 256
learning_rate: 0.0001
learning_type: bacp_finetune
optimizer_type: adamw
prune: False
pruning_type: movement_pruning
target_sparsity: 0.95
sparsity_scheduler: linear
enable_mixed_precision: True
device: cuda
save_path: /dbfs/research/vit_tiny/cifar100/vit_tiny_cifar100_movement_pruning_0.95_bacp_finetune.pt
finetuned_weights: /dbfs/research/vit_tiny/cifar100/vit_tiny_cifar100_movement_pruning_0.95_bacp_pruning.pt

Epoch [1/50]: Avg Loss: 3.7539 | Avg Accuracy: 29.36 | Avg Perplexity: 0.000 |Model Sparsity: 0.95
Epoch [2/50]: Avg Loss: 2.4117 | Avg Accuracy: 41.41 | Avg Perplexity: 0.000 |Model Sparsity: 0.95
Epoch [3/50]: Avg Loss: 2.0165 | Avg Accuracy: 46.54 | Avg Perplexity: 0.000 |Model Sparsity: 0.95
Epoch [4/50]: Avg Loss: 1.8259 | Avg Accuracy: 49.53 | Avg Perplexity: 0.000 |Model Sparsity: 0.95
Epoch [5/50]: Avg Loss: 1.7076 | Avg Accuracy: 51.13 | Avg Perplexity: 0.000 |Model Sparsity: 0.95
Epoch [6/50]: Avg Loss: 1.6200 | Avg Accuracy: 52.64 | Avg Perplexity: 0.000 |Model Sparsity: 0.95
Epoch [7/50]: Avg Loss: 1.5573 | Avg Accuracy: 54.65 | Avg Perplexity: 0.000 |Model Sparsity: 0.95
Epoch [8/50]: Avg Loss: 1.5016 | Avg Accuracy: 55.08 | Avg Perplexity: 0.000 |Model Sparsity: 0.95
Epoch [9/50]: Avg Loss: 1.4544 | Avg Accuracy: 56.53 | Avg Perplexity: 0.000 |Model Sparsity: 0.95
Epoch [10/50]: Avg Loss: 1.4151 | Avg Accuracy: 56.17 | Avg Perplexity: 0.000 |Model Sparsity: 0.95
Epoch [11/50]: Avg Loss: 1.3825 | Avg Accuracy: 57.17 | Avg Perplexity: 0.000 |Model Sparsity: 0.95
Epoch [12/50]: Avg Loss: 1.3483 | Avg Accuracy: 57.68 | Avg Perplexity: 0.000 |Model Sparsity: 0.95
Epoch [13/50]: Avg Loss: 1.3195 | Avg Accuracy: 57.62 | Avg Perplexity: 0.000 |Model Sparsity: 0.95
Epoch [14/50]: Avg Loss: 1.2927 | Avg Accuracy: 58.43 | Avg Perplexity: 0.000 |Model Sparsity: 0.95
Epoch [15/50]: Avg Loss: 1.2671 | Avg Accuracy: 59.21 | Avg Perplexity: 0.000 |Model Sparsity: 0.95
Epoch [16/50]: Avg Loss: 1.2456 | Avg Accuracy: 59.70 | Avg Perplexity: 0.000 |Model Sparsity: 0.95
Epoch [17/50]: Avg Loss: 1.2271 | Avg Accuracy: 60.12 | Avg Perplexity: 0.000 |Model Sparsity: 0.95
Epoch [18/50]: Avg Loss: 1.2020 | Avg Accuracy: 59.89 | Avg Perplexity: 0.000 |Model Sparsity: 0.95
Epoch [19/50]: Avg Loss: 1.1862 | Avg Accuracy: 60.98 | Avg Perplexity: 0.000 |Model Sparsity: 0.95
Epoch [20/50]: Avg Loss: 1.1670 | Avg Accuracy: 60.67 | Avg Perplexity: 0.000 |Model Sparsity: 0.95
Epoch [21/50]: Avg Loss: 1.1484 | Avg Accuracy: 60.94 | Avg Perplexity: 0.000 |Model Sparsity: 0.95
Epoch [22/50]: Avg Loss: 1.1280 | Avg Accuracy: 61.38 | Avg Perplexity: 0.000 |Model Sparsity: 0.95
Epoch [23/50]: Avg Loss: 1.1150 | Avg Accuracy: 61.05 | Avg Perplexity: 0.000 |Model Sparsity: 0.95
Epoch [24/50]: Avg Loss: 1.0973 | Avg Accuracy: 61.29 | Avg Perplexity: 0.000 |Model Sparsity: 0.95
Epoch [25/50]: Avg Loss: 1.0856 | Avg Accuracy: 61.45 | Avg Perplexity: 0.000 |Model Sparsity: 0.95
Epoch [26/50]: Avg Loss: 1.0717 | Avg Accuracy: 60.99 | Avg Perplexity: 0.000 |Model Sparsity: 0.95
Epoch [27/50]: Avg Loss: 1.0574 | Avg Accuracy: 62.00 | Avg Perplexity: 0.000 |Model Sparsity: 0.95
Epoch [28/50]: Avg Loss: 1.0455 | Avg Accuracy: 62.14 | Avg Perplexity: 0.000 |Model Sparsity: 0.95
Epoch [29/50]: Avg Loss: 1.0298 | Avg Accuracy: 61.69 | Avg Perplexity: 0.000 |Model Sparsity: 0.95
Epoch [30/50]: Avg Loss: 1.0154 | Avg Accuracy: 62.53 | Avg Perplexity: 0.000 |Model Sparsity: 0.95
Epoch [31/50]: Avg Loss: 1.0020 | Avg Accuracy: 61.91 | Avg Perplexity: 0.000 |Model Sparsity: 0.95
Epoch [32/50]: Avg Loss: 0.9898 | Avg Accuracy: 62.39 | Avg Perplexity: 0.000 |Model Sparsity: 0.95
Epoch [33/50]: Avg Loss: 0.9814 | Avg Accuracy: 62.04 | Avg Perplexity: 0.000 |Model Sparsity: 0.95
Epoch [34/50]: Avg Loss: 0.9730 | Avg Accuracy: 62.81 | Avg Perplexity: 0.000 |Model Sparsity: 0.95
Epoch [35/50]: Avg Loss: 0.9591 | Avg Accuracy: 63.31 | Avg Perplexity: 0.000 |Model Sparsity: 0.95
Epoch [36/50]: Avg Loss: 0.9427 | Avg Accuracy: 63.03 | Avg Perplexity: 0.000 |Model Sparsity: 0.95
Epoch [37/50]: Avg Loss: 0.9396 | Avg Accuracy: 63.50 | Avg Perplexity: 0.000 |Model Sparsity: 0.95
Epoch [38/50]: Avg Loss: 0.9229 | Avg Accuracy: 63.01 | Avg Perplexity: 0.000 |Model Sparsity: 0.95
Epoch [39/50]: Avg Loss: 0.9165 | Avg Accuracy: 62.69 | Avg Perplexity: 0.000 |Model Sparsity: 0.95
Epoch [40/50]: Avg Loss: 0.9065 | Avg Accuracy: 63.93 | Avg Perplexity: 0.000 |Model Sparsity: 0.95
Epoch [41/50]: Avg Loss: 0.8997 | Avg Accuracy: 62.50 | Avg Perplexity: 0.000 |Model Sparsity: 0.95
Epoch [42/50]: Avg Loss: 0.8872 | Avg Accuracy: 63.05 | Avg Perplexity: 0.000 |Model Sparsity: 0.95
Epoch [43/50]: Avg Loss: 0.8754 | Avg Accuracy: 63.90 | Avg Perplexity: 0.000 |Model Sparsity: 0.95
Epoch [44/50]: Avg Loss: 0.8680 | Avg Accuracy: 63.32 | Avg Perplexity: 0.000 |Model Sparsity: 0.95
Epoch [45/50]: Avg Loss: 0.8585 | Avg Accuracy: 63.29 | Avg Perplexity: 0.000 |Model Sparsity: 0.95
Epoch [46/50]: Avg Loss: 0.8471 | Avg Accuracy: 63.58 | Avg Perplexity: 0.000 |Model Sparsity: 0.95
Epoch [47/50]: Avg Loss: 0.8438 | Avg Accuracy: 63.51 | Avg Perplexity: 0.000 |Model Sparsity: 0.95
Epoch [48/50]: Avg Loss: 0.8269 | Avg Accuracy: 64.17 | Avg Perplexity: 0.000 |Model Sparsity: 0.95
Epoch [49/50]: Avg Loss: 0.8212 | Avg Accuracy: 64.02 | Avg Perplexity: 0.000 |Model Sparsity: 0.95
Epoch [50/50]: Avg Loss: 0.8149 | Avg Accuracy: 64.25 | Avg Perplexity: 0.000 |Model Sparsity: 0.95
