Model : vgg19 - Learning Type: cifar10/bacp_finetune/magnitude_pruning/0.97
Configuration:
model_type: cv
model_name: vgg19
model_task: cifar10
num_classes: 10
criterion: CrossEntropyLoss()
embedding_dim: 4096
epochs: 50
pruning_epochs: 50
recovery_epochs: 10
batch_size: 512
learning_rate: 0.0001
learning_type: bacp_finetune
optimizer_type: adamw
prune: False
pruning_type: magnitude_pruning
target_sparsity: 0.97
sparsity_scheduler: linear
enable_mixed_precision: True
device: cuda
save_path: /dbfs/research/vgg19/cifar10/vgg19_cifar10_magnitude_pruning_0.97_bacp_finetune.pt
finetuned_weights: /dbfs/research/vgg19/cifar10/vgg19_cifar10_magnitude_pruning_0.97_bacp_pruning.pt

Epoch [1/50]: Avg Loss: 0.5651 | Avg Accuracy: 90.89 | Avg Perplexity: 0.000 |Model Sparsity: 0.97
Epoch [2/50]: Avg Loss: 0.2877 | Avg Accuracy: 91.77 | Avg Perplexity: 0.000 |Model Sparsity: 0.97
Epoch [3/50]: Avg Loss: 0.2592 | Avg Accuracy: 92.20 | Avg Perplexity: 0.000 |Model Sparsity: 0.97
Epoch [4/50]: Avg Loss: 0.2344 | Avg Accuracy: 92.40 | Avg Perplexity: 0.000 |Model Sparsity: 0.97
Epoch [5/50]: Avg Loss: 0.2190 | Avg Accuracy: 92.45 | Avg Perplexity: 0.000 |Model Sparsity: 0.97
Epoch [6/50]: Avg Loss: 0.2074 | Avg Accuracy: 92.77 | Avg Perplexity: 0.000 |Model Sparsity: 0.97
Epoch [7/50]: Avg Loss: 0.1910 | Avg Accuracy: 92.97 | Avg Perplexity: 0.000 |Model Sparsity: 0.97
Epoch [8/50]: Avg Loss: 0.1822 | Avg Accuracy: 93.05 | Avg Perplexity: 0.000 |Model Sparsity: 0.97
Epoch [9/50]: Avg Loss: 0.1791 | Avg Accuracy: 93.05 | Avg Perplexity: 0.000 |Model Sparsity: 0.97
Epoch [10/50]: Avg Loss: 0.1687 | Avg Accuracy: 93.43 | Avg Perplexity: 0.000 |Model Sparsity: 0.97
Epoch [11/50]: Avg Loss: 0.1581 | Avg Accuracy: 92.97 | Avg Perplexity: 0.000 |Model Sparsity: 0.97
Epoch [12/50]: Avg Loss: 0.1528 | Avg Accuracy: 93.19 | Avg Perplexity: 0.000 |Model Sparsity: 0.97
Epoch [13/50]: Avg Loss: 0.1440 | Avg Accuracy: 93.46 | Avg Perplexity: 0.000 |Model Sparsity: 0.97
Epoch [14/50]: Avg Loss: 0.1353 | Avg Accuracy: 93.54 | Avg Perplexity: 0.000 |Model Sparsity: 0.97
Epoch [15/50]: Avg Loss: 0.1317 | Avg Accuracy: 93.79 | Avg Perplexity: 0.000 |Model Sparsity: 0.97
Epoch [16/50]: Avg Loss: 0.1222 | Avg Accuracy: 93.88 | Avg Perplexity: 0.000 |Model Sparsity: 0.97
Epoch [17/50]: Avg Loss: 0.1189 | Avg Accuracy: 93.21 | Avg Perplexity: 0.000 |Model Sparsity: 0.97
Epoch [18/50]: Avg Loss: 0.1135 | Avg Accuracy: 93.37 | Avg Perplexity: 0.000 |Model Sparsity: 0.97
Epoch [19/50]: Avg Loss: 0.1118 | Avg Accuracy: 93.88 | Avg Perplexity: 0.000 |Model Sparsity: 0.97
Epoch [20/50]: Avg Loss: 0.1009 | Avg Accuracy: 94.03 | Avg Perplexity: 0.000 |Model Sparsity: 0.97
Epoch [21/50]: Avg Loss: 0.0993 | Avg Accuracy: 93.82 | Avg Perplexity: 0.000 |Model Sparsity: 0.97
Epoch [22/50]: Avg Loss: 0.0988 | Avg Accuracy: 94.13 | Avg Perplexity: 0.000 |Model Sparsity: 0.97
Epoch [23/50]: Avg Loss: 0.0909 | Avg Accuracy: 94.14 | Avg Perplexity: 0.000 |Model Sparsity: 0.97
Epoch [24/50]: Avg Loss: 0.0851 | Avg Accuracy: 93.46 | Avg Perplexity: 0.000 |Model Sparsity: 0.97
Epoch [25/50]: Avg Loss: 0.0835 | Avg Accuracy: 94.10 | Avg Perplexity: 0.000 |Model Sparsity: 0.97
Epoch [26/50]: Avg Loss: 0.0841 | Avg Accuracy: 93.79 | Avg Perplexity: 0.000 |Model Sparsity: 0.97
Epoch [27/50]: Avg Loss: 0.0744 | Avg Accuracy: 93.72 | Avg Perplexity: 0.000 |Model Sparsity: 0.97
Epoch [28/50]: Avg Loss: 0.0694 | Avg Accuracy: 93.54 | Avg Perplexity: 0.000 |Model Sparsity: 0.97
Epoch [29/50]: Avg Loss: 0.0702 | Avg Accuracy: 93.65 | Avg Perplexity: 0.000 |Model Sparsity: 0.97
Epoch [30/50]: Avg Loss: 0.0635 | Avg Accuracy: 93.60 | Avg Perplexity: 0.000 |Model Sparsity: 0.97
Epoch [31/50]: Avg Loss: 0.0625 | Avg Accuracy: 93.82 | Avg Perplexity: 0.000 |Model Sparsity: 0.97
Epoch [32/50]: Avg Loss: 0.0598 | Avg Accuracy: 93.76 | Avg Perplexity: 0.000 |Model Sparsity: 0.97
Epoch [33/50]: Avg Loss: 0.0564 | Avg Accuracy: 94.04 | Avg Perplexity: 0.000 |Model Sparsity: 0.97
Epoch [34/50]: Avg Loss: 0.0565 | Avg Accuracy: 93.65 | Avg Perplexity: 0.000 |Model Sparsity: 0.97
Epoch [35/50]: Avg Loss: 0.0521 | Avg Accuracy: 94.20 | Avg Perplexity: 0.000 |Model Sparsity: 0.97
Epoch [36/50]: Avg Loss: 0.0511 | Avg Accuracy: 93.68 | Avg Perplexity: 0.000 |Model Sparsity: 0.97
Epoch [37/50]: Avg Loss: 0.0483 | Avg Accuracy: 93.54 | Avg Perplexity: 0.000 |Model Sparsity: 0.97
Epoch [38/50]: Avg Loss: 0.0479 | Avg Accuracy: 93.62 | Avg Perplexity: 0.000 |Model Sparsity: 0.97
Epoch [39/50]: Avg Loss: 0.0470 | Avg Accuracy: 93.97 | Avg Perplexity: 0.000 |Model Sparsity: 0.97
Epoch [40/50]: Avg Loss: 0.0436 | Avg Accuracy: 93.75 | Avg Perplexity: 0.000 |Model Sparsity: 0.97
Epoch [41/50]: Avg Loss: 0.0427 | Avg Accuracy: 93.78 | Avg Perplexity: 0.000 |Model Sparsity: 0.97
Epoch [42/50]: Avg Loss: 0.0386 | Avg Accuracy: 93.67 | Avg Perplexity: 0.000 |Model Sparsity: 0.97
Epoch [43/50]: Avg Loss: 0.0386 | Avg Accuracy: 93.99 | Avg Perplexity: 0.000 |Model Sparsity: 0.97
Epoch [44/50]: Avg Loss: 0.0365 | Avg Accuracy: 93.83 | Avg Perplexity: 0.000 |Model Sparsity: 0.97
Epoch [45/50]: Avg Loss: 0.0372 | Avg Accuracy: 93.83 | Avg Perplexity: 0.000 |Model Sparsity: 0.97
Epoch [46/50]: Avg Loss: 0.0323 | Avg Accuracy: 93.75 | Avg Perplexity: 0.000 |Model Sparsity: 0.97
Epoch [47/50]: Avg Loss: 0.0342 | Avg Accuracy: 94.11 | Avg Perplexity: 0.000 |Model Sparsity: 0.97
Epoch [48/50]: Avg Loss: 0.0335 | Avg Accuracy: 93.82 | Avg Perplexity: 0.000 |Model Sparsity: 0.97
Epoch [49/50]: Avg Loss: 0.0318 | Avg Accuracy: 94.08 | Avg Perplexity: 0.000 |Model Sparsity: 0.97
Epoch [50/50]: Avg Loss: 0.0269 | Avg Accuracy: 94.18 | Avg Perplexity: 0.000 |Model Sparsity: 0.97
