Model : vitb16 - Learning Type: cifar10/baseline
Configuration:
model_type: cv
model_name: vitb16
model_task: cifar10
num_classes: 10
criterion: CrossEntropyLoss()
embedding_dim: 768
epochs: 3
pruning_epochs: 3
recovery_epochs: 10
batch_size: 128
learning_rate: 0.0001
learning_type: baseline
scheduler_type: linear_with_warmup
optimizer_type: adamw
total_steps: 996
warmup_steps: 99
prune: False
target_sparsity: 0.0
sparsity_scheduler: linear
enable_mixed_precision: True
device: cuda
save_path: /dbfs/research/vitb16/cifar10/vitb16_cifar10_baseline.pt

Epoch [1/3]: Avg Loss: 0.3409 | Avg Accuracy: 96.24 | Model Sparsity: 0.0
Epoch [2/3]: Avg Loss: 0.0608 | Avg Accuracy: 97.55 | Model Sparsity: 0.0
Epoch [3/3]: Avg Loss: 0.0151 | Avg Accuracy: 97.98 | Model Sparsity: 0.0
