Model : resnet50 - Learning Type: flowers102/baseline
Configuration:
model_type: cv
model_name: resnet50
model_task: flowers102
num_classes: 102
criterion: CrossEntropyLoss()
embedding_dim: 2048
epochs: 50
pruning_epochs: 50
recovery_epochs: 10
batch_size: 16
learning_rate: 0.1
learning_type: baseline
scheduler_type: linear_with_warmup
optimizer_type: sgd
total_steps: 2700
warmup_steps: 270
prune: False
target_sparsity: 0.0
sparsity_scheduler: linear
enable_mixed_precision: True
device: cuda
save_path: /dbfs/research/resnet50/flowers102/resnet50_flowers102_baseline.pt

Epoch [1/50]: Avg Loss: 3.9954 | Avg Accuracy: 21.53 | Model Sparsity: 0.0
Epoch [2/50]: Avg Loss: 4.1714 | Avg Accuracy: 1.39 | Model Sparsity: 0.0
Epoch [3/50]: Avg Loss: 4.7155 | Avg Accuracy: 0.69 | Model Sparsity: 0.0
Epoch [4/50]: Avg Loss: 4.3726 | Avg Accuracy: 3.47 | Model Sparsity: 0.0
Epoch [5/50]: Avg Loss: 4.0651 | Avg Accuracy: 6.94 | Model Sparsity: 0.0
Epoch [6/50]: Avg Loss: 3.8939 | Avg Accuracy: 3.47 | Model Sparsity: 0.0
Epoch [7/50]: Avg Loss: 3.6891 | Avg Accuracy: 7.64 | Model Sparsity: 0.0
Epoch [8/50]: Avg Loss: 3.5010 | Avg Accuracy: 13.89 | Model Sparsity: 0.0
Epoch [9/50]: Avg Loss: 3.4235 | Avg Accuracy: 4.17 | Model Sparsity: 0.0
Epoch [10/50]: Avg Loss: 3.2488 | Avg Accuracy: 15.28 | Model Sparsity: 0.0
