Model : resnet50 - Learning Type: flowers102/baseline
Configuration:
model_type: cv
model_name: resnet50
model_task: flowers102
num_classes: 102
criterion: CrossEntropyLoss()
embedding_dim: 2048
epochs: 50
pruning_epochs: 50
recovery_epochs: 10
batch_size: 16
learning_rate: 0.0001
learning_type: baseline
scheduler_type: linear_with_warmup
optimizer_type: adamw
total_steps: 2700
warmup_steps: 270
prune: False
target_sparsity: 0.0
sparsity_scheduler: linear
enable_mixed_precision: True
device: cuda
save_path: /dbfs/research/resnet50/flowers102/resnet50_flowers102_baseline.pt

Epoch [1/50]: Avg Loss: 4.6379 | Avg Accuracy: 1.39 | Model Sparsity: 0.0
Epoch [2/50]: Avg Loss: 4.4157 | Avg Accuracy: 9.72 | Model Sparsity: 0.0
Epoch [3/50]: Avg Loss: 3.9279 | Avg Accuracy: 13.89 | Model Sparsity: 0.0
Epoch [4/50]: Avg Loss: 3.3221 | Avg Accuracy: 27.08 | Model Sparsity: 0.0
Epoch [5/50]: Avg Loss: 2.7276 | Avg Accuracy: 36.81 | Model Sparsity: 0.0
Epoch [6/50]: Avg Loss: 2.1801 | Avg Accuracy: 47.22 | Model Sparsity: 0.0
Epoch [7/50]: Avg Loss: 1.5889 | Avg Accuracy: 52.08 | Model Sparsity: 0.0
Epoch [8/50]: Avg Loss: 1.2042 | Avg Accuracy: 50.00 | Model Sparsity: 0.0
Epoch [9/50]: Avg Loss: 0.9539 | Avg Accuracy: 59.03 | Model Sparsity: 0.0
Epoch [10/50]: Avg Loss: 0.6363 | Avg Accuracy: 59.72 | Model Sparsity: 0.0
Epoch [11/50]: Avg Loss: 0.4467 | Avg Accuracy: 59.72 | Model Sparsity: 0.0
Epoch [12/50]: Avg Loss: 0.3316 | Avg Accuracy: 61.11 | Model Sparsity: 0.0
Epoch [13/50]: Avg Loss: 0.2010 | Avg Accuracy: 62.50 | Model Sparsity: 0.0
