Model : resnet50 - Learning Type: flowers102/baseline
Configuration:
model_type: cv
model_name: resnet50
model_task: flowers102
num_classes: 102
criterion: CrossEntropyLoss()
embedding_dim: 2048
epochs: 50
pruning_epochs: 50
recovery_epochs: 10
batch_size: 16
learning_rate: 0.0001
learning_type: baseline
scheduler_type: linear_with_warmup
optimizer_type: adamw
total_steps: 2700
warmup_steps: 270
prune: False
target_sparsity: 0.0
sparsity_scheduler: linear
enable_mixed_precision: True
device: cuda
save_path: /dbfs/research/resnet50/flowers102/resnet50_flowers102_baseline.pt

Epoch [1/50]: Avg Loss: 4.6045 | Avg Accuracy: 3.47 | Model Sparsity: 0.0
Epoch [2/50]: Avg Loss: 4.0513 | Avg Accuracy: 29.86 | Model Sparsity: 0.0
Epoch [3/50]: Avg Loss: 2.9832 | Avg Accuracy: 51.39 | Model Sparsity: 0.0
Epoch [4/50]: Avg Loss: 1.8049 | Avg Accuracy: 61.81 | Model Sparsity: 0.0
Epoch [5/50]: Avg Loss: 0.9082 | Avg Accuracy: 70.14 | Model Sparsity: 0.0
Epoch [6/50]: Avg Loss: 0.4649 | Avg Accuracy: 77.08 | Model Sparsity: 0.0
Epoch [7/50]: Avg Loss: 0.2632 | Avg Accuracy: 79.86 | Model Sparsity: 0.0
Epoch [8/50]: Avg Loss: 0.1667 | Avg Accuracy: 83.33 | Model Sparsity: 0.0
Epoch [9/50]: Avg Loss: 0.1140 | Avg Accuracy: 84.72 | Model Sparsity: 0.0
Epoch [10/50]: Avg Loss: 0.0816 | Avg Accuracy: 81.94 | Model Sparsity: 0.0
Epoch [11/50]: Avg Loss: 0.0767 | Avg Accuracy: 83.33 | Model Sparsity: 0.0
Epoch [12/50]: Avg Loss: 0.0743 | Avg Accuracy: 77.08 | Model Sparsity: 0.0
Epoch [13/50]: Avg Loss: 0.0552 | Avg Accuracy: 81.94 | Model Sparsity: 0.0
Epoch [14/50]: Avg Loss: 0.0399 | Avg Accuracy: 83.33 | Model Sparsity: 0.0
Epoch [15/50]: Avg Loss: 0.0409 | Avg Accuracy: 84.03 | Model Sparsity: 0.0
Epoch [16/50]: Avg Loss: 0.0270 | Avg Accuracy: 84.72 | Model Sparsity: 0.0
Epoch [17/50]: Avg Loss: 0.0235 | Avg Accuracy: 81.94 | Model Sparsity: 0.0
Epoch [18/50]: Avg Loss: 0.0339 | Avg Accuracy: 82.64 | Model Sparsity: 0.0
Epoch [19/50]: Avg Loss: 0.0349 | Avg Accuracy: 82.64 | Model Sparsity: 0.0
