Model : vit_tiny - Learning Type: svhn/bacp_finetune/movement_pruning/0.95
Configuration:
model_type: cv
model_name: vit_tiny
model_task: svhn
num_classes: 10
criterion: CrossEntropyLoss()
embedding_dim: 192
epochs: 50
pruning_epochs: 50
recovery_epochs: 10
batch_size: 256
learning_rate: 0.0001
learning_type: bacp_finetune
optimizer_type: adamw
prune: False
pruning_type: movement_pruning
target_sparsity: 0.95
sparsity_scheduler: linear
enable_mixed_precision: True
device: cuda
save_path: /dbfs/research/vit_tiny/svhn/vit_tiny_svhn_movement_pruning_0.95_bacp_finetune.pt
finetuned_weights: /dbfs/research/vit_tiny/svhn/vit_tiny_svhn_movement_pruning_0.95_bacp_pruning.pt

Epoch [1/50]: Avg Loss: 0.4859 | Avg Accuracy: 94.45 | Avg Perplexity: 0.000 |Model Sparsity: 0.95
Epoch [2/50]: Avg Loss: 0.1745 | Avg Accuracy: 94.71 | Avg Perplexity: 0.000 |Model Sparsity: 0.95
Epoch [3/50]: Avg Loss: 0.1606 | Avg Accuracy: 95.07 | Avg Perplexity: 0.000 |Model Sparsity: 0.95
Epoch [4/50]: Avg Loss: 0.1517 | Avg Accuracy: 95.29 | Avg Perplexity: 0.000 |Model Sparsity: 0.95
Epoch [5/50]: Avg Loss: 0.1454 | Avg Accuracy: 95.27 | Avg Perplexity: 0.000 |Model Sparsity: 0.95
Epoch [6/50]: Avg Loss: 0.1411 | Avg Accuracy: 95.28 | Avg Perplexity: 0.000 |Model Sparsity: 0.95
Epoch [7/50]: Avg Loss: 0.1375 | Avg Accuracy: 95.28 | Avg Perplexity: 0.000 |Model Sparsity: 0.95
Epoch [8/50]: Avg Loss: 0.1355 | Avg Accuracy: 95.36 | Avg Perplexity: 0.000 |Model Sparsity: 0.95
Epoch [9/50]: Avg Loss: 0.1314 | Avg Accuracy: 95.23 | Avg Perplexity: 0.000 |Model Sparsity: 0.95
Epoch [10/50]: Avg Loss: 0.1290 | Avg Accuracy: 95.57 | Avg Perplexity: 0.000 |Model Sparsity: 0.95
Epoch [11/50]: Avg Loss: 0.1260 | Avg Accuracy: 95.45 | Avg Perplexity: 0.000 |Model Sparsity: 0.95
Epoch [12/50]: Avg Loss: 0.1241 | Avg Accuracy: 95.28 | Avg Perplexity: 0.000 |Model Sparsity: 0.95
Epoch [13/50]: Avg Loss: 0.1230 | Avg Accuracy: 95.16 | Avg Perplexity: 0.000 |Model Sparsity: 0.95
Epoch [14/50]: Avg Loss: 0.1207 | Avg Accuracy: 95.11 | Avg Perplexity: 0.000 |Model Sparsity: 0.95
Epoch [15/50]: Avg Loss: 0.1189 | Avg Accuracy: 95.65 | Avg Perplexity: 0.000 |Model Sparsity: 0.95
Epoch [16/50]: Avg Loss: 0.1159 | Avg Accuracy: 95.29 | Avg Perplexity: 0.000 |Model Sparsity: 0.95
Epoch [17/50]: Avg Loss: 0.1162 | Avg Accuracy: 95.38 | Avg Perplexity: 0.000 |Model Sparsity: 0.95
Epoch [18/50]: Avg Loss: 0.1114 | Avg Accuracy: 95.43 | Avg Perplexity: 0.000 |Model Sparsity: 0.95
Epoch [19/50]: Avg Loss: 0.1097 | Avg Accuracy: 95.37 | Avg Perplexity: 0.000 |Model Sparsity: 0.95
Epoch [20/50]: Avg Loss: 0.1095 | Avg Accuracy: 95.25 | Avg Perplexity: 0.000 |Model Sparsity: 0.95
Epoch [21/50]: Avg Loss: 0.1078 | Avg Accuracy: 95.44 | Avg Perplexity: 0.000 |Model Sparsity: 0.95
Epoch [22/50]: Avg Loss: 0.1068 | Avg Accuracy: 95.41 | Avg Perplexity: 0.000 |Model Sparsity: 0.95
Epoch [23/50]: Avg Loss: 0.1040 | Avg Accuracy: 95.53 | Avg Perplexity: 0.000 |Model Sparsity: 0.95
Epoch [24/50]: Avg Loss: 0.1028 | Avg Accuracy: 95.28 | Avg Perplexity: 0.000 |Model Sparsity: 0.95
Epoch [25/50]: Avg Loss: 0.1021 | Avg Accuracy: 95.47 | Avg Perplexity: 0.000 |Model Sparsity: 0.95
Epoch [26/50]: Avg Loss: 0.1011 | Avg Accuracy: 95.60 | Avg Perplexity: 0.000 |Model Sparsity: 0.95
Epoch [27/50]: Avg Loss: 0.0981 | Avg Accuracy: 95.15 | Avg Perplexity: 0.000 |Model Sparsity: 0.95
Epoch [28/50]: Avg Loss: 0.0979 | Avg Accuracy: 95.29 | Avg Perplexity: 0.000 |Model Sparsity: 0.95
Epoch [29/50]: Avg Loss: 0.0961 | Avg Accuracy: 95.43 | Avg Perplexity: 0.000 |Model Sparsity: 0.95
Epoch [30/50]: Avg Loss: 0.0944 | Avg Accuracy: 95.17 | Avg Perplexity: 0.000 |Model Sparsity: 0.95
Epoch [31/50]: Avg Loss: 0.0939 | Avg Accuracy: 95.24 | Avg Perplexity: 0.000 |Model Sparsity: 0.95
Epoch [32/50]: Avg Loss: 0.0941 | Avg Accuracy: 95.14 | Avg Perplexity: 0.000 |Model Sparsity: 0.95
Epoch [33/50]: Avg Loss: 0.0918 | Avg Accuracy: 95.27 | Avg Perplexity: 0.000 |Model Sparsity: 0.95
Epoch [34/50]: Avg Loss: 0.0905 | Avg Accuracy: 95.34 | Avg Perplexity: 0.000 |Model Sparsity: 0.95
Epoch [35/50]: Avg Loss: 0.0887 | Avg Accuracy: 95.18 | Avg Perplexity: 0.000 |Model Sparsity: 0.95
