Model : vit_small - Learning Type: cifar10/pruning/magnitude_pruning/0.95
Configuration:
model_type: cv
model_name: vit_small
model_task: cifar10
num_classes: 10
criterion: CrossEntropyLoss()
embedding_dim: 384
epochs: 5
pruning_epochs: 5
recovery_epochs: 10
batch_size: 256
learning_rate: 0.001
learning_type: pruning
optimizer_type: adamw
prune: True
pruning_type: magnitude_pruning
target_sparsity: 0.95
sparsity_scheduler: cubic
enable_mixed_precision: True
device: cuda
save_path: /dbfs/research/vit_small/cifar10/vit_small_cifar10_magnitude_pruning_0.95_pruning.pt
finetuned_weights: /dbfs/research/vit_small/cifar10/vit_small_cifar10_baseline.pt

Epoch [1/5]: Avg Loss: 0.2087 | Avg Accuracy: 92.16 | Model Sparsity: 0.4636
Recovery epoch [1/10]: Avg Loss: 0.1439 | Avg Accuracy: 92.05 | Model Sparsity: 0.4636
Recovery epoch [2/10]: Avg Loss: 0.1285 | Avg Accuracy: 91.42 | Model Sparsity: 0.4636
Recovery epoch [3/10]: Avg Loss: 0.1074 | Avg Accuracy: 92.91 | Model Sparsity: 0.4636
Recovery epoch [4/10]: Avg Loss: 0.0977 | Avg Accuracy: 92.42 | Model Sparsity: 0.4636
Recovery epoch [5/10]: Avg Loss: 0.0825 | Avg Accuracy: 92.85 | Model Sparsity: 0.4636
Recovery epoch [6/10]: Avg Loss: 0.0853 | Avg Accuracy: 93.29 | Model Sparsity: 0.4636
Recovery epoch [7/10]: Avg Loss: 0.0718 | Avg Accuracy: 93.32 | Model Sparsity: 0.4636
Recovery epoch [8/10]: Avg Loss: 0.0748 | Avg Accuracy: 93.14 | Model Sparsity: 0.4636
Recovery epoch [9/10]: Avg Loss: 0.0649 | Avg Accuracy: 93.13 | Model Sparsity: 0.4636
Recovery epoch [10/10]: Avg Loss: 0.0665 | Avg Accuracy: 93.63 | Model Sparsity: 0.4636
Epoch [2/5]: Avg Loss: 0.1366 | Avg Accuracy: 92.73 | Model Sparsity: 0.7448
