Model : vitb16 - Learning Type: cifar100/baseline
Configuration:
model_type: cv
model_name: vitb16
model_task: cifar100
num_classes: 100
criterion: CrossEntropyLoss()
embedding_dim: 768
epochs: 3
pruning_epochs: 3
recovery_epochs: 10
batch_size: 128
learning_rate: 5e-05
learning_type: baseline
scheduler_type: linear_with_warmup
optimizer_type: adamw
total_steps: 996
warmup_steps: 99
prune: False
target_sparsity: 0.0
sparsity_scheduler: linear
enable_mixed_precision: True
device: cuda
save_path: /dbfs/research/vitb16/cifar100/vitb16_cifar100_baseline.pt

Epoch [1/3]: Avg Loss: 1.7762 | Avg Accuracy: 83.39 | Model Sparsity: 0.0
Epoch [2/3]: Avg Loss: 0.4216 | Avg Accuracy: 86.37 | Model Sparsity: 0.0
Epoch [3/3]: Avg Loss: 0.2351 | Avg Accuracy: 88.15 | Model Sparsity: 0.0
