Model : vgg11 - Learning Type: cifar10/bacp_LRS_sgd_0.03_finetune/magnitude_pruning/0.95
Configuration:
model_type: cv
model_name: vgg11
model_task: cifar10
num_classes: 10
criterion: CrossEntropyLoss()
embedding_dim: 4096
epochs: 10
pruning_epochs: 10
recovery_epochs: 10
batch_size: 512
learning_rate: 0.0001
learning_type: bacp_LRS_sgd_0.03_finetune
optimizer_type: adamw
prune: False
pruning_type: magnitude_pruning
target_sparsity: 0.95
sparsity_scheduler: linear
enable_mixed_precision: True
device: cuda
save_path: /dbfs/research/vgg11/cifar10/vgg11_cifar10_magnitude_pruning_0.95_bacp_LRS_sgd_0.03_finetune.pt
finetuned_weights: /dbfs/research/vgg11/cifar10/vgg11_cifar10_magnitude_pruning_0.95_bacp_LRS_sgd_0.03.pt

Epoch [1/10]: Avg Loss: 0.8292 | Avg Accuracy: 76.97 | Model Sparsity: 0.95
Epoch [2/10]: Avg Loss: 0.6803 | Avg Accuracy: 77.58 | Model Sparsity: 0.95
Epoch [3/10]: Avg Loss: 0.6455 | Avg Accuracy: 78.46 | Model Sparsity: 0.95
Epoch [4/10]: Avg Loss: 0.6222 | Avg Accuracy: 78.86 | Model Sparsity: 0.95
Epoch [5/10]: Avg Loss: 0.6049 | Avg Accuracy: 79.16 | Model Sparsity: 0.95
Epoch [6/10]: Avg Loss: 0.5843 | Avg Accuracy: 80.29 | Model Sparsity: 0.95
Epoch [7/10]: Avg Loss: 0.5763 | Avg Accuracy: 80.30 | Model Sparsity: 0.95
Epoch [8/10]: Avg Loss: 0.5629 | Avg Accuracy: 80.06 | Model Sparsity: 0.95
Epoch [9/10]: Avg Loss: 0.5479 | Avg Accuracy: 80.33 | Model Sparsity: 0.95
Epoch [10/10]: Avg Loss: 0.5360 | Avg Accuracy: 80.62 | Model Sparsity: 0.95
