Model : vit_tiny - Learning Type: cifar10/pruning/magnitude_pruning/0.95
Configuration:
model_type: cv
model_name: vit_tiny
model_task: cifar10
num_classes: 10
criterion: CrossEntropyLoss()
embedding_dim: 576
epochs: 5
pruning_epochs: 5
recovery_epochs: 3
batch_size: 128
learning_rate: 0.005
learning_type: pruning
optimizer_type: adamw
prune: True
pruning_type: magnitude_pruning
target_sparsity: 0.95
sparsity_scheduler: cubic
enable_mixed_precision: True
device: cuda
save_path: /dbfs/research/vit_tiny/cifar10/vit_tiny_cifar10_magnitude_pruning_0.95_pruning.pt
finetuned_weights: /dbfs/research/vit_tiny/cifar10/vit_tiny_cifar10_baseline.pt

Epoch [1/5]: Avg Loss: 0.5431 | Avg Accuracy: 91.19 | Model Sparsity: 0.4636
Recovery epoch [1/3]: Avg Loss: 0.3417 | Avg Accuracy: 89.84 | Model Sparsity: 0.4636
Recovery epoch [2/3]: Avg Loss: 0.2756 | Avg Accuracy: 91.68 | Model Sparsity: 0.4636
Recovery epoch [3/3]: Avg Loss: 0.2451 | Avg Accuracy: 91.93 | Model Sparsity: 0.4636
Epoch [2/5]: Avg Loss: 0.2432 | Avg Accuracy: 88.50 | Model Sparsity: 0.7448
Recovery epoch [1/3]: Avg Loss: 0.2018 | Avg Accuracy: 89.08 | Model Sparsity: 0.7448
Recovery epoch [2/3]: Avg Loss: 0.1922 | Avg Accuracy: 91.78 | Model Sparsity: 0.7448
Recovery epoch [3/3]: Avg Loss: 0.1711 | Avg Accuracy: 93.12 | Model Sparsity: 0.7448
Epoch [3/5]: Avg Loss: 0.2799 | Avg Accuracy: 91.64 | Model Sparsity: 0.8892
Recovery epoch [1/3]: Avg Loss: 0.2056 | Avg Accuracy: 92.82 | Model Sparsity: 0.8892
Recovery epoch [2/3]: Avg Loss: 0.1766 | Avg Accuracy: 92.51 | Model Sparsity: 0.8892
Recovery epoch [3/3]: Avg Loss: 0.1564 | Avg Accuracy: 92.74 | Model Sparsity: 0.8892
Epoch [4/5]: Avg Loss: 0.3304 | Avg Accuracy: 90.44 | Model Sparsity: 0.9424
Recovery epoch [1/3]: Avg Loss: 0.2147 | Avg Accuracy: 90.65 | Model Sparsity: 0.9424
Recovery epoch [2/3]: Avg Loss: 0.1877 | Avg Accuracy: 91.95 | Model Sparsity: 0.9424
Recovery epoch [3/3]: Avg Loss: 0.1773 | Avg Accuracy: 92.19 | Model Sparsity: 0.9424
Epoch [5/5]: Avg Loss: 0.1711 | Avg Accuracy: 92.03 | Model Sparsity: 0.95
Recovery epoch [1/3]: Avg Loss: 0.1615 | Avg Accuracy: 92.15 | Model Sparsity: 0.95
Recovery epoch [2/3]: Avg Loss: 0.1483 | Avg Accuracy: 92.28 | Model Sparsity: 0.95
Recovery epoch [3/3]: Avg Loss: 0.1454 | Avg Accuracy: 92.27 | Model Sparsity: 0.95
