Model : vit_tiny - Learning Type: cifar10/pruning/magnitude_pruning/0.95
Configuration:
model_type: cv
model_name: vit_tiny
model_task: cifar10
num_classes: 10
criterion: CrossEntropyLoss()
embedding_dim: 576
epochs: 5
pruning_epochs: 5
recovery_epochs: 10
batch_size: 128
learning_rate: 0.0005
learning_type: pruning
optimizer_type: adamw
prune: True
pruning_type: magnitude_pruning
target_sparsity: 0.95
sparsity_scheduler: cubic
enable_mixed_precision: True
device: cuda
save_path: /dbfs/research/vit_tiny/cifar10/vit_tiny_cifar10_magnitude_pruning_0.95_pruning.pt
finetuned_weights: /dbfs/research/vit_tiny/cifar10/vit_tiny_cifar10_baseline.pt

Epoch [1/5]: Avg Loss: 0.2232 | Avg Accuracy: 96.74 | Model Sparsity: 0.4636
Recovery epoch [1/10]: Avg Loss: 0.1029 | Avg Accuracy: 97.27 | Model Sparsity: 0.4636
Recovery epoch [2/10]: Avg Loss: 0.0711 | Avg Accuracy: 97.35 | Model Sparsity: 0.4636
Recovery epoch [3/10]: Avg Loss: 0.0611 | Avg Accuracy: 97.74 | Model Sparsity: 0.4636
Recovery epoch [4/10]: Avg Loss: 0.0487 | Avg Accuracy: 97.68 | Model Sparsity: 0.4636
Recovery epoch [5/10]: Avg Loss: 0.0423 | Avg Accuracy: 97.76 | Model Sparsity: 0.4636
Recovery epoch [6/10]: Avg Loss: 0.0418 | Avg Accuracy: 97.93 | Model Sparsity: 0.4636
Recovery epoch [7/10]: Avg Loss: 0.0347 | Avg Accuracy: 97.79 | Model Sparsity: 0.4636
Recovery epoch [8/10]: Avg Loss: 0.0356 | Avg Accuracy: 97.98 | Model Sparsity: 0.4636
Recovery epoch [9/10]: Avg Loss: 0.0299 | Avg Accuracy: 97.94 | Model Sparsity: 0.4636
Recovery epoch [10/10]: Avg Loss: 0.0300 | Avg Accuracy: 98.20 | Model Sparsity: 0.4636
Epoch [2/5]: Avg Loss: 0.1412 | Avg Accuracy: 96.98 | Model Sparsity: 0.7448
Recovery epoch [1/10]: Avg Loss: 0.0588 | Avg Accuracy: 97.35 | Model Sparsity: 0.7448
