Model : vit_small - Learning Type: cifar10/bacp_finetune/magnitude_pruning/0.97
Configuration:
model_type: cv
model_name: vit_small
model_task: cifar10
num_classes: 10
criterion: CrossEntropyLoss()
embedding_dim: 384
epochs: 50
pruning_epochs: 50
recovery_epochs: 10
batch_size: 256
learning_rate: 0.0001
learning_type: bacp_finetune
optimizer_type: adamw
prune: False
pruning_type: magnitude_pruning
target_sparsity: 0.97
sparsity_scheduler: linear
enable_mixed_precision: True
device: cuda
save_path: /dbfs/research/vit_small/cifar10/vit_small_cifar10_magnitude_pruning_0.97_bacp_finetune.pt
finetuned_weights: /dbfs/research/vit_small/cifar10/vit_small_cifar10_magnitude_pruning_0.97_bacp_pruning.pt

Epoch [1/50]: Avg Loss: 0.7127 | Avg Accuracy: 89.53 | Avg Perplexity: 0.000 |Model Sparsity: 0.97
Epoch [2/50]: Avg Loss: 0.3120 | Avg Accuracy: 90.02 | Avg Perplexity: 0.000 |Model Sparsity: 0.97
Epoch [3/50]: Avg Loss: 0.2772 | Avg Accuracy: 90.52 | Avg Perplexity: 0.000 |Model Sparsity: 0.97
Epoch [4/50]: Avg Loss: 0.2565 | Avg Accuracy: 91.11 | Avg Perplexity: 0.000 |Model Sparsity: 0.97
Epoch [5/50]: Avg Loss: 0.2478 | Avg Accuracy: 90.80 | Avg Perplexity: 0.000 |Model Sparsity: 0.97
Epoch [6/50]: Avg Loss: 0.2357 | Avg Accuracy: 91.08 | Avg Perplexity: 0.000 |Model Sparsity: 0.97
Epoch [7/50]: Avg Loss: 0.2267 | Avg Accuracy: 91.15 | Avg Perplexity: 0.000 |Model Sparsity: 0.97
Epoch [8/50]: Avg Loss: 0.2178 | Avg Accuracy: 91.08 | Avg Perplexity: 0.000 |Model Sparsity: 0.97
Epoch [9/50]: Avg Loss: 0.2094 | Avg Accuracy: 91.58 | Avg Perplexity: 0.000 |Model Sparsity: 0.97
Epoch [10/50]: Avg Loss: 0.2010 | Avg Accuracy: 91.41 | Avg Perplexity: 0.000 |Model Sparsity: 0.97
Epoch [11/50]: Avg Loss: 0.1966 | Avg Accuracy: 91.53 | Avg Perplexity: 0.000 |Model Sparsity: 0.97
Epoch [12/50]: Avg Loss: 0.1893 | Avg Accuracy: 91.51 | Avg Perplexity: 0.000 |Model Sparsity: 0.97
Epoch [13/50]: Avg Loss: 0.1833 | Avg Accuracy: 91.33 | Avg Perplexity: 0.000 |Model Sparsity: 0.97
Epoch [14/50]: Avg Loss: 0.1805 | Avg Accuracy: 91.97 | Avg Perplexity: 0.000 |Model Sparsity: 0.97
Epoch [15/50]: Avg Loss: 0.1755 | Avg Accuracy: 91.78 | Avg Perplexity: 0.000 |Model Sparsity: 0.97
Epoch [16/50]: Avg Loss: 0.1677 | Avg Accuracy: 91.93 | Avg Perplexity: 0.000 |Model Sparsity: 0.97
Epoch [17/50]: Avg Loss: 0.1660 | Avg Accuracy: 92.16 | Avg Perplexity: 0.000 |Model Sparsity: 0.97
Epoch [18/50]: Avg Loss: 0.1596 | Avg Accuracy: 91.65 | Avg Perplexity: 0.000 |Model Sparsity: 0.97
Epoch [19/50]: Avg Loss: 0.1549 | Avg Accuracy: 92.28 | Avg Perplexity: 0.000 |Model Sparsity: 0.97
Epoch [20/50]: Avg Loss: 0.1529 | Avg Accuracy: 91.70 | Avg Perplexity: 0.000 |Model Sparsity: 0.97
Epoch [21/50]: Avg Loss: 0.1479 | Avg Accuracy: 92.23 | Avg Perplexity: 0.000 |Model Sparsity: 0.97
Epoch [22/50]: Avg Loss: 0.1416 | Avg Accuracy: 92.24 | Avg Perplexity: 0.000 |Model Sparsity: 0.97
Epoch [23/50]: Avg Loss: 0.1386 | Avg Accuracy: 92.34 | Avg Perplexity: 0.000 |Model Sparsity: 0.97
Epoch [24/50]: Avg Loss: 0.1334 | Avg Accuracy: 92.40 | Avg Perplexity: 0.000 |Model Sparsity: 0.97
Epoch [25/50]: Avg Loss: 0.1314 | Avg Accuracy: 92.34 | Avg Perplexity: 0.000 |Model Sparsity: 0.97
Epoch [26/50]: Avg Loss: 0.1271 | Avg Accuracy: 92.40 | Avg Perplexity: 0.000 |Model Sparsity: 0.97
Epoch [27/50]: Avg Loss: 0.1232 | Avg Accuracy: 92.21 | Avg Perplexity: 0.000 |Model Sparsity: 0.97
Epoch [28/50]: Avg Loss: 0.1192 | Avg Accuracy: 92.39 | Avg Perplexity: 0.000 |Model Sparsity: 0.97
Epoch [29/50]: Avg Loss: 0.1138 | Avg Accuracy: 92.15 | Avg Perplexity: 0.000 |Model Sparsity: 0.97
Epoch [30/50]: Avg Loss: 0.1150 | Avg Accuracy: 92.15 | Avg Perplexity: 0.000 |Model Sparsity: 0.97
Epoch [31/50]: Avg Loss: 0.1050 | Avg Accuracy: 92.38 | Avg Perplexity: 0.000 |Model Sparsity: 0.97
Epoch [32/50]: Avg Loss: 0.1031 | Avg Accuracy: 92.47 | Avg Perplexity: 0.000 |Model Sparsity: 0.97
Epoch [33/50]: Avg Loss: 0.1027 | Avg Accuracy: 91.86 | Avg Perplexity: 0.000 |Model Sparsity: 0.97
Epoch [34/50]: Avg Loss: 0.0992 | Avg Accuracy: 92.13 | Avg Perplexity: 0.000 |Model Sparsity: 0.97
Epoch [35/50]: Avg Loss: 0.0951 | Avg Accuracy: 92.19 | Avg Perplexity: 0.000 |Model Sparsity: 0.97
Epoch [36/50]: Avg Loss: 0.0956 | Avg Accuracy: 92.43 | Avg Perplexity: 0.000 |Model Sparsity: 0.97
Epoch [37/50]: Avg Loss: 0.0878 | Avg Accuracy: 92.30 | Avg Perplexity: 0.000 |Model Sparsity: 0.97
Epoch [38/50]: Avg Loss: 0.0857 | Avg Accuracy: 92.11 | Avg Perplexity: 0.000 |Model Sparsity: 0.97
Epoch [39/50]: Avg Loss: 0.0822 | Avg Accuracy: 92.47 | Avg Perplexity: 0.000 |Model Sparsity: 0.97
Epoch [40/50]: Avg Loss: 0.0806 | Avg Accuracy: 92.44 | Avg Perplexity: 0.000 |Model Sparsity: 0.97
Epoch [41/50]: Avg Loss: 0.0766 | Avg Accuracy: 92.43 | Avg Perplexity: 0.000 |Model Sparsity: 0.97
Epoch [42/50]: Avg Loss: 0.0762 | Avg Accuracy: 92.36 | Avg Perplexity: 0.000 |Model Sparsity: 0.97
Epoch [43/50]: Avg Loss: 0.0700 | Avg Accuracy: 92.38 | Avg Perplexity: 0.000 |Model Sparsity: 0.97
Epoch [44/50]: Avg Loss: 0.0726 | Avg Accuracy: 92.52 | Avg Perplexity: 0.000 |Model Sparsity: 0.97
Epoch [45/50]: Avg Loss: 0.0670 | Avg Accuracy: 92.05 | Avg Perplexity: 0.000 |Model Sparsity: 0.97
Epoch [46/50]: Avg Loss: 0.0686 | Avg Accuracy: 92.42 | Avg Perplexity: 0.000 |Model Sparsity: 0.97
Epoch [47/50]: Avg Loss: 0.0623 | Avg Accuracy: 92.38 | Avg Perplexity: 0.000 |Model Sparsity: 0.97
Epoch [48/50]: Avg Loss: 0.0611 | Avg Accuracy: 92.25 | Avg Perplexity: 0.000 |Model Sparsity: 0.97
Epoch [49/50]: Avg Loss: 0.0605 | Avg Accuracy: 92.40 | Avg Perplexity: 0.000 |Model Sparsity: 0.97
Epoch [50/50]: Avg Loss: 0.0543 | Avg Accuracy: 92.11 | Avg Perplexity: 0.000 |Model Sparsity: 0.97
