Model : resnet101 - Learning Type: cifar10/baseline
Configuration:
model_type: cv
model_name: resnet101
model_task: cifar10
num_classes: 10
criterion: CrossEntropyLoss()
embedding_dim: 2048
epochs: 150
pruning_epochs: 150
recovery_epochs: 10
batch_size: 512
learning_rate: 0.01
learning_type: baseline
scheduler_type: linear_with_warmup
optimizer_type: sgd
total_steps: 12450
warmup_steps: 1245
prune: False
target_sparsity: 0.0
sparsity_scheduler: linear
enable_mixed_precision: True
device: cuda
save_path: /dbfs/research/resnet101/cifar10/resnet101_cifar10_baseline.pt

Epoch [1/150]: Avg Loss: 2.2696 | Avg Accuracy: 28.22 | Model Sparsity: 0.0
Epoch [2/150]: Avg Loss: 1.7846 | Avg Accuracy: 46.58 | Model Sparsity: 0.0
Epoch [3/150]: Avg Loss: 1.3355 | Avg Accuracy: 58.83 | Model Sparsity: 0.0
Epoch [4/150]: Avg Loss: 1.0345 | Avg Accuracy: 67.16 | Model Sparsity: 0.0
Epoch [5/150]: Avg Loss: 0.7909 | Avg Accuracy: 73.81 | Model Sparsity: 0.0
Epoch [6/150]: Avg Loss: 0.6144 | Avg Accuracy: 78.70 | Model Sparsity: 0.0
Epoch [7/150]: Avg Loss: 0.4872 | Avg Accuracy: 82.24 | Model Sparsity: 0.0
Epoch [8/150]: Avg Loss: 0.3963 | Avg Accuracy: 83.96 | Model Sparsity: 0.0
Epoch [9/150]: Avg Loss: 0.3369 | Avg Accuracy: 85.18 | Model Sparsity: 0.0
Epoch [10/150]: Avg Loss: 0.2748 | Avg Accuracy: 85.27 | Model Sparsity: 0.0
Epoch [11/150]: Avg Loss: 0.2385 | Avg Accuracy: 86.69 | Model Sparsity: 0.0
Epoch [12/150]: Avg Loss: 0.2054 | Avg Accuracy: 88.34 | Model Sparsity: 0.0
Epoch [13/150]: Avg Loss: 0.1783 | Avg Accuracy: 86.50 | Model Sparsity: 0.0
Epoch [14/150]: Avg Loss: 0.1593 | Avg Accuracy: 87.64 | Model Sparsity: 0.0
Epoch [15/150]: Avg Loss: 0.1456 | Avg Accuracy: 88.27 | Model Sparsity: 0.0
Epoch [16/150]: Avg Loss: 0.1289 | Avg Accuracy: 88.78 | Model Sparsity: 0.0
Epoch [17/150]: Avg Loss: 0.1097 | Avg Accuracy: 89.05 | Model Sparsity: 0.0
Epoch [18/150]: Avg Loss: 0.0922 | Avg Accuracy: 88.63 | Model Sparsity: 0.0
Epoch [19/150]: Avg Loss: 0.0791 | Avg Accuracy: 88.98 | Model Sparsity: 0.0
Epoch [20/150]: Avg Loss: 0.0752 | Avg Accuracy: 89.63 | Model Sparsity: 0.0
