Model : vgg11 - Learning Type: cifar10/bacp_LRS_adamw_0.005_finetune/magnitude_pruning/0.95
Configuration:
model_type: cv
model_name: vgg11
model_task: cifar10
num_classes: 10
criterion: CrossEntropyLoss()
embedding_dim: 4096
epochs: 10
pruning_epochs: 10
recovery_epochs: 10
batch_size: 512
learning_rate: 0.0001
learning_type: bacp_LRS_adamw_0.005_finetune
optimizer_type: adamw
prune: False
pruning_type: magnitude_pruning
target_sparsity: 0.95
sparsity_scheduler: linear
enable_mixed_precision: True
device: cuda
save_path: /dbfs/research/vgg11/cifar10/vgg11_cifar10_magnitude_pruning_0.95_bacp_LRS_adamw_0.005_finetune.pt
finetuned_weights: /dbfs/research/vgg11/cifar10/vgg11_cifar10_magnitude_pruning_0.95_bacp_LRS_adamw_0.005.pt

Epoch [1/10]: Avg Loss: 1.3539 | Avg Accuracy: 67.77 | Model Sparsity: 0.95
Epoch [2/10]: Avg Loss: 0.9556 | Avg Accuracy: 69.17 | Model Sparsity: 0.95
Epoch [3/10]: Avg Loss: 0.9143 | Avg Accuracy: 70.52 | Model Sparsity: 0.95
Epoch [4/10]: Avg Loss: 0.8895 | Avg Accuracy: 70.21 | Model Sparsity: 0.95
Epoch [5/10]: Avg Loss: 0.8744 | Avg Accuracy: 71.47 | Model Sparsity: 0.95
Epoch [6/10]: Avg Loss: 0.8562 | Avg Accuracy: 71.61 | Model Sparsity: 0.95
Epoch [7/10]: Avg Loss: 0.8411 | Avg Accuracy: 71.78 | Model Sparsity: 0.95
Epoch [8/10]: Avg Loss: 0.8343 | Avg Accuracy: 71.65 | Model Sparsity: 0.95
Epoch [9/10]: Avg Loss: 0.8224 | Avg Accuracy: 72.61 | Model Sparsity: 0.95
Epoch [10/10]: Avg Loss: 0.8140 | Avg Accuracy: 71.81 | Model Sparsity: 0.95
