Model : resnet50 - Learning Type: cifar10/bacp_finetune_ablation1/magnitude_pruning/0.99
Configuration:
model_type: cv
model_name: resnet50
model_task: cifar10
num_classes: 10
criterion: CrossEntropyLoss()
embedding_dim: 2048
epochs: 50
pruning_epochs: 50
recovery_epochs: 10
batch_size: 512
learning_rate: 0.0001
learning_type: bacp_finetune_ablation1
optimizer_type: adamw
prune: False
pruning_type: magnitude_pruning
target_sparsity: 0.99
sparsity_scheduler: linear
enable_mixed_precision: True
device: cuda
save_path: /dbfs/research/resnet50/cifar10/resnet50_cifar10_magnitude_pruning_0.99_bacp_finetune_ablation1.pt
finetuned_weights: /dbfs/research/resnet50/cifar10/resnet50_cifar10_magnitude_pruning_0.99_bacp_pruning_ablation1.pt

Epoch [1/50]: Avg Loss: 1.2664 | Avg Accuracy: 88.88 | Avg Perplexity: 0.000 |Model Sparsity: 0.99
Epoch [2/50]: Avg Loss: 0.4636 | Avg Accuracy: 90.40 | Avg Perplexity: 0.000 |Model Sparsity: 0.99
Epoch [3/50]: Avg Loss: 0.3347 | Avg Accuracy: 91.02 | Avg Perplexity: 0.000 |Model Sparsity: 0.99
Epoch [4/50]: Avg Loss: 0.2890 | Avg Accuracy: 91.49 | Avg Perplexity: 0.000 |Model Sparsity: 0.99
Epoch [5/50]: Avg Loss: 0.2673 | Avg Accuracy: 92.02 | Avg Perplexity: 0.000 |Model Sparsity: 0.99
Epoch [6/50]: Avg Loss: 0.2504 | Avg Accuracy: 92.10 | Avg Perplexity: 0.000 |Model Sparsity: 0.99
Epoch [7/50]: Avg Loss: 0.2400 | Avg Accuracy: 92.17 | Avg Perplexity: 0.000 |Model Sparsity: 0.99
Epoch [8/50]: Avg Loss: 0.2279 | Avg Accuracy: 92.31 | Avg Perplexity: 0.000 |Model Sparsity: 0.99
Epoch [9/50]: Avg Loss: 0.2237 | Avg Accuracy: 92.44 | Avg Perplexity: 0.000 |Model Sparsity: 0.99
Epoch [10/50]: Avg Loss: 0.2180 | Avg Accuracy: 92.86 | Avg Perplexity: 0.000 |Model Sparsity: 0.99
Epoch [11/50]: Avg Loss: 0.2059 | Avg Accuracy: 92.70 | Avg Perplexity: 0.000 |Model Sparsity: 0.99
Epoch [12/50]: Avg Loss: 0.2039 | Avg Accuracy: 92.80 | Avg Perplexity: 0.000 |Model Sparsity: 0.99
Epoch [13/50]: Avg Loss: 0.2005 | Avg Accuracy: 92.80 | Avg Perplexity: 0.000 |Model Sparsity: 0.99
Epoch [14/50]: Avg Loss: 0.1978 | Avg Accuracy: 92.82 | Avg Perplexity: 0.000 |Model Sparsity: 0.99
Epoch [15/50]: Avg Loss: 0.1940 | Avg Accuracy: 93.00 | Avg Perplexity: 0.000 |Model Sparsity: 0.99
Epoch [16/50]: Avg Loss: 0.1860 | Avg Accuracy: 92.59 | Avg Perplexity: 0.000 |Model Sparsity: 0.99
Epoch [17/50]: Avg Loss: 0.1823 | Avg Accuracy: 93.21 | Avg Perplexity: 0.000 |Model Sparsity: 0.99
Epoch [18/50]: Avg Loss: 0.1810 | Avg Accuracy: 93.04 | Avg Perplexity: 0.000 |Model Sparsity: 0.99
Epoch [19/50]: Avg Loss: 0.1769 | Avg Accuracy: 93.09 | Avg Perplexity: 0.000 |Model Sparsity: 0.99
Epoch [20/50]: Avg Loss: 0.1735 | Avg Accuracy: 92.98 | Avg Perplexity: 0.000 |Model Sparsity: 0.99
Epoch [21/50]: Avg Loss: 0.1682 | Avg Accuracy: 93.11 | Avg Perplexity: 0.000 |Model Sparsity: 0.99
Epoch [22/50]: Avg Loss: 0.1670 | Avg Accuracy: 92.97 | Avg Perplexity: 0.000 |Model Sparsity: 0.99
Epoch [23/50]: Avg Loss: 0.1621 | Avg Accuracy: 92.91 | Avg Perplexity: 0.000 |Model Sparsity: 0.99
Epoch [24/50]: Avg Loss: 0.1612 | Avg Accuracy: 93.33 | Avg Perplexity: 0.000 |Model Sparsity: 0.99
Epoch [25/50]: Avg Loss: 0.1607 | Avg Accuracy: 92.58 | Avg Perplexity: 0.000 |Model Sparsity: 0.99
Epoch [26/50]: Avg Loss: 0.1566 | Avg Accuracy: 93.16 | Avg Perplexity: 0.000 |Model Sparsity: 0.99
Epoch [27/50]: Avg Loss: 0.1524 | Avg Accuracy: 93.14 | Avg Perplexity: 0.000 |Model Sparsity: 0.99
Epoch [28/50]: Avg Loss: 0.1544 | Avg Accuracy: 93.05 | Avg Perplexity: 0.000 |Model Sparsity: 0.99
Epoch [29/50]: Avg Loss: 0.1483 | Avg Accuracy: 93.30 | Avg Perplexity: 0.000 |Model Sparsity: 0.99
Epoch [30/50]: Avg Loss: 0.1493 | Avg Accuracy: 92.90 | Avg Perplexity: 0.000 |Model Sparsity: 0.99
Epoch [31/50]: Avg Loss: 0.1458 | Avg Accuracy: 93.46 | Avg Perplexity: 0.000 |Model Sparsity: 0.99
Epoch [32/50]: Avg Loss: 0.1423 | Avg Accuracy: 93.01 | Avg Perplexity: 0.000 |Model Sparsity: 0.99
Epoch [33/50]: Avg Loss: 0.1420 | Avg Accuracy: 93.61 | Avg Perplexity: 0.000 |Model Sparsity: 0.99
Epoch [34/50]: Avg Loss: 0.1423 | Avg Accuracy: 93.02 | Avg Perplexity: 0.000 |Model Sparsity: 0.99
Epoch [35/50]: Avg Loss: 0.1349 | Avg Accuracy: 93.28 | Avg Perplexity: 0.000 |Model Sparsity: 0.99
Epoch [36/50]: Avg Loss: 0.1352 | Avg Accuracy: 93.54 | Avg Perplexity: 0.000 |Model Sparsity: 0.99
Epoch [37/50]: Avg Loss: 0.1340 | Avg Accuracy: 93.16 | Avg Perplexity: 0.000 |Model Sparsity: 0.99
Epoch [38/50]: Avg Loss: 0.1328 | Avg Accuracy: 93.51 | Avg Perplexity: 0.000 |Model Sparsity: 0.99
Epoch [39/50]: Avg Loss: 0.1287 | Avg Accuracy: 93.23 | Avg Perplexity: 0.000 |Model Sparsity: 0.99
Epoch [40/50]: Avg Loss: 0.1282 | Avg Accuracy: 93.60 | Avg Perplexity: 0.000 |Model Sparsity: 0.99
Epoch [41/50]: Avg Loss: 0.1255 | Avg Accuracy: 93.09 | Avg Perplexity: 0.000 |Model Sparsity: 0.99
Epoch [42/50]: Avg Loss: 0.1275 | Avg Accuracy: 93.39 | Avg Perplexity: 0.000 |Model Sparsity: 0.99
Epoch [43/50]: Avg Loss: 0.1238 | Avg Accuracy: 93.33 | Avg Perplexity: 0.000 |Model Sparsity: 0.99
Epoch [44/50]: Avg Loss: 0.1210 | Avg Accuracy: 93.19 | Avg Perplexity: 0.000 |Model Sparsity: 0.99
Epoch [45/50]: Avg Loss: 0.1217 | Avg Accuracy: 93.35 | Avg Perplexity: 0.000 |Model Sparsity: 0.99
Epoch [46/50]: Avg Loss: 0.1152 | Avg Accuracy: 93.76 | Avg Perplexity: 0.000 |Model Sparsity: 0.99
Epoch [47/50]: Avg Loss: 0.1154 | Avg Accuracy: 93.42 | Avg Perplexity: 0.000 |Model Sparsity: 0.99
Epoch [48/50]: Avg Loss: 0.1122 | Avg Accuracy: 93.69 | Avg Perplexity: 0.000 |Model Sparsity: 0.99
Epoch [49/50]: Avg Loss: 0.1146 | Avg Accuracy: 93.21 | Avg Perplexity: 0.000 |Model Sparsity: 0.99
Epoch [50/50]: Avg Loss: 0.1121 | Avg Accuracy: 93.14 | Avg Perplexity: 0.000 |Model Sparsity: 0.99
