Model : vitb16 - Learning Type: cifar10/bacp_finetune/magnitude_pruning/0.95
Configuration:
model_type: cv
model_name: vitb16
model_task: cifar10
num_classes: 10
criterion: CrossEntropyLoss()
embedding_dim: 768
epochs: 3
pruning_epochs: 3
recovery_epochs: 10
batch_size: 128
learning_rate: 1e-05
learning_type: bacp_finetune
optimizer_type: adamw
prune: False
pruning_type: magnitude_pruning
target_sparsity: 0.95
sparsity_scheduler: linear
enable_mixed_precision: True
device: cuda
save_path: /dbfs/research/vitb16/cifar10/vitb16_cifar10_magnitude_pruning_0.95_bacp_finetune.pt
finetuned_weights: /dbfs/research/vitb16/cifar10/vitb16_cifar10_magnitude_pruning_0.95_bacp_pruning.pt

Epoch [1/3]: Avg Loss: 1.4557 | Avg Accuracy: 93.08 | Model Sparsity: 0.95
Epoch [2/3]: Avg Loss: 0.5443 | Avg Accuracy: 96.05 | Model Sparsity: 0.95
Epoch [3/3]: Avg Loss: 0.2823 | Avg Accuracy: 97.17 | Model Sparsity: 0.95
